#! /c/Source/iverilog-install/bin/vvp
:ivl_version "12.0 (devel)" "(s20150603-1110-g18392a46)";
:ivl_delay_selection "TYPICAL";
:vpi_time_precision - 12;
:vpi_module "C:\iverilog\lib\ivl\system.vpi";
:vpi_module "C:\iverilog\lib\ivl\vhdl_sys.vpi";
:vpi_module "C:\iverilog\lib\ivl\vhdl_textio.vpi";
:vpi_module "C:\iverilog\lib\ivl\v2005_math.vpi";
:vpi_module "C:\iverilog\lib\ivl\va_math.vpi";
S_000002255e0c3ee0 .scope module, "SC_CPU_tb" "SC_CPU_tb" 2 2;
 .timescale -9 -12;
v000002255e147a40_0 .var "clk", 0 0;
v000002255e147e00_0 .var/i "i", 31 0;
v000002255e147ea0_0 .var "reset", 0 0;
S_000002255e0c4070 .scope module, "sc_cpu" "SC_CPU" 2 7, 3 2 0, S_000002255e0c3ee0;
 .timescale -9 -12;
    .port_info 0 /INPUT 1 "clk";
    .port_info 1 /INPUT 1 "reset";
L_000002255e102dd0 .functor BUFZ 32, v000002255e13da20_0, C4<00000000000000000000000000000000>, C4<00000000000000000000000000000000>, C4<00000000000000000000000000000000>;
L_000002255e103230 .functor BUFZ 32, L_000002255e147ae0, C4<00000000000000000000000000000000>, C4<00000000000000000000000000000000>, C4<00000000000000000000000000000000>;
L_000002255e1030e0 .functor BUFZ 32, L_000002255e531850, C4<00000000000000000000000000000000>, C4<00000000000000000000000000000000>, C4<00000000000000000000000000000000>;
L_000002255e103310 .functor BUFZ 32, L_000002255e14a3b0, C4<00000000000000000000000000000000>, C4<00000000000000000000000000000000>, C4<00000000000000000000000000000000>;
L_000002255e1034d0 .functor BUFZ 32, L_000002255e149690, C4<00000000000000000000000000000000>, C4<00000000000000000000000000000000>, C4<00000000000000000000000000000000>;
L_000002255e1037e0 .functor BUFZ 3, v000002255e109330_0, C4<000>, C4<000>, C4<000>;
L_000002255e532430 .functor BUFZ 6, L_000002255e14a4f0, C4<000000>, C4<000000>, C4<000000>;
L_000002255e532a50 .functor BUFZ 32, v000002255e109150_0, C4<00000000000000000000000000000000>, C4<00000000000000000000000000000000>, C4<00000000000000000000000000000000>;
L_000002255e532c10 .functor BUFZ 32, L_000002255e531030, C4<00000000000000000000000000000000>, C4<00000000000000000000000000000000>, C4<00000000000000000000000000000000>;
L_000002255e532b30 .functor BUFZ 1, v000002255e4d3d20_0, C4<0>, C4<0>, C4<0>;
L_000002255e532e40 .functor BUFZ 1, v000002255e4d3000_0, C4<0>, C4<0>, C4<0>;
L_000002255e532ba0 .functor BUFZ 32, v000002255e13da20_0, C4<00000000000000000000000000000000>, C4<00000000000000000000000000000000>, C4<00000000000000000000000000000000>;
L_000002255e5327b0 .functor BUFZ 1, v000002255e4d3a00_0, C4<0>, C4<0>, C4<0>;
L_000002255e532ac0 .functor BUFZ 5, L_000002255e149910, C4<00000>, C4<00000>, C4<00000>;
L_000002255e532200 .functor BUFZ 5, L_000002255e149370, C4<00000>, C4<00000>, C4<00000>;
L_000002255e5320b0 .functor BUFZ 1, v000002255e4d3f00_0, C4<0>, C4<0>, C4<0>;
L_000002255e532740 .functor BUFZ 32, L_000002255e149ff0, C4<00000000000000000000000000000000>, C4<00000000000000000000000000000000>, C4<00000000000000000000000000000000>;
L_000002255e532f20 .functor AND 1, v000002255e4d2e20_0, v000002255e1091f0_0, C4<1>, C4<1>;
L_000002255e532120 .functor BUFZ 32, L_000002255e147ae0, C4<00000000000000000000000000000000>, C4<00000000000000000000000000000000>, C4<00000000000000000000000000000000>;
L_000002255e5329e0 .functor BUFZ 32, L_000002255e1481c0, C4<00000000000000000000000000000000>, C4<00000000000000000000000000000000>, C4<00000000000000000000000000000000>;
L_000002255e532900 .functor BUFZ 1, v000002255e4d30a0_0, C4<0>, C4<0>, C4<0>;
L_000002255e532350 .functor BUFZ 32, L_000002255e531030, C4<00000000000000000000000000000000>, C4<00000000000000000000000000000000>, C4<00000000000000000000000000000000>;
L_000002255e5323c0 .functor BUFZ 32, L_000002255e530bd0, C4<00000000000000000000000000000000>, C4<00000000000000000000000000000000>, C4<00000000000000000000000000000000>;
L_000002255e532eb0 .functor BUFZ 1, v000002255e4d3960_0, C4<0>, C4<0>, C4<0>;
L_000002255e532820 .functor BUFZ 32, v000002255e109150_0, C4<00000000000000000000000000000000>, C4<00000000000000000000000000000000>, C4<00000000000000000000000000000000>;
L_000002255e532dd0 .functor BUFZ 32, v000002255e4d2920_0, C4<00000000000000000000000000000000>, C4<00000000000000000000000000000000>, C4<00000000000000000000000000000000>;
L_000002255e532890 .functor BUFZ 32, L_000002255e14a630, C4<00000000000000000000000000000000>, C4<00000000000000000000000000000000>, C4<00000000000000000000000000000000>;
L_000002255e5324a0 .functor BUFZ 1, v000002255e4d3e60_0, C4<0>, C4<0>, C4<0>;
L_000002255e532970 .functor BUFZ 32, L_000002255e14ab30, C4<00000000000000000000000000000000>, C4<00000000000000000000000000000000>, C4<00000000000000000000000000000000>;
L_000002255e532510 .functor BUFZ 5, L_000002255e149a50, C4<00000>, C4<00000>, C4<00000>;
L_000002255e532c80 .functor BUFZ 5, L_000002255e14a130, C4<00000>, C4<00000>, C4<00000>;
L_000002255e532580 .functor BUFZ 5, L_000002255e149910, C4<00000>, C4<00000>, C4<00000>;
L_000002255e5322e0 .functor BUFZ 26, L_000002255e149050, C4<00000000000000000000000000>, C4<00000000000000000000000000>, C4<00000000000000000000000000>;
L_000002255e5325f0 .functor BUFZ 32, L_000002255e530bd0, C4<00000000000000000000000000000000>, C4<00000000000000000000000000000000>, C4<00000000000000000000000000000000>;
L_000002255e532270 .functor BUFZ 16, L_000002255e1494b0, C4<0000000000000000>, C4<0000000000000000>, C4<0000000000000000>;
v000002255e145920_0 .net "ALUCU_funct", 5 0, L_000002255e532430;  1 drivers
v000002255e145b00_0 .net "ALUCtrl", 2 0, v000002255e109330_0;  1 drivers
v000002255e1452e0_0 .net "ALUOp", 1 0, v000002255e4d2ce0_0;  1 drivers
v000002255e145ce0_0 .net "ALUSrc", 0 0, v000002255e4d30a0_0;  1 drivers
v000002255e145d80_0 .net "ALU_a", 31 0, L_000002255e103310;  1 drivers
v000002255e145420_0 .net "ALU_b", 31 0, L_000002255e1034d0;  1 drivers
v000002255e145ec0_0 .net "ALU_c", 31 0, v000002255e109150_0;  1 drivers
v000002255e144980_0 .net "ALU_mod", 2 0, L_000002255e1037e0;  1 drivers
v000002255e144020_0 .net "ALU_o", 0 0, v000002255e1095b0_0;  1 drivers
v000002255e144a20_0 .net "ALU_z", 0 0, v000002255e1091f0_0;  1 drivers
L_000002255e4d4a00 .functor BUFT 1, C4<00000000000000000000000000000100>, C4<0>, C4<0>, C4<0>;
v000002255e1443e0_0 .net "Add1_a", 31 0, L_000002255e4d4a00;  1 drivers
v000002255e1442a0_0 .net "Add1_b", 31 0, L_000002255e102dd0;  1 drivers
v000002255e144480_0 .net "Add1_c", 31 0, L_000002255e147ae0;  1 drivers
v000002255e144520_0 .net "Add2_a", 31 0, L_000002255e103230;  1 drivers
v000002255e144c00_0 .net "Add2_b", 31 0, L_000002255e1030e0;  1 drivers
v000002255e144840_0 .net "Add2_c", 31 0, L_000002255e1481c0;  1 drivers
v000002255e1445c0_0 .net "Addr26", 25 0, L_000002255e149050;  1 drivers
v000002255e1447a0_0 .net "Branch", 0 0, v000002255e4d2e20_0;  1 drivers
v000002255e1451a0_0 .net "DM_Addr", 31 0, L_000002255e532a50;  1 drivers
v000002255e145380_0 .net "DM_R", 0 0, L_000002255e532b30;  1 drivers
v000002255e144ac0_0 .net "DM_R_data", 31 0, v000002255e4d2920_0;  1 drivers
v000002255e1454c0_0 .net "DM_W", 0 0, L_000002255e532e40;  1 drivers
v000002255e1448e0_0 .net "DM_W_data", 31 0, L_000002255e532c10;  1 drivers
v000002255e144ca0_0 .net "Func", 5 0, L_000002255e14a4f0;  1 drivers
v000002255e145560_0 .net "Imm16", 15 0, L_000002255e1494b0;  1 drivers
v000002255e1456a0_0 .net "Inst_Addr", 31 0, L_000002255e532ba0;  1 drivers
v000002255e145100_0 .net "Jump", 0 0, v000002255e4d3f00_0;  1 drivers
v000002255e144de0_0 .net "MUX32_1_c", 0 0, L_000002255e5320b0;  1 drivers
v000002255e145740_0 .net "MUX32_1_i0", 31 0, L_000002255e532740;  1 drivers
v000002255e144e80_0 .net "MUX32_1_i1", 31 0, L_000002255e531ad0;  1 drivers
v000002255e1457e0_0 .net "MUX32_1_out", 31 0, L_000002255e14a630;  1 drivers
v000002255e144fc0_0 .net "MUX32_2_c", 0 0, L_000002255e532f20;  1 drivers
v000002255e145060_0 .net "MUX32_2_i0", 31 0, L_000002255e532120;  1 drivers
v000002255e147360_0 .net "MUX32_2_i1", 31 0, L_000002255e5329e0;  1 drivers
v000002255e147f40_0 .net "MUX32_2_out", 31 0, L_000002255e149ff0;  1 drivers
v000002255e148260_0 .net "MUX32_3_c", 0 0, L_000002255e532900;  1 drivers
v000002255e148ee0_0 .net "MUX32_3_i0", 31 0, L_000002255e532350;  1 drivers
v000002255e148b20_0 .net "MUX32_3_i1", 31 0, L_000002255e5323c0;  1 drivers
v000002255e1479a0_0 .net "MUX32_3_out", 31 0, L_000002255e149690;  1 drivers
v000002255e147400_0 .net "MUX32_4_c", 0 0, L_000002255e532eb0;  1 drivers
v000002255e147c20_0 .net "MUX32_4_i0", 31 0, L_000002255e532820;  1 drivers
v000002255e1489e0_0 .net "MUX32_4_i1", 31 0, L_000002255e532dd0;  1 drivers
v000002255e148440_0 .net "MUX32_4_out", 31 0, L_000002255e14ab30;  1 drivers
v000002255e148580_0 .net "MUX5_1_c", 0 0, L_000002255e5327b0;  1 drivers
v000002255e148c60_0 .net "MUX5_1_i0", 4 0, L_000002255e532ac0;  1 drivers
v000002255e1484e0_0 .net "MUX5_1_i1", 4 0, L_000002255e532200;  1 drivers
v000002255e1470e0_0 .net "MUX5_1_out", 4 0, L_000002255e149a50;  1 drivers
v000002255e147fe0_0 .net "MemRd", 0 0, v000002255e4d3d20_0;  1 drivers
v000002255e147220_0 .net "MemWr", 0 0, v000002255e4d3000_0;  1 drivers
v000002255e148620_0 .net "MemtoReg", 0 0, v000002255e4d3960_0;  1 drivers
v000002255e148800_0 .net "OP_Code", 5 0, L_000002255e148300;  1 drivers
v000002255e1475e0_0 .net "PC_in", 31 0, L_000002255e532890;  1 drivers
v000002255e1472c0_0 .net "PC_out", 31 0, v000002255e13da20_0;  1 drivers
v000002255e1486c0_0 .net "RF_R_Reg1", 4 0, L_000002255e532c80;  1 drivers
v000002255e148080_0 .net "RF_R_Reg2", 4 0, L_000002255e532580;  1 drivers
v000002255e147cc0_0 .net "RF_R_data1", 31 0, L_000002255e14a3b0;  1 drivers
v000002255e147040_0 .net "RF_R_data2", 31 0, L_000002255e531030;  1 drivers
v000002255e1474a0_0 .net "RF_W", 0 0, L_000002255e5324a0;  1 drivers
v000002255e148d00_0 .net "RF_W_Reg", 4 0, L_000002255e532510;  1 drivers
v000002255e148760_0 .net "RF_W_data", 31 0, L_000002255e532970;  1 drivers
v000002255e147540_0 .net "Rd", 4 0, L_000002255e149370;  1 drivers
v000002255e1488a0_0 .net "RegDst", 0 0, v000002255e4d3a00_0;  1 drivers
v000002255e148a80_0 .net "RegWr", 0 0, v000002255e4d3e60_0;  1 drivers
v000002255e147b80_0 .net "Rs", 4 0, L_000002255e14a130;  1 drivers
v000002255e147180_0 .net "Rt", 4 0, L_000002255e149910;  1 drivers
v000002255e148940_0 .net "SHL26_in", 25 0, L_000002255e5322e0;  1 drivers
v000002255e147680_0 .net "SHL26_out", 27 0, L_000002255e531c10;  1 drivers
v000002255e147720_0 .net "SHL32_in", 31 0, L_000002255e5325f0;  1 drivers
v000002255e147d60_0 .net "SHL32_out", 31 0, L_000002255e531850;  1 drivers
v000002255e1483a0_0 .net "Shamt", 4 0, L_000002255e149410;  1 drivers
v000002255e1477c0_0 .net "Sig16", 15 0, L_000002255e532270;  1 drivers
v000002255e148120_0 .net "Sig32", 31 0, L_000002255e530bd0;  1 drivers
v000002255e148bc0_0 .net *"_ivl_37", 3 0, L_000002255e531a30;  1 drivers
v000002255e147900_0 .net *"_ivl_38", 3 0, L_000002255e5315d0;  1 drivers
v000002255e148e40_0 .net *"_ivl_40", 27 0, L_000002255e530c70;  1 drivers
v000002255e147860_0 .net "clk", 0 0, v000002255e147a40_0;  1 drivers
v000002255e148da0_0 .net "reset", 0 0, v000002255e147ea0_0;  1 drivers
L_000002255e531a30 .part L_000002255e147ae0, 28, 4;
L_000002255e5315d0 .concat [ 4 0 0 0], L_000002255e531a30;
L_000002255e530c70 .concat [ 28 0 0 0], L_000002255e531c10;
L_000002255e531ad0 .concat [ 28 4 0 0], L_000002255e530c70, L_000002255e5315d0;
S_000002255e0c4200 .scope module, "add1" "ADD32" 3 30, 4 2 0, S_000002255e0c4070;
 .timescale -9 -12;
    .port_info 0 /INPUT 32 "a";
    .port_info 1 /INPUT 32 "b";
    .port_info 2 /OUTPUT 32 "c";
v000002255e109ab0_0 .net "a", 31 0, L_000002255e4d4a00;  alias, 1 drivers
v000002255e109f10_0 .net "b", 31 0, L_000002255e102dd0;  alias, 1 drivers
v000002255e108610_0 .net "c", 31 0, L_000002255e147ae0;  alias, 1 drivers
L_000002255e147ae0 .arith/sum 32, L_000002255e4d4a00, L_000002255e102dd0;
S_000002255e0c3970 .scope module, "add2" "ADD32" 3 30, 4 2 0, S_000002255e0c4070;
 .timescale -9 -12;
    .port_info 0 /INPUT 32 "a";
    .port_info 1 /INPUT 32 "b";
    .port_info 2 /OUTPUT 32 "c";
v000002255e108bb0_0 .net "a", 31 0, L_000002255e103230;  alias, 1 drivers
v000002255e108750_0 .net "b", 31 0, L_000002255e1030e0;  alias, 1 drivers
v000002255e1087f0_0 .net "c", 31 0, L_000002255e1481c0;  alias, 1 drivers
L_000002255e1481c0 .arith/sum 32, L_000002255e103230, L_000002255e1030e0;
S_000002255e0c3b00 .scope module, "alu" "ALU" 3 31, 5 2 0, S_000002255e0c4070;
 .timescale -9 -12;
    .port_info 0 /INPUT 32 "a";
    .port_info 1 /INPUT 32 "b";
    .port_info 2 /OUTPUT 32 "out";
    .port_info 3 /INPUT 3 "mod";
    .port_info 4 /OUTPUT 1 "zero";
    .port_info 5 /OUTPUT 1 "overflow";
v000002255e108d90_0 .net "a", 31 0, L_000002255e103310;  alias, 1 drivers
v000002255e109290_0 .net "b", 31 0, L_000002255e1034d0;  alias, 1 drivers
v000002255e108e30_0 .net "mod", 2 0, L_000002255e1037e0;  alias, 1 drivers
v000002255e109150_0 .var "out", 31 0;
v000002255e1095b0_0 .var "overflow", 0 0;
v000002255e1091f0_0 .var "zero", 0 0;
E_000002255e116ff0 .event anyedge, v000002255e108e30_0, v000002255e108d90_0, v000002255e109290_0, v000002255e109150_0;
S_000002255e0c3c90 .scope module, "alucu" "ALUCU" 3 32, 6 2 0, S_000002255e0c4070;
 .timescale -9 -12;
    .port_info 0 /INPUT 2 "ALUOp";
    .port_info 1 /INPUT 6 "funct";
    .port_info 2 /OUTPUT 3 "ALUCtrl";
v000002255e109330_0 .var "ALUCtrl", 2 0;
v000002255e4d27e0_0 .net "ALUOp", 1 0, v000002255e4d2ce0_0;  alias, 1 drivers
v000002255e4d31e0_0 .net "funct", 5 0, L_000002255e532430;  alias, 1 drivers
E_000002255e117070 .event anyedge, v000002255e4d27e0_0, v000002255e4d31e0_0;
S_000002255e0c1fe0 .scope module, "dm" "DM" 3 33, 7 2 0, S_000002255e0c4070;
 .timescale -9 -12;
    .port_info 0 /INPUT 1 "R";
    .port_info 1 /INPUT 1 "W";
    .port_info 2 /INPUT 32 "Addr";
    .port_info 3 /INPUT 32 "W_data";
    .port_info 4 /OUTPUT 32 "R_data";
v000002255e4d3be0_0 .net "Addr", 31 0, L_000002255e532a50;  alias, 1 drivers
v000002255e4d2c40_0 .net "R", 0 0, L_000002255e532b30;  alias, 1 drivers
v000002255e4d2920_0 .var "R_data", 31 0;
v000002255e4d3500_0 .net "W", 0 0, L_000002255e532e40;  alias, 1 drivers
v000002255e4d2600_0 .net "W_data", 31 0, L_000002255e532c10;  alias, 1 drivers
v000002255e4d3c80_0 .var/i "fd1", 31 0;
v000002255e4d38c0_0 .var/i "i", 31 0;
v000002255e4d24c0 .array "mem", 31 0, 7 0;
v000002255e4d24c0_0 .array/port v000002255e4d24c0, 0;
v000002255e4d24c0_1 .array/port v000002255e4d24c0, 1;
E_000002255e1167b0/0 .event anyedge, v000002255e4d2c40_0, v000002255e4d3be0_0, v000002255e4d24c0_0, v000002255e4d24c0_1;
v000002255e4d24c0_2 .array/port v000002255e4d24c0, 2;
v000002255e4d24c0_3 .array/port v000002255e4d24c0, 3;
v000002255e4d24c0_4 .array/port v000002255e4d24c0, 4;
v000002255e4d24c0_5 .array/port v000002255e4d24c0, 5;
E_000002255e1167b0/1 .event anyedge, v000002255e4d24c0_2, v000002255e4d24c0_3, v000002255e4d24c0_4, v000002255e4d24c0_5;
v000002255e4d24c0_6 .array/port v000002255e4d24c0, 6;
v000002255e4d24c0_7 .array/port v000002255e4d24c0, 7;
v000002255e4d24c0_8 .array/port v000002255e4d24c0, 8;
v000002255e4d24c0_9 .array/port v000002255e4d24c0, 9;
E_000002255e1167b0/2 .event anyedge, v000002255e4d24c0_6, v000002255e4d24c0_7, v000002255e4d24c0_8, v000002255e4d24c0_9;
v000002255e4d24c0_10 .array/port v000002255e4d24c0, 10;
v000002255e4d24c0_11 .array/port v000002255e4d24c0, 11;
v000002255e4d24c0_12 .array/port v000002255e4d24c0, 12;
v000002255e4d24c0_13 .array/port v000002255e4d24c0, 13;
E_000002255e1167b0/3 .event anyedge, v000002255e4d24c0_10, v000002255e4d24c0_11, v000002255e4d24c0_12, v000002255e4d24c0_13;
v000002255e4d24c0_14 .array/port v000002255e4d24c0, 14;
v000002255e4d24c0_15 .array/port v000002255e4d24c0, 15;
v000002255e4d24c0_16 .array/port v000002255e4d24c0, 16;
v000002255e4d24c0_17 .array/port v000002255e4d24c0, 17;
E_000002255e1167b0/4 .event anyedge, v000002255e4d24c0_14, v000002255e4d24c0_15, v000002255e4d24c0_16, v000002255e4d24c0_17;
v000002255e4d24c0_18 .array/port v000002255e4d24c0, 18;
v000002255e4d24c0_19 .array/port v000002255e4d24c0, 19;
v000002255e4d24c0_20 .array/port v000002255e4d24c0, 20;
v000002255e4d24c0_21 .array/port v000002255e4d24c0, 21;
E_000002255e1167b0/5 .event anyedge, v000002255e4d24c0_18, v000002255e4d24c0_19, v000002255e4d24c0_20, v000002255e4d24c0_21;
v000002255e4d24c0_22 .array/port v000002255e4d24c0, 22;
v000002255e4d24c0_23 .array/port v000002255e4d24c0, 23;
v000002255e4d24c0_24 .array/port v000002255e4d24c0, 24;
v000002255e4d24c0_25 .array/port v000002255e4d24c0, 25;
E_000002255e1167b0/6 .event anyedge, v000002255e4d24c0_22, v000002255e4d24c0_23, v000002255e4d24c0_24, v000002255e4d24c0_25;
v000002255e4d24c0_26 .array/port v000002255e4d24c0, 26;
v000002255e4d24c0_27 .array/port v000002255e4d24c0, 27;
v000002255e4d24c0_28 .array/port v000002255e4d24c0, 28;
v000002255e4d24c0_29 .array/port v000002255e4d24c0, 29;
E_000002255e1167b0/7 .event anyedge, v000002255e4d24c0_26, v000002255e4d24c0_27, v000002255e4d24c0_28, v000002255e4d24c0_29;
v000002255e4d24c0_30 .array/port v000002255e4d24c0, 30;
v000002255e4d24c0_31 .array/port v000002255e4d24c0, 31;
E_000002255e1167b0/8 .event anyedge, v000002255e4d24c0_30, v000002255e4d24c0_31, v000002255e4d3500_0, v000002255e4d2600_0;
E_000002255e1167b0/9 .event anyedge, v000002255e4d3c80_0;
E_000002255e1167b0 .event/or E_000002255e1167b0/0, E_000002255e1167b0/1, E_000002255e1167b0/2, E_000002255e1167b0/3, E_000002255e1167b0/4, E_000002255e1167b0/5, E_000002255e1167b0/6, E_000002255e1167b0/7, E_000002255e1167b0/8, E_000002255e1167b0/9;
S_000002255e0c2280 .scope module, "im" "IM" 3 34, 8 2 0, S_000002255e0c4070;
 .timescale -9 -12;
    .port_info 0 /INPUT 32 "Addr";
    .port_info 1 /OUTPUT 6 "OP_Code";
    .port_info 2 /OUTPUT 5 "Rs";
    .port_info 3 /OUTPUT 5 "Rt";
    .port_info 4 /OUTPUT 5 "Rd";
    .port_info 5 /OUTPUT 5 "Shamt";
    .port_info 6 /OUTPUT 6 "Func";
    .port_info 7 /OUTPUT 16 "Imm16";
    .port_info 8 /OUTPUT 26 "Addr26";
v000002255e4d3dc0_0 .net "Addr", 31 0, L_000002255e532ba0;  alias, 1 drivers
v000002255e4d2ec0_0 .net "Addr26", 25 0, L_000002255e149050;  alias, 1 drivers
v000002255e4d35a0_0 .net "Func", 5 0, L_000002255e14a4f0;  alias, 1 drivers
v000002255e4d3640_0 .net "Imm16", 15 0, L_000002255e1494b0;  alias, 1 drivers
v000002255e4d36e0_0 .var "Inst", 31 0;
v000002255e4d2f60_0 .net "OP_Code", 5 0, L_000002255e148300;  alias, 1 drivers
v000002255e4d3780_0 .net "Rd", 4 0, L_000002255e149370;  alias, 1 drivers
v000002255e4d3820_0 .net "Rs", 4 0, L_000002255e14a130;  alias, 1 drivers
v000002255e4d26a0_0 .net "Rt", 4 0, L_000002255e149910;  alias, 1 drivers
v000002255e4d2d80_0 .net "Shamt", 4 0, L_000002255e149410;  alias, 1 drivers
v000002255e4d3320 .array "mem", 63 0, 7 0;
v000002255e4d3320_0 .array/port v000002255e4d3320, 0;
v000002255e4d3320_1 .array/port v000002255e4d3320, 1;
v000002255e4d3320_2 .array/port v000002255e4d3320, 2;
E_000002255e116270/0 .event anyedge, v000002255e4d3dc0_0, v000002255e4d3320_0, v000002255e4d3320_1, v000002255e4d3320_2;
v000002255e4d3320_3 .array/port v000002255e4d3320, 3;
v000002255e4d3320_4 .array/port v000002255e4d3320, 4;
v000002255e4d3320_5 .array/port v000002255e4d3320, 5;
v000002255e4d3320_6 .array/port v000002255e4d3320, 6;
E_000002255e116270/1 .event anyedge, v000002255e4d3320_3, v000002255e4d3320_4, v000002255e4d3320_5, v000002255e4d3320_6;
v000002255e4d3320_7 .array/port v000002255e4d3320, 7;
v000002255e4d3320_8 .array/port v000002255e4d3320, 8;
v000002255e4d3320_9 .array/port v000002255e4d3320, 9;
v000002255e4d3320_10 .array/port v000002255e4d3320, 10;
E_000002255e116270/2 .event anyedge, v000002255e4d3320_7, v000002255e4d3320_8, v000002255e4d3320_9, v000002255e4d3320_10;
v000002255e4d3320_11 .array/port v000002255e4d3320, 11;
v000002255e4d3320_12 .array/port v000002255e4d3320, 12;
v000002255e4d3320_13 .array/port v000002255e4d3320, 13;
v000002255e4d3320_14 .array/port v000002255e4d3320, 14;
E_000002255e116270/3 .event anyedge, v000002255e4d3320_11, v000002255e4d3320_12, v000002255e4d3320_13, v000002255e4d3320_14;
v000002255e4d3320_15 .array/port v000002255e4d3320, 15;
v000002255e4d3320_16 .array/port v000002255e4d3320, 16;
v000002255e4d3320_17 .array/port v000002255e4d3320, 17;
v000002255e4d3320_18 .array/port v000002255e4d3320, 18;
E_000002255e116270/4 .event anyedge, v000002255e4d3320_15, v000002255e4d3320_16, v000002255e4d3320_17, v000002255e4d3320_18;
v000002255e4d3320_19 .array/port v000002255e4d3320, 19;
v000002255e4d3320_20 .array/port v000002255e4d3320, 20;
v000002255e4d3320_21 .array/port v000002255e4d3320, 21;
v000002255e4d3320_22 .array/port v000002255e4d3320, 22;
E_000002255e116270/5 .event anyedge, v000002255e4d3320_19, v000002255e4d3320_20, v000002255e4d3320_21, v000002255e4d3320_22;
v000002255e4d3320_23 .array/port v000002255e4d3320, 23;
v000002255e4d3320_24 .array/port v000002255e4d3320, 24;
v000002255e4d3320_25 .array/port v000002255e4d3320, 25;
v000002255e4d3320_26 .array/port v000002255e4d3320, 26;
E_000002255e116270/6 .event anyedge, v000002255e4d3320_23, v000002255e4d3320_24, v000002255e4d3320_25, v000002255e4d3320_26;
v000002255e4d3320_27 .array/port v000002255e4d3320, 27;
v000002255e4d3320_28 .array/port v000002255e4d3320, 28;
v000002255e4d3320_29 .array/port v000002255e4d3320, 29;
v000002255e4d3320_30 .array/port v000002255e4d3320, 30;
E_000002255e116270/7 .event anyedge, v000002255e4d3320_27, v000002255e4d3320_28, v000002255e4d3320_29, v000002255e4d3320_30;
v000002255e4d3320_31 .array/port v000002255e4d3320, 31;
v000002255e4d3320_32 .array/port v000002255e4d3320, 32;
v000002255e4d3320_33 .array/port v000002255e4d3320, 33;
v000002255e4d3320_34 .array/port v000002255e4d3320, 34;
E_000002255e116270/8 .event anyedge, v000002255e4d3320_31, v000002255e4d3320_32, v000002255e4d3320_33, v000002255e4d3320_34;
v000002255e4d3320_35 .array/port v000002255e4d3320, 35;
v000002255e4d3320_36 .array/port v000002255e4d3320, 36;
v000002255e4d3320_37 .array/port v000002255e4d3320, 37;
v000002255e4d3320_38 .array/port v000002255e4d3320, 38;
E_000002255e116270/9 .event anyedge, v000002255e4d3320_35, v000002255e4d3320_36, v000002255e4d3320_37, v000002255e4d3320_38;
v000002255e4d3320_39 .array/port v000002255e4d3320, 39;
v000002255e4d3320_40 .array/port v000002255e4d3320, 40;
v000002255e4d3320_41 .array/port v000002255e4d3320, 41;
v000002255e4d3320_42 .array/port v000002255e4d3320, 42;
E_000002255e116270/10 .event anyedge, v000002255e4d3320_39, v000002255e4d3320_40, v000002255e4d3320_41, v000002255e4d3320_42;
v000002255e4d3320_43 .array/port v000002255e4d3320, 43;
v000002255e4d3320_44 .array/port v000002255e4d3320, 44;
v000002255e4d3320_45 .array/port v000002255e4d3320, 45;
v000002255e4d3320_46 .array/port v000002255e4d3320, 46;
E_000002255e116270/11 .event anyedge, v000002255e4d3320_43, v000002255e4d3320_44, v000002255e4d3320_45, v000002255e4d3320_46;
v000002255e4d3320_47 .array/port v000002255e4d3320, 47;
v000002255e4d3320_48 .array/port v000002255e4d3320, 48;
v000002255e4d3320_49 .array/port v000002255e4d3320, 49;
v000002255e4d3320_50 .array/port v000002255e4d3320, 50;
E_000002255e116270/12 .event anyedge, v000002255e4d3320_47, v000002255e4d3320_48, v000002255e4d3320_49, v000002255e4d3320_50;
v000002255e4d3320_51 .array/port v000002255e4d3320, 51;
v000002255e4d3320_52 .array/port v000002255e4d3320, 52;
v000002255e4d3320_53 .array/port v000002255e4d3320, 53;
v000002255e4d3320_54 .array/port v000002255e4d3320, 54;
E_000002255e116270/13 .event anyedge, v000002255e4d3320_51, v000002255e4d3320_52, v000002255e4d3320_53, v000002255e4d3320_54;
v000002255e4d3320_55 .array/port v000002255e4d3320, 55;
v000002255e4d3320_56 .array/port v000002255e4d3320, 56;
v000002255e4d3320_57 .array/port v000002255e4d3320, 57;
v000002255e4d3320_58 .array/port v000002255e4d3320, 58;
E_000002255e116270/14 .event anyedge, v000002255e4d3320_55, v000002255e4d3320_56, v000002255e4d3320_57, v000002255e4d3320_58;
v000002255e4d3320_59 .array/port v000002255e4d3320, 59;
v000002255e4d3320_60 .array/port v000002255e4d3320, 60;
v000002255e4d3320_61 .array/port v000002255e4d3320, 61;
v000002255e4d3320_62 .array/port v000002255e4d3320, 62;
E_000002255e116270/15 .event anyedge, v000002255e4d3320_59, v000002255e4d3320_60, v000002255e4d3320_61, v000002255e4d3320_62;
v000002255e4d3320_63 .array/port v000002255e4d3320, 63;
E_000002255e116270/16 .event anyedge, v000002255e4d3320_63;
E_000002255e116270 .event/or E_000002255e116270/0, E_000002255e116270/1, E_000002255e116270/2, E_000002255e116270/3, E_000002255e116270/4, E_000002255e116270/5, E_000002255e116270/6, E_000002255e116270/7, E_000002255e116270/8, E_000002255e116270/9, E_000002255e116270/10, E_000002255e116270/11, E_000002255e116270/12, E_000002255e116270/13, E_000002255e116270/14, E_000002255e116270/15, E_000002255e116270/16;
L_000002255e148300 .part v000002255e4d36e0_0, 26, 6;
L_000002255e14a130 .part v000002255e4d36e0_0, 21, 5;
L_000002255e149910 .part v000002255e4d36e0_0, 16, 5;
L_000002255e149370 .part v000002255e4d36e0_0, 11, 5;
L_000002255e149410 .part v000002255e4d36e0_0, 6, 5;
L_000002255e14a4f0 .part v000002255e4d36e0_0, 0, 6;
L_000002255e1494b0 .part v000002255e4d36e0_0, 0, 16;
L_000002255e149050 .part v000002255e4d36e0_0, 0, 26;
S_000002255e0c6460 .scope module, "mcu" "MCU" 3 35, 9 2 0, S_000002255e0c4070;
 .timescale -9 -12;
    .port_info 0 /INPUT 6 "OP_Code";
    .port_info 1 /OUTPUT 2 "ALUOp";
    .port_info 2 /OUTPUT 1 "ALUSrc";
    .port_info 3 /OUTPUT 1 "RegDst";
    .port_info 4 /OUTPUT 1 "RegWr";
    .port_info 5 /OUTPUT 1 "MemtoReg";
    .port_info 6 /OUTPUT 1 "MemRd";
    .port_info 7 /OUTPUT 1 "MemWr";
    .port_info 8 /OUTPUT 1 "Jump";
    .port_info 9 /OUTPUT 1 "Branch";
v000002255e4d2ce0_0 .var "ALUOp", 1 0;
v000002255e4d30a0_0 .var "ALUSrc", 0 0;
v000002255e4d2e20_0 .var "Branch", 0 0;
v000002255e4d3f00_0 .var "Jump", 0 0;
v000002255e4d3d20_0 .var "MemRd", 0 0;
v000002255e4d3000_0 .var "MemWr", 0 0;
v000002255e4d3960_0 .var "MemtoReg", 0 0;
v000002255e4d3280_0 .net "OP_Code", 5 0, L_000002255e148300;  alias, 1 drivers
v000002255e4d3a00_0 .var "RegDst", 0 0;
v000002255e4d3e60_0 .var "RegWr", 0 0;
E_000002255e116ef0 .event anyedge, v000002255e4d2f60_0;
S_000002255e0c65f0 .scope module, "mux32_1" "MUX32" 3 37, 10 2 0, S_000002255e0c4070;
 .timescale -9 -12;
    .port_info 0 /INPUT 1 "Ctrl";
    .port_info 1 /INPUT 32 "i0";
    .port_info 2 /INPUT 32 "i1";
    .port_info 3 /OUTPUT 32 "out";
v000002255e4d33c0_0 .net "Ctrl", 0 0, L_000002255e5320b0;  alias, 1 drivers
v000002255e4d3aa0_0 .net *"_ivl_0", 31 0, L_000002255e1497d0;  1 drivers
L_000002255e4d40b8 .functor BUFT 1, C4<0000000000000000000000000000000>, C4<0>, C4<0>, C4<0>;
v000002255e4d3b40_0 .net *"_ivl_3", 30 0, L_000002255e4d40b8;  1 drivers
L_000002255e4d4100 .functor BUFT 1, C4<00000000000000000000000000000000>, C4<0>, C4<0>, C4<0>;
v000002255e4d2100_0 .net/2u *"_ivl_4", 31 0, L_000002255e4d4100;  1 drivers
v000002255e4d2060_0 .net *"_ivl_6", 0 0, L_000002255e14ad10;  1 drivers
v000002255e4d21a0_0 .net "i0", 31 0, L_000002255e532740;  alias, 1 drivers
v000002255e4d2740_0 .net "i1", 31 0, L_000002255e531ad0;  alias, 1 drivers
v000002255e4d2240_0 .net "out", 31 0, L_000002255e14a630;  alias, 1 drivers
L_000002255e1497d0 .concat [ 1 31 0 0], L_000002255e5320b0, L_000002255e4d40b8;
L_000002255e14ad10 .cmp/eq 32, L_000002255e1497d0, L_000002255e4d4100;
L_000002255e14a630 .functor MUXZ 32, L_000002255e531ad0, L_000002255e532740, L_000002255e14ad10, C4<>;
S_000002255e0c6780 .scope module, "mux32_2" "MUX32" 3 38, 10 2 0, S_000002255e0c4070;
 .timescale -9 -12;
    .port_info 0 /INPUT 1 "Ctrl";
    .port_info 1 /INPUT 32 "i0";
    .port_info 2 /INPUT 32 "i1";
    .port_info 3 /OUTPUT 32 "out";
v000002255e4d2880_0 .net "Ctrl", 0 0, L_000002255e532f20;  alias, 1 drivers
v000002255e4d22e0_0 .net *"_ivl_0", 31 0, L_000002255e14a770;  1 drivers
L_000002255e4d4148 .functor BUFT 1, C4<0000000000000000000000000000000>, C4<0>, C4<0>, C4<0>;
v000002255e4d2420_0 .net *"_ivl_3", 30 0, L_000002255e4d4148;  1 drivers
L_000002255e4d4190 .functor BUFT 1, C4<00000000000000000000000000000000>, C4<0>, C4<0>, C4<0>;
v000002255e4d3140_0 .net/2u *"_ivl_4", 31 0, L_000002255e4d4190;  1 drivers
v000002255e4d2560_0 .net *"_ivl_6", 0 0, L_000002255e149550;  1 drivers
v000002255e4d29c0_0 .net "i0", 31 0, L_000002255e532120;  alias, 1 drivers
v000002255e4d2a60_0 .net "i1", 31 0, L_000002255e5329e0;  alias, 1 drivers
v000002255e4d2b00_0 .net "out", 31 0, L_000002255e149ff0;  alias, 1 drivers
L_000002255e14a770 .concat [ 1 31 0 0], L_000002255e532f20, L_000002255e4d4148;
L_000002255e149550 .cmp/eq 32, L_000002255e14a770, L_000002255e4d4190;
L_000002255e149ff0 .functor MUXZ 32, L_000002255e5329e0, L_000002255e532120, L_000002255e149550, C4<>;
S_000002255e0bac60 .scope module, "mux32_3" "MUX32" 3 39, 10 2 0, S_000002255e0c4070;
 .timescale -9 -12;
    .port_info 0 /INPUT 1 "Ctrl";
    .port_info 1 /INPUT 32 "i0";
    .port_info 2 /INPUT 32 "i1";
    .port_info 3 /OUTPUT 32 "out";
v000002255e4d2ba0_0 .net "Ctrl", 0 0, L_000002255e532900;  alias, 1 drivers
v000002255e4d3460_0 .net *"_ivl_0", 31 0, L_000002255e1490f0;  1 drivers
L_000002255e4d41d8 .functor BUFT 1, C4<0000000000000000000000000000000>, C4<0>, C4<0>, C4<0>;
v000002255e13ce40_0 .net *"_ivl_3", 30 0, L_000002255e4d41d8;  1 drivers
L_000002255e4d4220 .functor BUFT 1, C4<00000000000000000000000000000000>, C4<0>, C4<0>, C4<0>;
v000002255e13cf80_0 .net/2u *"_ivl_4", 31 0, L_000002255e4d4220;  1 drivers
v000002255e13e2e0_0 .net *"_ivl_6", 0 0, L_000002255e14a6d0;  1 drivers
v000002255e13e9c0_0 .net "i0", 31 0, L_000002255e532350;  alias, 1 drivers
v000002255e13d840_0 .net "i1", 31 0, L_000002255e5323c0;  alias, 1 drivers
v000002255e13ece0_0 .net "out", 31 0, L_000002255e149690;  alias, 1 drivers
L_000002255e1490f0 .concat [ 1 31 0 0], L_000002255e532900, L_000002255e4d41d8;
L_000002255e14a6d0 .cmp/eq 32, L_000002255e1490f0, L_000002255e4d4220;
L_000002255e149690 .functor MUXZ 32, L_000002255e5323c0, L_000002255e532350, L_000002255e14a6d0, C4<>;
S_000002255e0badf0 .scope module, "mux32_4" "MUX32" 3 40, 10 2 0, S_000002255e0c4070;
 .timescale -9 -12;
    .port_info 0 /INPUT 1 "Ctrl";
    .port_info 1 /INPUT 32 "i0";
    .port_info 2 /INPUT 32 "i1";
    .port_info 3 /OUTPUT 32 "out";
v000002255e13d8e0_0 .net "Ctrl", 0 0, L_000002255e532eb0;  alias, 1 drivers
v000002255e13cee0_0 .net *"_ivl_0", 31 0, L_000002255e149870;  1 drivers
L_000002255e4d4268 .functor BUFT 1, C4<0000000000000000000000000000000>, C4<0>, C4<0>, C4<0>;
v000002255e13dac0_0 .net *"_ivl_3", 30 0, L_000002255e4d4268;  1 drivers
L_000002255e4d42b0 .functor BUFT 1, C4<00000000000000000000000000000000>, C4<0>, C4<0>, C4<0>;
v000002255e13ea60_0 .net/2u *"_ivl_4", 31 0, L_000002255e4d42b0;  1 drivers
v000002255e13d020_0 .net *"_ivl_6", 0 0, L_000002255e14ac70;  1 drivers
v000002255e13d0c0_0 .net "i0", 31 0, L_000002255e532820;  alias, 1 drivers
v000002255e13e600_0 .net "i1", 31 0, L_000002255e532dd0;  alias, 1 drivers
v000002255e13e1a0_0 .net "out", 31 0, L_000002255e14ab30;  alias, 1 drivers
L_000002255e149870 .concat [ 1 31 0 0], L_000002255e532eb0, L_000002255e4d4268;
L_000002255e14ac70 .cmp/eq 32, L_000002255e149870, L_000002255e4d42b0;
L_000002255e14ab30 .functor MUXZ 32, L_000002255e532dd0, L_000002255e532820, L_000002255e14ac70, C4<>;
S_000002255e0baf80 .scope module, "mux5" "MUX5" 3 36, 11 2 0, S_000002255e0c4070;
 .timescale -9 -12;
    .port_info 0 /INPUT 1 "Ctrl";
    .port_info 1 /INPUT 5 "i0";
    .port_info 2 /INPUT 5 "i1";
    .port_info 3 /OUTPUT 5 "out";
v000002255e13e560_0 .net "Ctrl", 0 0, L_000002255e5327b0;  alias, 1 drivers
v000002255e13e380_0 .net *"_ivl_0", 31 0, L_000002255e149f50;  1 drivers
L_000002255e4d4028 .functor BUFT 1, C4<0000000000000000000000000000000>, C4<0>, C4<0>, C4<0>;
v000002255e13d160_0 .net *"_ivl_3", 30 0, L_000002255e4d4028;  1 drivers
L_000002255e4d4070 .functor BUFT 1, C4<00000000000000000000000000000000>, C4<0>, C4<0>, C4<0>;
v000002255e13e6a0_0 .net/2u *"_ivl_4", 31 0, L_000002255e4d4070;  1 drivers
v000002255e13d5c0_0 .net *"_ivl_6", 0 0, L_000002255e149cd0;  1 drivers
v000002255e13d200_0 .net "i0", 4 0, L_000002255e532ac0;  alias, 1 drivers
v000002255e13eb00_0 .net "i1", 4 0, L_000002255e532200;  alias, 1 drivers
v000002255e13d2a0_0 .net "out", 4 0, L_000002255e149a50;  alias, 1 drivers
L_000002255e149f50 .concat [ 1 31 0 0], L_000002255e5327b0, L_000002255e4d4028;
L_000002255e149cd0 .cmp/eq 32, L_000002255e149f50, L_000002255e4d4070;
L_000002255e149a50 .functor MUXZ 5, L_000002255e532200, L_000002255e532ac0, L_000002255e149cd0, C4<>;
S_000002255e140e10 .scope module, "pc" "PC" 3 41, 12 2 0, S_000002255e0c4070;
 .timescale -9 -12;
    .port_info 0 /INPUT 1 "clk";
    .port_info 1 /INPUT 1 "reset";
    .port_info 2 /INPUT 32 "addrin";
    .port_info 3 /OUTPUT 32 "addrout";
v000002255e13d340_0 .net "addrin", 31 0, L_000002255e532890;  alias, 1 drivers
v000002255e13da20_0 .var "addrout", 31 0;
v000002255e13eba0_0 .net "clk", 0 0, v000002255e147a40_0;  alias, 1 drivers
v000002255e13ec40_0 .net "reset", 0 0, v000002255e147ea0_0;  alias, 1 drivers
E_000002255e1162b0 .event posedge, v000002255e13eba0_0;
S_000002255e0b82f0 .scope module, "rf" "RF" 3 42, 13 2 0, S_000002255e0c4070;
 .timescale -9 -12;
    .port_info 0 /INPUT 1 "clk";
    .port_info 1 /INPUT 1 "W";
    .port_info 2 /INPUT 5 "R_Reg1";
    .port_info 3 /INPUT 5 "R_Reg2";
    .port_info 4 /INPUT 5 "W_Reg";
    .port_info 5 /INPUT 32 "W_data";
    .port_info 6 /OUTPUT 32 "R_data1";
    .port_info 7 /OUTPUT 32 "R_data2";
v000002255e13d3e0_0 .net "R_Reg1", 4 0, L_000002255e532c80;  alias, 1 drivers
v000002255e13e740_0 .net "R_Reg2", 4 0, L_000002255e532580;  alias, 1 drivers
v000002255e13e060_0 .net "R_data1", 31 0, L_000002255e14a3b0;  alias, 1 drivers
v000002255e13d520_0 .net "R_data2", 31 0, L_000002255e531030;  alias, 1 drivers
v000002255e13d660_0 .net "W", 0 0, L_000002255e5324a0;  alias, 1 drivers
v000002255e13d480_0 .net "W_Reg", 4 0, L_000002255e532510;  alias, 1 drivers
v000002255e13e7e0_0 .net "W_data", 31 0, L_000002255e532970;  alias, 1 drivers
v000002255e13db60_0 .net *"_ivl_0", 7 0, L_000002255e1495f0;  1 drivers
v000002255e13e100_0 .net *"_ivl_100", 7 0, L_000002255e531d50;  1 drivers
v000002255e13e240_0 .net *"_ivl_102", 7 0, L_000002255e5309f0;  1 drivers
v000002255e13dc00_0 .net *"_ivl_104", 32 0, L_000002255e5312b0;  1 drivers
L_000002255e4d4778 .functor BUFT 1, C4<0000000000000000000000000000>, C4<0>, C4<0>, C4<0>;
v000002255e13dca0_0 .net *"_ivl_107", 27 0, L_000002255e4d4778;  1 drivers
v000002255e13d700_0 .net *"_ivl_108", 32 0, L_000002255e530db0;  1 drivers
L_000002255e4d4340 .functor BUFT 1, C4<00>, C4<0>, C4<0>, C4<0>;
v000002255e13d980_0 .net *"_ivl_11", 1 0, L_000002255e4d4340;  1 drivers
v000002255e13d7a0_0 .net *"_ivl_110", 30 0, L_000002255e530ef0;  1 drivers
L_000002255e4d47c0 .functor BUFT 1, C4<00>, C4<0>, C4<0>, C4<0>;
v000002255e13dd40_0 .net *"_ivl_112", 1 0, L_000002255e4d47c0;  1 drivers
L_000002255e4d4808 .functor BUFT 1, C4<000000000000000000000000000000010>, C4<0>, C4<0>, C4<0>;
v000002255e13e880_0 .net/2u *"_ivl_114", 32 0, L_000002255e4d4808;  1 drivers
v000002255e13dde0_0 .net *"_ivl_116", 32 0, L_000002255e5318f0;  1 drivers
v000002255e13e920_0 .net *"_ivl_118", 7 0, L_000002255e531210;  1 drivers
v000002255e13e420_0 .net *"_ivl_12", 7 0, L_000002255e149730;  1 drivers
v000002255e13de80_0 .net *"_ivl_120", 7 0, L_000002255e530e50;  1 drivers
v000002255e13df20_0 .net *"_ivl_122", 32 0, L_000002255e530a90;  1 drivers
L_000002255e4d4850 .functor BUFT 1, C4<0000000000000000000000000000>, C4<0>, C4<0>, C4<0>;
v000002255e13dfc0_0 .net *"_ivl_125", 27 0, L_000002255e4d4850;  1 drivers
v000002255e13e4c0_0 .net *"_ivl_126", 32 0, L_000002255e530b30;  1 drivers
v000002255e1422b0_0 .net *"_ivl_128", 30 0, L_000002255e530f90;  1 drivers
L_000002255e4d4898 .functor BUFT 1, C4<00>, C4<0>, C4<0>, C4<0>;
v000002255e141bd0_0 .net *"_ivl_130", 1 0, L_000002255e4d4898;  1 drivers
L_000002255e4d48e0 .functor BUFT 1, C4<000000000000000000000000000000011>, C4<0>, C4<0>, C4<0>;
v000002255e1418b0_0 .net/2u *"_ivl_132", 32 0, L_000002255e4d48e0;  1 drivers
v000002255e1419f0_0 .net *"_ivl_134", 32 0, L_000002255e5310d0;  1 drivers
v000002255e141590_0 .net *"_ivl_136", 7 0, L_000002255e531cb0;  1 drivers
v000002255e141770_0 .net *"_ivl_14", 7 0, L_000002255e1492d0;  1 drivers
v000002255e141b30_0 .net *"_ivl_16", 32 0, L_000002255e14abd0;  1 drivers
L_000002255e4d4388 .functor BUFT 1, C4<0000000000000000000000000000>, C4<0>, C4<0>, C4<0>;
v000002255e1420d0_0 .net *"_ivl_19", 27 0, L_000002255e4d4388;  1 drivers
v000002255e1423f0_0 .net *"_ivl_2", 4 0, L_000002255e14a450;  1 drivers
v000002255e142210_0 .net *"_ivl_20", 32 0, L_000002255e14adb0;  1 drivers
v000002255e142850_0 .net *"_ivl_22", 30 0, L_000002255e1499b0;  1 drivers
L_000002255e4d43d0 .functor BUFT 1, C4<00>, C4<0>, C4<0>, C4<0>;
v000002255e141810_0 .net *"_ivl_24", 1 0, L_000002255e4d43d0;  1 drivers
L_000002255e4d4418 .functor BUFT 1, C4<000000000000000000000000000000001>, C4<0>, C4<0>, C4<0>;
v000002255e141450_0 .net/2u *"_ivl_26", 32 0, L_000002255e4d4418;  1 drivers
v000002255e141090_0 .net *"_ivl_28", 32 0, L_000002255e149af0;  1 drivers
v000002255e141950_0 .net *"_ivl_30", 7 0, L_000002255e14a1d0;  1 drivers
v000002255e142b70_0 .net *"_ivl_32", 7 0, L_000002255e14ae50;  1 drivers
v000002255e140ff0_0 .net *"_ivl_34", 32 0, L_000002255e149b90;  1 drivers
L_000002255e4d4460 .functor BUFT 1, C4<0000000000000000000000000000>, C4<0>, C4<0>, C4<0>;
v000002255e142490_0 .net *"_ivl_37", 27 0, L_000002255e4d4460;  1 drivers
v000002255e141a90_0 .net *"_ivl_38", 32 0, L_000002255e149c30;  1 drivers
v000002255e141c70_0 .net *"_ivl_4", 2 0, L_000002255e149190;  1 drivers
v000002255e141d10_0 .net *"_ivl_40", 30 0, L_000002255e149e10;  1 drivers
L_000002255e4d44a8 .functor BUFT 1, C4<00>, C4<0>, C4<0>, C4<0>;
v000002255e141db0_0 .net *"_ivl_42", 1 0, L_000002255e4d44a8;  1 drivers
L_000002255e4d44f0 .functor BUFT 1, C4<000000000000000000000000000000010>, C4<0>, C4<0>, C4<0>;
v000002255e141e50_0 .net/2u *"_ivl_44", 32 0, L_000002255e4d44f0;  1 drivers
v000002255e142ad0_0 .net *"_ivl_46", 32 0, L_000002255e14a810;  1 drivers
v000002255e142530_0 .net *"_ivl_48", 7 0, L_000002255e149d70;  1 drivers
v000002255e142670_0 .net *"_ivl_50", 7 0, L_000002255e14aef0;  1 drivers
v000002255e142df0_0 .net *"_ivl_52", 32 0, L_000002255e14a590;  1 drivers
L_000002255e4d4538 .functor BUFT 1, C4<0000000000000000000000000000>, C4<0>, C4<0>, C4<0>;
v000002255e1414f0_0 .net *"_ivl_55", 27 0, L_000002255e4d4538;  1 drivers
v000002255e141130_0 .net *"_ivl_56", 32 0, L_000002255e14a090;  1 drivers
v000002255e141ef0_0 .net *"_ivl_58", 30 0, L_000002255e149eb0;  1 drivers
L_000002255e4d42f8 .functor BUFT 1, C4<00>, C4<0>, C4<0>, C4<0>;
v000002255e1427b0_0 .net *"_ivl_6", 1 0, L_000002255e4d42f8;  1 drivers
L_000002255e4d4580 .functor BUFT 1, C4<00>, C4<0>, C4<0>, C4<0>;
v000002255e141f90_0 .net *"_ivl_60", 1 0, L_000002255e4d4580;  1 drivers
L_000002255e4d45c8 .functor BUFT 1, C4<000000000000000000000000000000011>, C4<0>, C4<0>, C4<0>;
v000002255e142e90_0 .net/2u *"_ivl_62", 32 0, L_000002255e4d45c8;  1 drivers
v000002255e142030_0 .net *"_ivl_64", 32 0, L_000002255e14a270;  1 drivers
v000002255e1425d0_0 .net *"_ivl_66", 7 0, L_000002255e14a310;  1 drivers
v000002255e142c10_0 .net *"_ivl_70", 7 0, L_000002255e14a8b0;  1 drivers
v000002255e141270_0 .net *"_ivl_72", 4 0, L_000002255e14a9f0;  1 drivers
v000002255e142170_0 .net *"_ivl_74", 2 0, L_000002255e14a950;  1 drivers
L_000002255e4d4610 .functor BUFT 1, C4<00>, C4<0>, C4<0>, C4<0>;
v000002255e142350_0 .net *"_ivl_76", 1 0, L_000002255e4d4610;  1 drivers
v000002255e1428f0_0 .net *"_ivl_78", 6 0, L_000002255e14aa90;  1 drivers
v000002255e142710_0 .net *"_ivl_8", 6 0, L_000002255e149230;  1 drivers
L_000002255e4d4658 .functor BUFT 1, C4<00>, C4<0>, C4<0>, C4<0>;
v000002255e142990_0 .net *"_ivl_81", 1 0, L_000002255e4d4658;  1 drivers
v000002255e1411d0_0 .net *"_ivl_82", 7 0, L_000002255e531710;  1 drivers
v000002255e142a30_0 .net *"_ivl_84", 7 0, L_000002255e5308b0;  1 drivers
v000002255e142cb0_0 .net *"_ivl_86", 32 0, L_000002255e531b70;  1 drivers
L_000002255e4d46a0 .functor BUFT 1, C4<0000000000000000000000000000>, C4<0>, C4<0>, C4<0>;
v000002255e141630_0 .net *"_ivl_89", 27 0, L_000002255e4d46a0;  1 drivers
v000002255e141310_0 .net *"_ivl_90", 32 0, L_000002255e530950;  1 drivers
v000002255e142d50_0 .net *"_ivl_92", 30 0, L_000002255e5317b0;  1 drivers
L_000002255e4d46e8 .functor BUFT 1, C4<00>, C4<0>, C4<0>, C4<0>;
v000002255e1413b0_0 .net *"_ivl_94", 1 0, L_000002255e4d46e8;  1 drivers
L_000002255e4d4730 .functor BUFT 1, C4<000000000000000000000000000000001>, C4<0>, C4<0>, C4<0>;
v000002255e1416d0_0 .net/2u *"_ivl_96", 32 0, L_000002255e4d4730;  1 drivers
v000002255e144d40_0 .net *"_ivl_98", 32 0, L_000002255e531f30;  1 drivers
v000002255e144f20_0 .net "clk", 0 0, v000002255e147a40_0;  alias, 1 drivers
v000002255e144b60_0 .var/i "fd1", 31 0;
v000002255e145e20_0 .var/i "i", 31 0;
v000002255e144660 .array "mem", 31 0, 7 0;
E_000002255e1163b0 .event negedge, v000002255e13eba0_0;
L_000002255e1495f0 .array/port v000002255e144660, L_000002255e149230;
L_000002255e149190 .part L_000002255e532c80, 0, 3;
L_000002255e14a450 .concat [ 2 3 0 0], L_000002255e4d42f8, L_000002255e149190;
L_000002255e149230 .concat [ 5 2 0 0], L_000002255e14a450, L_000002255e4d4340;
L_000002255e149730 .concat [ 8 0 0 0], L_000002255e1495f0;
L_000002255e1492d0 .array/port v000002255e144660, L_000002255e149af0;
L_000002255e14abd0 .concat [ 5 28 0 0], L_000002255e532c80, L_000002255e4d4388;
L_000002255e1499b0 .part L_000002255e14abd0, 0, 31;
L_000002255e14adb0 .concat [ 2 31 0 0], L_000002255e4d43d0, L_000002255e1499b0;
L_000002255e149af0 .arith/sum 33, L_000002255e14adb0, L_000002255e4d4418;
L_000002255e14a1d0 .concat [ 8 0 0 0], L_000002255e1492d0;
L_000002255e14ae50 .array/port v000002255e144660, L_000002255e14a810;
L_000002255e149b90 .concat [ 5 28 0 0], L_000002255e532c80, L_000002255e4d4460;
L_000002255e149e10 .part L_000002255e149b90, 0, 31;
L_000002255e149c30 .concat [ 2 31 0 0], L_000002255e4d44a8, L_000002255e149e10;
L_000002255e14a810 .arith/sum 33, L_000002255e149c30, L_000002255e4d44f0;
L_000002255e149d70 .concat [ 8 0 0 0], L_000002255e14ae50;
L_000002255e14aef0 .array/port v000002255e144660, L_000002255e14a270;
L_000002255e14a590 .concat [ 5 28 0 0], L_000002255e532c80, L_000002255e4d4538;
L_000002255e149eb0 .part L_000002255e14a590, 0, 31;
L_000002255e14a090 .concat [ 2 31 0 0], L_000002255e4d4580, L_000002255e149eb0;
L_000002255e14a270 .arith/sum 33, L_000002255e14a090, L_000002255e4d45c8;
L_000002255e14a310 .concat [ 8 0 0 0], L_000002255e14aef0;
L_000002255e14a3b0 .concat [ 8 8 8 8], L_000002255e14a310, L_000002255e149d70, L_000002255e14a1d0, L_000002255e149730;
L_000002255e14a8b0 .array/port v000002255e144660, L_000002255e14aa90;
L_000002255e14a950 .part L_000002255e532580, 0, 3;
L_000002255e14a9f0 .concat [ 2 3 0 0], L_000002255e4d4610, L_000002255e14a950;
L_000002255e14aa90 .concat [ 5 2 0 0], L_000002255e14a9f0, L_000002255e4d4658;
L_000002255e531710 .concat [ 8 0 0 0], L_000002255e14a8b0;
L_000002255e5308b0 .array/port v000002255e144660, L_000002255e531f30;
L_000002255e531b70 .concat [ 5 28 0 0], L_000002255e532580, L_000002255e4d46a0;
L_000002255e5317b0 .part L_000002255e531b70, 0, 31;
L_000002255e530950 .concat [ 2 31 0 0], L_000002255e4d46e8, L_000002255e5317b0;
L_000002255e531f30 .arith/sum 33, L_000002255e530950, L_000002255e4d4730;
L_000002255e531d50 .concat [ 8 0 0 0], L_000002255e5308b0;
L_000002255e5309f0 .array/port v000002255e144660, L_000002255e5318f0;
L_000002255e5312b0 .concat [ 5 28 0 0], L_000002255e532580, L_000002255e4d4778;
L_000002255e530ef0 .part L_000002255e5312b0, 0, 31;
L_000002255e530db0 .concat [ 2 31 0 0], L_000002255e4d47c0, L_000002255e530ef0;
L_000002255e5318f0 .arith/sum 33, L_000002255e530db0, L_000002255e4d4808;
L_000002255e531210 .concat [ 8 0 0 0], L_000002255e5309f0;
L_000002255e530e50 .array/port v000002255e144660, L_000002255e5310d0;
L_000002255e530a90 .concat [ 5 28 0 0], L_000002255e532580, L_000002255e4d4850;
L_000002255e530f90 .part L_000002255e530a90, 0, 31;
L_000002255e530b30 .concat [ 2 31 0 0], L_000002255e4d4898, L_000002255e530f90;
L_000002255e5310d0 .arith/sum 33, L_000002255e530b30, L_000002255e4d48e0;
L_000002255e531cb0 .concat [ 8 0 0 0], L_000002255e530e50;
L_000002255e531030 .concat [ 8 8 8 8], L_000002255e531cb0, L_000002255e531210, L_000002255e531d50, L_000002255e531710;
S_000002255e0b8480 .scope module, "shl2_26" "SHL2_26" 3 43, 14 2 0, S_000002255e0c4070;
 .timescale -9 -12;
    .port_info 0 /INPUT 26 "in";
    .port_info 1 /OUTPUT 28 "out";
v000002255e1459c0_0 .net *"_ivl_0", 25 0, L_000002255e531990;  1 drivers
L_000002255e4d4928 .functor BUFT 1, C4<00>, C4<0>, C4<0>, C4<0>;
v000002255e145880_0 .net/2u *"_ivl_2", 1 0, L_000002255e4d4928;  1 drivers
v000002255e1440c0_0 .net "in", 25 0, L_000002255e5322e0;  alias, 1 drivers
v000002255e144340_0 .net "out", 27 0, L_000002255e531c10;  alias, 1 drivers
L_000002255e531990 .concat [ 26 0 0 0], L_000002255e5322e0;
L_000002255e531c10 .concat [ 2 26 0 0], L_000002255e4d4928, L_000002255e531990;
S_000002255e146350 .scope module, "shl2_32" "SHL2_32" 3 44, 15 2 0, S_000002255e0c4070;
 .timescale -9 -12;
    .port_info 0 /INPUT 32 "in";
    .port_info 1 /OUTPUT 32 "out";
v000002255e144700_0 .net *"_ivl_2", 29 0, L_000002255e530d10;  1 drivers
L_000002255e4d4970 .functor BUFT 1, C4<00>, C4<0>, C4<0>, C4<0>;
v000002255e145a60_0 .net *"_ivl_4", 1 0, L_000002255e4d4970;  1 drivers
v000002255e144160_0 .net "in", 31 0, L_000002255e5325f0;  alias, 1 drivers
v000002255e145c40_0 .net "out", 31 0, L_000002255e531850;  alias, 1 drivers
L_000002255e530d10 .part L_000002255e5325f0, 0, 30;
L_000002255e531850 .concat [ 2 30 0 0], L_000002255e4d4970, L_000002255e530d10;
S_000002255e146030 .scope module, "sigext" "SigExt" 3 45, 16 2 0, S_000002255e0c4070;
 .timescale -9 -12;
    .port_info 0 /INPUT 16 "in";
    .port_info 1 /OUTPUT 32 "out";
L_000002255e4d49b8 .functor BUFT 1, C4<0000000000000000>, C4<0>, C4<0>, C4<0>;
v000002255e145600_0 .net/2u *"_ivl_0", 15 0, L_000002255e4d49b8;  1 drivers
v000002255e145240_0 .net *"_ivl_2", 15 0, L_000002255e531e90;  1 drivers
v000002255e145ba0_0 .net "in", 15 0, L_000002255e532270;  alias, 1 drivers
v000002255e144200_0 .net "out", 31 0, L_000002255e530bd0;  alias, 1 drivers
L_000002255e531e90 .concat [ 16 0 0 0], L_000002255e532270;
L_000002255e530bd0 .concat [ 16 16 0 0], L_000002255e531e90, L_000002255e4d49b8;
    .scope S_000002255e0c3b00;
T_0 ;
    %wait E_000002255e116ff0;
    %pushi/vec4 0, 0, 32;
    %store/vec4 v000002255e109150_0, 0, 32;
    %load/vec4 v000002255e108e30_0;
    %dup/vec4;
    %pushi/vec4 0, 0, 3;
    %cmp/u;
    %jmp/1 T_0.0, 6;
    %dup/vec4;
    %pushi/vec4 1, 0, 3;
    %cmp/u;
    %jmp/1 T_0.1, 6;
    %dup/vec4;
    %pushi/vec4 4, 0, 3;
    %cmp/u;
    %jmp/1 T_0.2, 6;
    %dup/vec4;
    %pushi/vec4 5, 0, 3;
    %cmp/u;
    %jmp/1 T_0.3, 6;
    %dup/vec4;
    %pushi/vec4 6, 0, 3;
    %cmp/u;
    %jmp/1 T_0.4, 6;
    %dup/vec4;
    %pushi/vec4 3, 0, 3;
    %cmp/u;
    %jmp/1 T_0.5, 6;
    %dup/vec4;
    %pushi/vec4 2, 0, 3;
    %cmp/u;
    %jmp/1 T_0.6, 6;
    %jmp T_0.7;
T_0.0 ;
    %load/vec4 v000002255e108d90_0;
    %load/vec4 v000002255e109290_0;
    %and;
    %store/vec4 v000002255e109150_0, 0, 32;
    %jmp T_0.7;
T_0.1 ;
    %load/vec4 v000002255e108d90_0;
    %load/vec4 v000002255e109290_0;
    %or;
    %store/vec4 v000002255e109150_0, 0, 32;
    %jmp T_0.7;
T_0.2 ;
    %load/vec4 v000002255e108d90_0;
    %load/vec4 v000002255e109290_0;
    %add;
    %store/vec4 v000002255e109150_0, 0, 32;
    %load/vec4 v000002255e108d90_0;
    %parti/s 1, 31, 6;
    %load/vec4 v000002255e109290_0;
    %parti/s 1, 31, 6;
    %cmp/e;
    %flag_get/vec4 4;
    %load/vec4 v000002255e109150_0;
    %parti/s 1, 31, 6;
    %load/vec4 v000002255e108d90_0;
    %parti/s 1, 31, 6;
    %cmp/ne;
    %flag_get/vec4 4;
    %and;
    %flag_set/vec4 8;
    %jmp/0 T_0.8, 8;
    %pushi/vec4 1, 0, 2;
    %jmp/1 T_0.9, 8;
T_0.8 ; End of true expr.
    %pushi/vec4 0, 0, 2;
    %jmp/0 T_0.9, 8;
 ; End of false expr.
    %blend;
T_0.9;
    %pad/s 1;
    %store/vec4 v000002255e1095b0_0, 0, 1;
    %jmp T_0.7;
T_0.3 ;
    %load/vec4 v000002255e108d90_0;
    %load/vec4 v000002255e109290_0;
    %add;
    %store/vec4 v000002255e109150_0, 0, 32;
    %jmp T_0.7;
T_0.4 ;
    %load/vec4 v000002255e108d90_0;
    %load/vec4 v000002255e109290_0;
    %sub;
    %store/vec4 v000002255e109150_0, 0, 32;
    %load/vec4 v000002255e108d90_0;
    %parti/s 1, 31, 6;
    %load/vec4 v000002255e109290_0;
    %parti/s 1, 31, 6;
    %cmp/ne;
    %flag_get/vec4 4;
    %load/vec4 v000002255e109150_0;
    %parti/s 1, 31, 6;
    %load/vec4 v000002255e109290_0;
    %parti/s 1, 31, 6;
    %cmp/e;
    %flag_get/vec4 4;
    %and;
    %flag_set/vec4 8;
    %jmp/0 T_0.10, 8;
    %pushi/vec4 1, 0, 2;
    %jmp/1 T_0.11, 8;
T_0.10 ; End of true expr.
    %pushi/vec4 0, 0, 2;
    %jmp/0 T_0.11, 8;
 ; End of false expr.
    %blend;
T_0.11;
    %pad/s 1;
    %store/vec4 v000002255e1095b0_0, 0, 1;
    %jmp T_0.7;
T_0.5 ;
    %load/vec4 v000002255e108d90_0;
    %load/vec4 v000002255e109290_0;
    %or;
    %inv;
    %store/vec4 v000002255e109150_0, 0, 32;
    %jmp T_0.7;
T_0.6 ;
    %load/vec4 v000002255e108d90_0;
    %load/vec4 v000002255e109290_0;
    %cmp/u;
    %flag_mov 8, 5;
    %jmp/0 T_0.12, 8;
    %pushi/vec4 1, 0, 32;
    %jmp/1 T_0.13, 8;
T_0.12 ; End of true expr.
    %pushi/vec4 0, 0, 32;
    %jmp/0 T_0.13, 8;
 ; End of false expr.
    %blend;
T_0.13;
    %store/vec4 v000002255e109150_0, 0, 32;
    %jmp T_0.7;
T_0.7 ;
    %pop/vec4 1;
    %load/vec4 v000002255e109150_0;
    %cmpi/e 0, 0, 32;
    %flag_mov 8, 4;
    %jmp/0 T_0.14, 8;
    %pushi/vec4 1, 0, 2;
    %jmp/1 T_0.15, 8;
T_0.14 ; End of true expr.
    %pushi/vec4 0, 0, 2;
    %jmp/0 T_0.15, 8;
 ; End of false expr.
    %blend;
T_0.15;
    %pad/s 1;
    %store/vec4 v000002255e1091f0_0, 0, 1;
    %jmp T_0;
    .thread T_0, $push;
    .scope S_000002255e0c3c90;
T_1 ;
    %wait E_000002255e117070;
    %pushi/vec4 0, 0, 3;
    %store/vec4 v000002255e109330_0, 0, 3;
    %load/vec4 v000002255e4d27e0_0;
    %dup/vec4;
    %pushi/vec4 0, 0, 2;
    %cmp/u;
    %jmp/1 T_1.0, 6;
    %dup/vec4;
    %pushi/vec4 1, 0, 2;
    %cmp/u;
    %jmp/1 T_1.1, 6;
    %load/vec4 v000002255e4d31e0_0;
    %dup/vec4;
    %pushi/vec4 32, 0, 6;
    %cmp/u;
    %jmp/1 T_1.4, 6;
    %dup/vec4;
    %pushi/vec4 33, 0, 6;
    %cmp/u;
    %jmp/1 T_1.5, 6;
    %dup/vec4;
    %pushi/vec4 34, 0, 6;
    %cmp/u;
    %jmp/1 T_1.6, 6;
    %dup/vec4;
    %pushi/vec4 36, 0, 6;
    %cmp/u;
    %jmp/1 T_1.7, 6;
    %dup/vec4;
    %pushi/vec4 37, 0, 6;
    %cmp/u;
    %jmp/1 T_1.8, 6;
    %dup/vec4;
    %pushi/vec4 39, 0, 6;
    %cmp/u;
    %jmp/1 T_1.9, 6;
    %dup/vec4;
    %pushi/vec4 42, 0, 6;
    %cmp/u;
    %jmp/1 T_1.10, 6;
    %jmp T_1.11;
T_1.4 ;
    %pushi/vec4 4, 0, 3;
    %store/vec4 v000002255e109330_0, 0, 3;
    %jmp T_1.11;
T_1.5 ;
    %pushi/vec4 5, 0, 3;
    %store/vec4 v000002255e109330_0, 0, 3;
    %jmp T_1.11;
T_1.6 ;
    %pushi/vec4 6, 0, 3;
    %store/vec4 v000002255e109330_0, 0, 3;
    %jmp T_1.11;
T_1.7 ;
    %pushi/vec4 0, 0, 3;
    %store/vec4 v000002255e109330_0, 0, 3;
    %jmp T_1.11;
T_1.8 ;
    %pushi/vec4 1, 0, 3;
    %store/vec4 v000002255e109330_0, 0, 3;
    %jmp T_1.11;
T_1.9 ;
    %pushi/vec4 3, 0, 3;
    %store/vec4 v000002255e109330_0, 0, 3;
    %jmp T_1.11;
T_1.10 ;
    %pushi/vec4 2, 0, 3;
    %store/vec4 v000002255e109330_0, 0, 3;
    %jmp T_1.11;
T_1.11 ;
    %pop/vec4 1;
    %jmp T_1.3;
T_1.0 ;
    %pushi/vec4 4, 0, 3;
    %store/vec4 v000002255e109330_0, 0, 3;
    %jmp T_1.3;
T_1.1 ;
    %pushi/vec4 6, 0, 3;
    %store/vec4 v000002255e109330_0, 0, 3;
    %jmp T_1.3;
T_1.3 ;
    %pop/vec4 1;
    %jmp T_1;
    .thread T_1, $push;
    .scope S_000002255e0c1fe0;
T_2 ;
    %vpi_call 7 12 "$readmemb", "DM.txt", v000002255e4d24c0 {0 0 0};
    %end;
    .thread T_2;
    .scope S_000002255e0c1fe0;
T_3 ;
    %wait E_000002255e1167b0;
    %load/vec4 v000002255e4d2c40_0;
    %pad/u 32;
    %cmpi/e 1, 0, 32;
    %jmp/0xz  T_3.0, 4;
    %load/vec4 v000002255e4d3be0_0;
    %ix/load 5, 2, 0;
    %flag_set/imm 4, 0;
    %shiftl 5;
    %ix/vec4 4;
    %load/vec4a v000002255e4d24c0, 4;
    %load/vec4 v000002255e4d3be0_0;
    %pad/u 33;
    %ix/load 5, 2, 0;
    %flag_set/imm 4, 0;
    %shiftl 5;
    %addi 1, 0, 33;
    %ix/vec4 4;
    %load/vec4a v000002255e4d24c0, 4;
    %concat/vec4; draw_concat_vec4
    %load/vec4 v000002255e4d3be0_0;
    %pad/u 33;
    %ix/load 5, 2, 0;
    %flag_set/imm 4, 0;
    %shiftl 5;
    %addi 2, 0, 33;
    %ix/vec4 4;
    %load/vec4a v000002255e4d24c0, 4;
    %concat/vec4; draw_concat_vec4
    %load/vec4 v000002255e4d3be0_0;
    %pad/u 33;
    %ix/load 5, 2, 0;
    %flag_set/imm 4, 0;
    %shiftl 5;
    %addi 3, 0, 33;
    %ix/vec4 4;
    %load/vec4a v000002255e4d24c0, 4;
    %concat/vec4; draw_concat_vec4
    %store/vec4 v000002255e4d2920_0, 0, 32;
T_3.0 ;
    %load/vec4 v000002255e4d3500_0;
    %pad/u 32;
    %cmpi/e 1, 0, 32;
    %jmp/0xz  T_3.2, 4;
    %load/vec4 v000002255e4d2600_0;
    %parti/s 8, 24, 6;
    %load/vec4 v000002255e4d3be0_0;
    %ix/load 5, 2, 0;
    %flag_set/imm 4, 0;
    %shiftl 5;
    %ix/vec4 4;
    %store/vec4a v000002255e4d24c0, 4, 0;
    %load/vec4 v000002255e4d2600_0;
    %parti/s 8, 16, 6;
    %load/vec4 v000002255e4d3be0_0;
    %pad/u 33;
    %ix/load 5, 2, 0;
    %flag_set/imm 4, 0;
    %shiftl 5;
    %addi 1, 0, 33;
    %ix/vec4 4;
    %store/vec4a v000002255e4d24c0, 4, 0;
    %load/vec4 v000002255e4d2600_0;
    %parti/s 8, 8, 5;
    %load/vec4 v000002255e4d3be0_0;
    %pad/u 33;
    %ix/load 5, 2, 0;
    %flag_set/imm 4, 0;
    %shiftl 5;
    %addi 2, 0, 33;
    %ix/vec4 4;
    %store/vec4a v000002255e4d24c0, 4, 0;
    %load/vec4 v000002255e4d2600_0;
    %parti/s 8, 0, 2;
    %load/vec4 v000002255e4d3be0_0;
    %pad/u 33;
    %ix/load 5, 2, 0;
    %flag_set/imm 4, 0;
    %shiftl 5;
    %addi 3, 0, 33;
    %ix/vec4 4;
    %store/vec4a v000002255e4d24c0, 4, 0;
    %vpi_func 7 24 "$fopen" 32, "DM.txt" {0 0 0};
    %store/vec4 v000002255e4d3c80_0, 0, 32;
    %pushi/vec4 0, 0, 32;
    %store/vec4 v000002255e4d38c0_0, 0, 32;
T_3.4 ;
    %load/vec4 v000002255e4d38c0_0;
    %cmpi/s 32, 0, 32;
    %jmp/0xz T_3.5, 5;
    %vpi_call 7 26 "$fdisplay", v000002255e4d3c80_0, "%b", &A<v000002255e4d24c0, v000002255e4d38c0_0 > {0 0 0};
    %load/vec4 v000002255e4d38c0_0;
    %pushi/vec4 4, 0, 32;
    %mod/s;
    %cmpi/e 3, 0, 32;
    %jmp/0xz  T_3.6, 4;
    %vpi_call 7 28 "$fdisplay", v000002255e4d3c80_0, "\000" {0 0 0};
T_3.6 ;
    %load/vec4 v000002255e4d38c0_0;
    %addi 1, 0, 32;
    %store/vec4 v000002255e4d38c0_0, 0, 32;
    %jmp T_3.4;
T_3.5 ;
    %vpi_call 7 30 "$fclose", v000002255e4d3c80_0 {0 0 0};
T_3.2 ;
    %jmp T_3;
    .thread T_3, $push;
    .scope S_000002255e0c2280;
T_4 ;
    %vpi_call 8 16 "$readmemb", "IM.txt", v000002255e4d3320 {0 0 0};
    %end;
    .thread T_4;
    .scope S_000002255e0c2280;
T_5 ;
    %wait E_000002255e116270;
    %ix/getv 4, v000002255e4d3dc0_0;
    %load/vec4a v000002255e4d3320, 4;
    %load/vec4 v000002255e4d3dc0_0;
    %pad/u 33;
    %addi 1, 0, 33;
    %ix/vec4 4;
    %load/vec4a v000002255e4d3320, 4;
    %concat/vec4; draw_concat_vec4
    %load/vec4 v000002255e4d3dc0_0;
    %pad/u 33;
    %addi 2, 0, 33;
    %ix/vec4 4;
    %load/vec4a v000002255e4d3320, 4;
    %concat/vec4; draw_concat_vec4
    %load/vec4 v000002255e4d3dc0_0;
    %pad/u 33;
    %addi 3, 0, 33;
    %ix/vec4 4;
    %load/vec4a v000002255e4d3320, 4;
    %concat/vec4; draw_concat_vec4
    %store/vec4 v000002255e4d36e0_0, 0, 32;
    %jmp T_5;
    .thread T_5, $push;
    .scope S_000002255e0c6460;
T_6 ;
    %wait E_000002255e116ef0;
    %pushi/vec4 0, 0, 2;
    %store/vec4 v000002255e4d2ce0_0, 0, 2;
    %pushi/vec4 0, 0, 1;
    %store/vec4 v000002255e4d30a0_0, 0, 1;
    %pushi/vec4 0, 0, 1;
    %store/vec4 v000002255e4d3a00_0, 0, 1;
    %pushi/vec4 0, 0, 1;
    %store/vec4 v000002255e4d3e60_0, 0, 1;
    %pushi/vec4 0, 0, 1;
    %store/vec4 v000002255e4d3960_0, 0, 1;
    %pushi/vec4 0, 0, 1;
    %store/vec4 v000002255e4d3d20_0, 0, 1;
    %pushi/vec4 0, 0, 1;
    %store/vec4 v000002255e4d3000_0, 0, 1;
    %pushi/vec4 0, 0, 1;
    %store/vec4 v000002255e4d3f00_0, 0, 1;
    %pushi/vec4 0, 0, 1;
    %store/vec4 v000002255e4d2e20_0, 0, 1;
    %load/vec4 v000002255e4d3280_0;
    %dup/vec4;
    %pushi/vec4 0, 0, 6;
    %cmp/u;
    %jmp/1 T_6.0, 6;
    %dup/vec4;
    %pushi/vec4 35, 0, 6;
    %cmp/u;
    %jmp/1 T_6.1, 6;
    %dup/vec4;
    %pushi/vec4 43, 0, 6;
    %cmp/u;
    %jmp/1 T_6.2, 6;
    %dup/vec4;
    %pushi/vec4 4, 0, 6;
    %cmp/u;
    %jmp/1 T_6.3, 6;
    %dup/vec4;
    %pushi/vec4 2, 0, 6;
    %cmp/u;
    %jmp/1 T_6.4, 6;
    %jmp T_6.5;
T_6.0 ;
    %pushi/vec4 1, 0, 1;
    %store/vec4 v000002255e4d3a00_0, 0, 1;
    %pushi/vec4 1, 0, 1;
    %store/vec4 v000002255e4d3e60_0, 0, 1;
    %pushi/vec4 2, 0, 2;
    %store/vec4 v000002255e4d2ce0_0, 0, 2;
    %jmp T_6.5;
T_6.1 ;
    %pushi/vec4 1, 0, 1;
    %store/vec4 v000002255e4d3e60_0, 0, 1;
    %pushi/vec4 1, 0, 1;
    %store/vec4 v000002255e4d30a0_0, 0, 1;
    %pushi/vec4 1, 0, 1;
    %store/vec4 v000002255e4d3d20_0, 0, 1;
    %pushi/vec4 1, 0, 1;
    %store/vec4 v000002255e4d3960_0, 0, 1;
    %jmp T_6.5;
T_6.2 ;
    %pushi/vec4 1, 0, 1;
    %store/vec4 v000002255e4d30a0_0, 0, 1;
    %pushi/vec4 1, 0, 1;
    %store/vec4 v000002255e4d3000_0, 0, 1;
    %jmp T_6.5;
T_6.3 ;
    %pushi/vec4 1, 0, 1;
    %store/vec4 v000002255e4d2e20_0, 0, 1;
    %pushi/vec4 1, 0, 2;
    %store/vec4 v000002255e4d2ce0_0, 0, 2;
    %jmp T_6.5;
T_6.4 ;
    %pushi/vec4 1, 0, 1;
    %store/vec4 v000002255e4d3f00_0, 0, 1;
    %jmp T_6.5;
T_6.5 ;
    %pop/vec4 1;
    %jmp T_6;
    .thread T_6, $push;
    .scope S_000002255e140e10;
T_7 ;
    %pushi/vec4 0, 0, 32;
    %store/vec4 v000002255e13da20_0, 0, 32;
    %end;
    .thread T_7;
    .scope S_000002255e140e10;
T_8 ;
    %wait E_000002255e1162b0;
    %load/vec4 v000002255e13ec40_0;
    %pad/u 32;
    %cmpi/e 1, 0, 32;
    %jmp/0xz  T_8.0, 4;
    %pushi/vec4 0, 0, 32;
    %store/vec4 v000002255e13da20_0, 0, 32;
    %jmp T_8.1;
T_8.0 ;
    %load/vec4 v000002255e13d340_0;
    %store/vec4 v000002255e13da20_0, 0, 32;
T_8.1 ;
    %jmp T_8;
    .thread T_8;
    .scope S_000002255e0b82f0;
T_9 ;
    %vpi_call 13 15 "$readmemb", "RF.txt", v000002255e144660 {0 0 0};
    %end;
    .thread T_9;
    .scope S_000002255e0b82f0;
T_10 ;
    %wait E_000002255e1163b0;
    %load/vec4 v000002255e13d660_0;
    %pad/u 32;
    %cmpi/e 1, 0, 32;
    %jmp/0xz  T_10.0, 4;
    %load/vec4 v000002255e13e7e0_0;
    %parti/s 8, 24, 6;
    %load/vec4 v000002255e13d480_0;
    %ix/load 5, 2, 0;
    %flag_set/imm 4, 0;
    %shiftl 5;
    %pad/u 7;
    %ix/vec4 4;
    %store/vec4a v000002255e144660, 4, 0;
    %load/vec4 v000002255e13e7e0_0;
    %parti/s 8, 16, 6;
    %load/vec4 v000002255e13d480_0;
    %pad/u 33;
    %ix/load 5, 2, 0;
    %flag_set/imm 4, 0;
    %shiftl 5;
    %addi 1, 0, 33;
    %ix/vec4 4;
    %store/vec4a v000002255e144660, 4, 0;
    %load/vec4 v000002255e13e7e0_0;
    %parti/s 8, 8, 5;
    %load/vec4 v000002255e13d480_0;
    %pad/u 33;
    %ix/load 5, 2, 0;
    %flag_set/imm 4, 0;
    %shiftl 5;
    %addi 2, 0, 33;
    %ix/vec4 4;
    %store/vec4a v000002255e144660, 4, 0;
    %load/vec4 v000002255e13e7e0_0;
    %parti/s 8, 0, 2;
    %load/vec4 v000002255e13d480_0;
    %pad/u 33;
    %ix/load 5, 2, 0;
    %flag_set/imm 4, 0;
    %shiftl 5;
    %addi 3, 0, 33;
    %ix/vec4 4;
    %store/vec4a v000002255e144660, 4, 0;
T_10.0 ;
    %vpi_func 13 27 "$fopen" 32, "RF.txt" {0 0 0};
    %store/vec4 v000002255e144b60_0, 0, 32;
    %pushi/vec4 0, 0, 32;
    %store/vec4 v000002255e145e20_0, 0, 32;
T_10.2 ;
    %load/vec4 v000002255e145e20_0;
    %cmpi/s 32, 0, 32;
    %jmp/0xz T_10.3, 5;
    %vpi_call 13 29 "$fdisplay", v000002255e144b60_0, "%b", &A<v000002255e144660, v000002255e145e20_0 > {0 0 0};
    %load/vec4 v000002255e145e20_0;
    %pushi/vec4 4, 0, 32;
    %mod/s;
    %cmpi/e 3, 0, 32;
    %jmp/0xz  T_10.4, 4;
    %vpi_call 13 31 "$fdisplay", v000002255e144b60_0, "\000" {0 0 0};
T_10.4 ;
    %load/vec4 v000002255e145e20_0;
    %addi 1, 0, 32;
    %store/vec4 v000002255e145e20_0, 0, 32;
    %jmp T_10.2;
T_10.3 ;
    %vpi_call 13 33 "$fclose", v000002255e144b60_0 {0 0 0};
    %jmp T_10;
    .thread T_10;
    .scope S_000002255e0c3ee0;
T_11 ;
    %vpi_call 2 10 "$dumpfile", "./build/sc_wave.vcd" {0 0 0};
    %vpi_call 2 11 "$dumpvars", 32'sb00000000000000000000000000000000, S_000002255e0c3ee0 {0 0 0};
    %pushi/vec4 0, 0, 1;
    %store/vec4 v000002255e147a40_0, 0, 1;
    %pushi/vec4 1, 0, 1;
    %store/vec4 v000002255e147ea0_0, 0, 1;
    %delay 5000, 0;
    %load/vec4 v000002255e147a40_0;
    %inv;
    %store/vec4 v000002255e147a40_0, 0, 1;
    %delay 5000, 0;
    %pushi/vec4 0, 0, 1;
    %store/vec4 v000002255e147ea0_0, 0, 1;
    %delay 5000, 0;
    %pushi/vec4 0, 0, 32;
    %store/vec4 v000002255e147e00_0, 0, 32;
T_11.0 ;
    %load/vec4 v000002255e147e00_0;
    %cmpi/s 31, 0, 32;
    %jmp/0xz T_11.1, 5;
    %load/vec4 v000002255e147a40_0;
    %inv;
    %store/vec4 v000002255e147a40_0, 0, 1;
    %delay 5000, 0;
    %load/vec4 v000002255e147e00_0;
    %addi 1, 0, 32;
    %store/vec4 v000002255e147e00_0, 0, 32;
    %jmp T_11.0;
T_11.1 ;
    %vpi_call 2 23 "$finish" {0 0 0};
    %end;
    .thread T_11;
# The file index is used to find the file name in the following table.
:file_names 17;
    "N/A";
    "<interactive>";
    "./src/SC_CPU_tb.v";
    "./src/SC_CPU.v";
    "./src/ADD32.v";
    "./src/ALU.v";
    "./src/ALUCU.v";
    "./src/DM.v";
    "./src/IM.v";
    "./src/MCU.v";
    "./src/MUX32.v";
    "./src/MUX5.v";
    "./src/PC.v";
    "./src/RF.v";
    "./src/SHL2_26.v";
    "./src/SHL2_32.v";
    "./src/SigExt.v";
