#! /c/Source/iverilog-install/bin/vvp
:ivl_version "12.0 (devel)" "(s20150603-1110-g18392a46)";
:ivl_delay_selection "TYPICAL";
:vpi_time_precision - 12;
:vpi_module "C:\iverilog\lib\ivl\system.vpi";
:vpi_module "C:\iverilog\lib\ivl\vhdl_sys.vpi";
:vpi_module "C:\iverilog\lib\ivl\vhdl_textio.vpi";
:vpi_module "C:\iverilog\lib\ivl\v2005_math.vpi";
:vpi_module "C:\iverilog\lib\ivl\va_math.vpi";
S_000001cdb3561090 .scope module, "SC_CPU_tb" "SC_CPU_tb" 2 2;
 .timescale -9 -12;
v000001cdb35cc9a0_0 .var "clk", 0 0;
v000001cdb35cd1c0_0 .var/i "i", 31 0;
v000001cdb35cc2c0_0 .var "reset", 0 0;
S_000001cdb3192870 .scope module, "sc_cpu" "SC_CPU" 2 7, 3 2 0, S_000001cdb3561090;
 .timescale -9 -12;
    .port_info 0 /INPUT 1 "clk";
    .port_info 1 /INPUT 1 "reset";
L_000001cdb320c090 .functor BUFZ 32, v000001cdb35c4c70_0, C4<00000000000000000000000000000000>, C4<00000000000000000000000000000000>, C4<00000000000000000000000000000000>;
L_000001cdb320c560 .functor BUFZ 32, L_000001cdb35cf2e0, C4<00000000000000000000000000000000>, C4<00000000000000000000000000000000>, C4<00000000000000000000000000000000>;
L_000001cdb320be60 .functor BUFZ 32, L_000001cdb35cdee0, C4<00000000000000000000000000000000>, C4<00000000000000000000000000000000>, C4<00000000000000000000000000000000>;
L_000001cdb320bbc0 .functor BUFZ 3, v000001cdb3210e60_0, C4<000>, C4<000>, C4<000>;
L_000001cdb320c5d0 .functor BUFZ 6, L_000001cdb35cf380, C4<000000>, C4<000000>, C4<000000>;
L_000001cdb320c3a0 .functor BUFZ 1, v000001cdb35c2ab0_0, C4<0>, C4<0>, C4<0>;
L_000001cdb320c640 .functor BUFZ 1, v000001cdb35c1bb0_0, C4<0>, C4<0>, C4<0>;
L_000001cdb320b840 .functor BUFZ 32, v000001cdb35c0f00_0, C4<00000000000000000000000000000000>, C4<00000000000000000000000000000000>, C4<00000000000000000000000000000000>;
L_000001cdb320b990 .functor BUFZ 32, v000001cdb35c4c70_0, C4<00000000000000000000000000000000>, C4<00000000000000000000000000000000>, C4<00000000000000000000000000000000>;
L_000001cdb3176800 .functor BUFZ 1, v000001cdb35c8d30_0, C4<0>, C4<0>, C4<0>;
L_000001cdb31d1970 .functor BUFZ 1, v000001cdb35c9b90_0, C4<0>, C4<0>, C4<0>;
L_000001cdb362c420 .functor BUFZ 32, v000001cdb35c2e70_0, C4<00000000000000000000000000000000>, C4<00000000000000000000000000000000>, C4<00000000000000000000000000000000>;
L_000001cdb362c960 .functor BUFZ 1, v000001cdb35c06e0_0, C4<0>, C4<0>, C4<0>;
L_000001cdb362cd50 .functor AND 1, v000001cdb35c05a0_0, v000001cdb35c1a70_0, C4<1>, C4<1>;
L_000001cdb362cab0 .functor OR 1, L_000001cdb362cd50, v000001cdb35c2c90_0, C4<0>, C4<0>;
L_000001cdb362c570 .functor BUFZ 1, L_000001cdb362cab0, C4<0>, C4<0>, C4<0>;
L_000001cdb362c880 .functor BUFZ 32, L_000001cdb35cdf80, C4<00000000000000000000000000000000>, C4<00000000000000000000000000000000>, C4<00000000000000000000000000000000>;
L_000001cdb362c500 .functor BUFZ 32, L_000001cdb35cdb20, C4<00000000000000000000000000000000>, C4<00000000000000000000000000000000>, C4<00000000000000000000000000000000>;
L_000001cdb362c810 .functor AND 1, v000001cdb35c05a0_0, v000001cdb35c1a70_0, C4<1>, C4<1>;
L_000001cdb362c9d0 .functor BUFZ 32, L_000001cdb35cdda0, C4<00000000000000000000000000000000>, C4<00000000000000000000000000000000>, C4<00000000000000000000000000000000>;
L_000001cdb362cdc0 .functor BUFZ 1, v000001cdb35c9050_0, C4<0>, C4<0>, C4<0>;
L_000001cdb362c6c0 .functor BUFZ 32, L_000001cdb35ce340, C4<00000000000000000000000000000000>, C4<00000000000000000000000000000000>, C4<00000000000000000000000000000000>;
L_000001cdb362c260 .functor BUFZ 5, L_000001cdb35cc680, C4<00000>, C4<00000>, C4<00000>;
L_000001cdb362cff0 .functor BUFZ 32, v000001cdb35bf880_0, C4<00000000000000000000000000000000>, C4<00000000000000000000000000000000>, C4<00000000000000000000000000000000>;
L_000001cdb362c5e0 .functor BUFZ 32, L_000001cdb35cda80, C4<00000000000000000000000000000000>, C4<00000000000000000000000000000000>, C4<00000000000000000000000000000000>;
v000001cdb35c9410_0 .net "ALUCU_funct", 5 0, L_000001cdb320c5d0;  1 drivers
v000001cdb35c9c30_0 .net "ALUCtrl", 2 0, v000001cdb3210e60_0;  1 drivers
v000001cdb35c9cd0_0 .net "ALUOp", 1 0, v000001cdb35c0280_0;  1 drivers
v000001cdb35c8510_0 .net "ALUSrc", 0 0, v000001cdb35c06e0_0;  1 drivers
v000001cdb35c8a10_0 .net "ALU_a", 31 0, v000001cdb35c1b10_0;  1 drivers
v000001cdb35c9d70_0 .net "ALU_b", 31 0, L_000001cdb320be60;  1 drivers
v000001cdb35c9eb0_0 .net "ALU_c", 31 0, v000001cdb3212620_0;  1 drivers
v000001cdb35c9f50_0 .net "ALU_mod", 2 0, L_000001cdb320bbc0;  1 drivers
v000001cdb35c80b0_0 .net "ALU_o", 0 0, v000001cdb3210960_0;  1 drivers
v000001cdb35c9230_0 .net "ALU_z", 0 0, v000001cdb3211720_0;  1 drivers
L_000001cdb35d0ab8 .functor BUFT 1, C4<00000000000000000000000000000100>, C4<0>, C4<0>, C4<0>;
v000001cdb35c8dd0_0 .net "Add1_a", 31 0, L_000001cdb35d0ab8;  1 drivers
v000001cdb35c85b0_0 .net "Add1_b", 31 0, L_000001cdb320c090;  1 drivers
v000001cdb35c8e70_0 .net "Add1_c", 31 0, L_000001cdb35cdf80;  1 drivers
v000001cdb35c9690_0 .net "Add2_a", 31 0, v000001cdb35bfce0_0;  1 drivers
v000001cdb35c81f0_0 .net "Add2_b", 31 0, L_000001cdb320c560;  1 drivers
v000001cdb35c92d0_0 .net "Add2_c", 31 0, L_000001cdb35cda80;  1 drivers
v000001cdb35c8ab0_0 .net "Branch", 0 0, v000001cdb35c1a70_0;  1 drivers
v000001cdb35c8c90_0 .net "DM_Addr", 31 0, v000001cdb35c0b40_0;  1 drivers
v000001cdb35c8fb0_0 .net "DM_R", 0 0, L_000001cdb320c3a0;  1 drivers
v000001cdb35c8290_0 .net "DM_R_data", 31 0, v000001cdb35bfb00_0;  1 drivers
v000001cdb35c8650_0 .net "DM_W", 0 0, L_000001cdb320c640;  1 drivers
v000001cdb35c8790_0 .net "DM_W_data", 31 0, L_000001cdb320b840;  1 drivers
v000001cdb35c8b50_0 .net "EXMA_Rtout", 31 0, v000001cdb35c0f00_0;  1 drivers
v000001cdb35c8bf0_0 .net "EXMAout", 31 0, v000001cdb35bfa60_0;  1 drivers
v000001cdb35c90f0_0 .net "FIIDout", 31 0, v000001cdb35bff60_0;  1 drivers
v000001cdb35c9190_0 .net "Func", 5 0, L_000001cdb35cf380;  1 drivers
v000001cdb35c94b0_0 .net "IDEX_Rtout", 31 0, v000001cdb35c2e70_0;  1 drivers
v000001cdb35c9730_0 .net "IDEXout", 31 0, v000001cdb35c0000_0;  1 drivers
v000001cdb35ca700_0 .net "Imm16", 15 0, v000001cdb35bf100_0;  1 drivers
v000001cdb35ca660_0 .net "Inst", 31 0, v000001cdb35c1110_0;  1 drivers
v000001cdb35cb4c0_0 .net "Inst_Addr", 31 0, L_000001cdb320b990;  1 drivers
v000001cdb35cb380_0 .net "Jump", 0 0, v000001cdb35c2c90_0;  1 drivers
v000001cdb35cb920_0 .net "MAWBout", 31 0, v000001cdb35c1cf0_0;  1 drivers
v000001cdb35ca7a0_0 .net "MUX32_2_1_c", 0 0, L_000001cdb31d1970;  1 drivers
v000001cdb35cb560_0 .net "MUX32_2_1_i0", 31 0, v000001cdb35c2f10_0;  1 drivers
v000001cdb35cb600_0 .net "MUX32_2_1_i1", 31 0, v000001cdb35c26f0_0;  1 drivers
v000001cdb35caa20_0 .net "MUX32_2_1_out", 31 0, L_000001cdb35ce340;  1 drivers
v000001cdb35ca480_0 .net "MUX32_2_2_c", 0 0, L_000001cdb362c960;  1 drivers
v000001cdb35cad40_0 .net "MUX32_2_2_i0", 31 0, L_000001cdb362c420;  1 drivers
v000001cdb35ca840_0 .net "MUX32_2_2_i1", 31 0, v000001cdb35bf880_0;  1 drivers
v000001cdb35cbce0_0 .net "MUX32_2_2_out", 31 0, L_000001cdb35cdee0;  1 drivers
v000001cdb35ca980_0 .net "MUX32_2_3_c", 0 0, L_000001cdb362c570;  1 drivers
v000001cdb35ca3e0_0 .net "MUX32_2_3_i0", 31 0, L_000001cdb362c880;  1 drivers
v000001cdb35cb240_0 .net "MUX32_2_3_i1", 31 0, L_000001cdb362c500;  1 drivers
v000001cdb35ca8e0_0 .net "MUX32_2_3_out", 31 0, L_000001cdb35cdda0;  1 drivers
v000001cdb35ca2a0_0 .net "MUX32_4_1_c", 1 0, L_000001cdb35cf7e0;  1 drivers
o000001cdb356a9b8 .functor BUFZ 32, C4<zzzzzzzzzzzzzzzzzzzzzzzzzzzzzzzz>; HiZ drive
v000001cdb35cade0_0 .net "MUX32_4_1_i0", 31 0, o000001cdb356a9b8;  0 drivers
v000001cdb35caac0_0 .net "MUX32_4_1_i1", 31 0, v000001cdb35c0c80_0;  1 drivers
v000001cdb35cb420_0 .net "MUX32_4_1_i2", 31 0, v000001cdb35c0e60_0;  1 drivers
o000001cdb356a9e8 .functor BUFZ 32, C4<zzzzzzzzzzzzzzzzzzzzzzzzzzzzzzzz>; HiZ drive
v000001cdb35ca340_0 .net "MUX32_4_1_i3", 31 0, o000001cdb356a9e8;  0 drivers
v000001cdb35cbd80_0 .net "MUX32_4_1_out", 31 0, L_000001cdb35cdb20;  1 drivers
v000001cdb35cb2e0_0 .net "MUX5_1_c", 0 0, L_000001cdb3176800;  1 drivers
v000001cdb35cbec0_0 .net "MUX5_1_i0", 4 0, L_000001cdb35cf4c0;  1 drivers
v000001cdb35cba60_0 .net "MUX5_1_i1", 4 0, L_000001cdb35cf740;  1 drivers
v000001cdb35cbe20_0 .net "MUX5_1_out", 4 0, L_000001cdb35cc680;  1 drivers
v000001cdb35caca0_0 .net "MemRd", 0 0, v000001cdb35c2ab0_0;  1 drivers
v000001cdb35ca0c0_0 .net "MemWr", 0 0, v000001cdb35c1bb0_0;  1 drivers
v000001cdb35cbf60_0 .net "MemtoReg", 0 0, v000001cdb35c9b90_0;  1 drivers
v000001cdb35cb9c0_0 .net "NPC1", 31 0, v000001cdb35c0a00_0;  1 drivers
v000001cdb35cab60_0 .net "NPC2", 31 0, L_000001cdb362c5e0;  1 drivers
v000001cdb35cae80_0 .net "NPC3", 31 0, L_000001cdb35cfec0;  1 drivers
v000001cdb35cac00_0 .net "OP_Code", 5 0, v000001cdb35bf740_0;  1 drivers
v000001cdb35ca520_0 .net "PCSrc", 0 0, L_000001cdb362cab0;  1 drivers
v000001cdb35cbba0_0 .net "PC_in", 31 0, L_000001cdb362c9d0;  1 drivers
v000001cdb35caf20_0 .net "PC_out", 31 0, v000001cdb35c4c70_0;  1 drivers
v000001cdb35cafc0_0 .net "RF_R_Reg1", 4 0, L_000001cdb35cf920;  1 drivers
v000001cdb35cb6a0_0 .net "RF_R_Reg2", 4 0, L_000001cdb35cf9c0;  1 drivers
v000001cdb35cb740_0 .net "RF_R_data1", 31 0, L_000001cdb35cd940;  1 drivers
v000001cdb35cbb00_0 .net "RF_R_data2", 31 0, L_000001cdb35cf240;  1 drivers
v000001cdb35ca160_0 .net "RF_W", 0 0, L_000001cdb362cdc0;  1 drivers
v000001cdb35cb060_0 .net "RF_W_Reg", 4 0, L_000001cdb362c260;  1 drivers
v000001cdb35cbc40_0 .net "RF_W_data", 31 0, L_000001cdb362c6c0;  1 drivers
v000001cdb35ca5c0_0 .net "RegDst", 0 0, v000001cdb35c8d30_0;  1 drivers
v000001cdb35cb7e0_0 .net "RegWr", 0 0, v000001cdb35c9050_0;  1 drivers
v000001cdb35cb100_0 .net "Rs", 4 0, v000001cdb35c0780_0;  1 drivers
v000001cdb35cb1a0_0 .net "Rt", 4 0, v000001cdb35c0820_0;  1 drivers
v000001cdb35cb880_0 .net "SHL26_in", 25 0, L_000001cdb35cfc40;  1 drivers
v000001cdb35ca200_0 .net "SHL26_out", 27 0, L_000001cdb35cee80;  1 drivers
v000001cdb35cd9e0_0 .net "SHL32_in", 31 0, L_000001cdb362cff0;  1 drivers
v000001cdb35ce200_0 .net "SHL32_out", 31 0, L_000001cdb35cf2e0;  1 drivers
v000001cdb35cdc60_0 .net "Sig16", 15 0, L_000001cdb35cfa60;  1 drivers
v000001cdb35cc360_0 .net "Sig32", 31 0, L_000001cdb35cefc0;  1 drivers
v000001cdb35ccc20_0 .net "ZF", 0 0, v000001cdb35c05a0_0;  1 drivers
v000001cdb35cccc0_0 .net *"_ivl_34", 0 0, L_000001cdb362cd50;  1 drivers
v000001cdb35ce020_0 .net *"_ivl_44", 0 0, L_000001cdb362c810;  1 drivers
v000001cdb35cc400_0 .net *"_ivl_69", 3 0, L_000001cdb35cfce0;  1 drivers
v000001cdb35cc220_0 .net *"_ivl_70", 3 0, L_000001cdb35cfb00;  1 drivers
v000001cdb35cc4a0_0 .net *"_ivl_72", 27 0, L_000001cdb35cfe20;  1 drivers
v000001cdb35cc540_0 .net "clk", 0 0, v000001cdb35cc9a0_0;  1 drivers
v000001cdb35cc180_0 .net "reset", 0 0, v000001cdb35cc2c0_0;  1 drivers
L_000001cdb35cf380 .part v000001cdb35c0000_0, 0, 6;
L_000001cdb35cf4c0 .part v000001cdb35c1cf0_0, 16, 5;
L_000001cdb35cf740 .part v000001cdb35c1cf0_0, 11, 5;
L_000001cdb35cf7e0 .concat [ 1 1 0 0], v000001cdb35c2c90_0, L_000001cdb362c810;
L_000001cdb35cf920 .part v000001cdb35bff60_0, 21, 5;
L_000001cdb35cf9c0 .part v000001cdb35bff60_0, 16, 5;
L_000001cdb35cfc40 .part v000001cdb35c0000_0, 0, 26;
L_000001cdb35cfa60 .part v000001cdb35bff60_0, 0, 16;
L_000001cdb35cfce0 .part v000001cdb35bfce0_0, 28, 4;
L_000001cdb35cfb00 .concat [ 4 0 0 0], L_000001cdb35cfce0;
L_000001cdb35cfe20 .concat [ 28 0 0 0], L_000001cdb35cee80;
L_000001cdb35cfec0 .concat [ 28 4 0 0], L_000001cdb35cfe20, L_000001cdb35cfb00;
S_000001cdb3192a00 .scope module, "add1" "ADD32" 3 31, 4 2 0, S_000001cdb3192870;
 .timescale -9 -12;
    .port_info 0 /INPUT 32 "a";
    .port_info 1 /INPUT 32 "b";
    .port_info 2 /OUTPUT 32 "c";
v000001cdb3211ea0_0 .net "a", 31 0, L_000001cdb35d0ab8;  alias, 1 drivers
v000001cdb32121c0_0 .net "b", 31 0, L_000001cdb320c090;  alias, 1 drivers
v000001cdb3210780_0 .net "c", 31 0, L_000001cdb35cdf80;  alias, 1 drivers
L_000001cdb35cdf80 .arith/sum 32, L_000001cdb35d0ab8, L_000001cdb320c090;
S_000001cdb3192b90 .scope module, "add2" "ADD32" 3 31, 4 2 0, S_000001cdb3192870;
 .timescale -9 -12;
    .port_info 0 /INPUT 32 "a";
    .port_info 1 /INPUT 32 "b";
    .port_info 2 /OUTPUT 32 "c";
v000001cdb3210dc0_0 .net "a", 31 0, v000001cdb35bfce0_0;  alias, 1 drivers
v000001cdb3212300_0 .net "b", 31 0, L_000001cdb320c560;  alias, 1 drivers
v000001cdb3211540_0 .net "c", 31 0, L_000001cdb35cda80;  alias, 1 drivers
L_000001cdb35cda80 .arith/sum 32, v000001cdb35bfce0_0, L_000001cdb320c560;
S_000001cdb31a8ae0 .scope module, "alu" "ALU" 3 32, 5 2 0, S_000001cdb3192870;
 .timescale -9 -12;
    .port_info 0 /INPUT 32 "a";
    .port_info 1 /INPUT 32 "b";
    .port_info 2 /OUTPUT 32 "out";
    .port_info 3 /INPUT 3 "mod";
    .port_info 4 /OUTPUT 1 "zero";
    .port_info 5 /OUTPUT 1 "overflow";
v000001cdb32123a0_0 .net "a", 31 0, v000001cdb35c1b10_0;  alias, 1 drivers
v000001cdb32124e0_0 .net "b", 31 0, L_000001cdb320be60;  alias, 1 drivers
v000001cdb3211400_0 .net "mod", 2 0, L_000001cdb320bbc0;  alias, 1 drivers
v000001cdb3212620_0 .var "out", 31 0;
v000001cdb3210960_0 .var "overflow", 0 0;
v000001cdb3211720_0 .var "zero", 0 0;
E_000001cdb31f98e0 .event anyedge, v000001cdb3211400_0, v000001cdb32123a0_0, v000001cdb32124e0_0, v000001cdb3212620_0;
S_000001cdb31a8c70 .scope module, "alucu" "ALUCU" 3 33, 6 2 0, S_000001cdb3192870;
 .timescale -9 -12;
    .port_info 0 /INPUT 2 "ALUOp";
    .port_info 1 /INPUT 6 "funct";
    .port_info 2 /OUTPUT 3 "ALUCtrl";
v000001cdb3210e60_0 .var "ALUCtrl", 2 0;
v000001cdb3212580_0 .net "ALUOp", 1 0, v000001cdb35c0280_0;  alias, 1 drivers
v000001cdb3211180_0 .net "funct", 5 0, L_000001cdb320c5d0;  alias, 1 drivers
E_000001cdb31f9ee0 .event anyedge, v000001cdb3212580_0, v000001cdb3211180_0;
S_000001cdb31a8e00 .scope module, "dm" "DM" 3 34, 7 2 0, S_000001cdb3192870;
 .timescale -9 -12;
    .port_info 0 /INPUT 1 "R";
    .port_info 1 /INPUT 1 "W";
    .port_info 2 /INPUT 32 "Addr";
    .port_info 3 /INPUT 32 "W_data";
    .port_info 4 /OUTPUT 32 "R_data";
v000001cdb3211220_0 .net "Addr", 31 0, v000001cdb35c0b40_0;  alias, 1 drivers
v000001cdb31d26e0_0 .net "R", 0 0, L_000001cdb320c3a0;  alias, 1 drivers
v000001cdb35bfb00_0 .var "R_data", 31 0;
v000001cdb35bf6a0_0 .net "W", 0 0, L_000001cdb320c640;  alias, 1 drivers
v000001cdb35c08c0_0 .net "W_data", 31 0, L_000001cdb320b840;  alias, 1 drivers
v000001cdb35bf920_0 .var/i "fd1", 31 0;
v000001cdb35c0aa0_0 .var/i "i", 31 0;
v000001cdb35bf060 .array "mem", 31 0, 7 0;
v000001cdb35bf060_0 .array/port v000001cdb35bf060, 0;
v000001cdb35bf060_1 .array/port v000001cdb35bf060, 1;
E_000001cdb31f9f20/0 .event anyedge, v000001cdb31d26e0_0, v000001cdb3211220_0, v000001cdb35bf060_0, v000001cdb35bf060_1;
v000001cdb35bf060_2 .array/port v000001cdb35bf060, 2;
v000001cdb35bf060_3 .array/port v000001cdb35bf060, 3;
v000001cdb35bf060_4 .array/port v000001cdb35bf060, 4;
v000001cdb35bf060_5 .array/port v000001cdb35bf060, 5;
E_000001cdb31f9f20/1 .event anyedge, v000001cdb35bf060_2, v000001cdb35bf060_3, v000001cdb35bf060_4, v000001cdb35bf060_5;
v000001cdb35bf060_6 .array/port v000001cdb35bf060, 6;
v000001cdb35bf060_7 .array/port v000001cdb35bf060, 7;
v000001cdb35bf060_8 .array/port v000001cdb35bf060, 8;
v000001cdb35bf060_9 .array/port v000001cdb35bf060, 9;
E_000001cdb31f9f20/2 .event anyedge, v000001cdb35bf060_6, v000001cdb35bf060_7, v000001cdb35bf060_8, v000001cdb35bf060_9;
v000001cdb35bf060_10 .array/port v000001cdb35bf060, 10;
v000001cdb35bf060_11 .array/port v000001cdb35bf060, 11;
v000001cdb35bf060_12 .array/port v000001cdb35bf060, 12;
v000001cdb35bf060_13 .array/port v000001cdb35bf060, 13;
E_000001cdb31f9f20/3 .event anyedge, v000001cdb35bf060_10, v000001cdb35bf060_11, v000001cdb35bf060_12, v000001cdb35bf060_13;
v000001cdb35bf060_14 .array/port v000001cdb35bf060, 14;
v000001cdb35bf060_15 .array/port v000001cdb35bf060, 15;
v000001cdb35bf060_16 .array/port v000001cdb35bf060, 16;
v000001cdb35bf060_17 .array/port v000001cdb35bf060, 17;
E_000001cdb31f9f20/4 .event anyedge, v000001cdb35bf060_14, v000001cdb35bf060_15, v000001cdb35bf060_16, v000001cdb35bf060_17;
v000001cdb35bf060_18 .array/port v000001cdb35bf060, 18;
v000001cdb35bf060_19 .array/port v000001cdb35bf060, 19;
v000001cdb35bf060_20 .array/port v000001cdb35bf060, 20;
v000001cdb35bf060_21 .array/port v000001cdb35bf060, 21;
E_000001cdb31f9f20/5 .event anyedge, v000001cdb35bf060_18, v000001cdb35bf060_19, v000001cdb35bf060_20, v000001cdb35bf060_21;
v000001cdb35bf060_22 .array/port v000001cdb35bf060, 22;
v000001cdb35bf060_23 .array/port v000001cdb35bf060, 23;
v000001cdb35bf060_24 .array/port v000001cdb35bf060, 24;
v000001cdb35bf060_25 .array/port v000001cdb35bf060, 25;
E_000001cdb31f9f20/6 .event anyedge, v000001cdb35bf060_22, v000001cdb35bf060_23, v000001cdb35bf060_24, v000001cdb35bf060_25;
v000001cdb35bf060_26 .array/port v000001cdb35bf060, 26;
v000001cdb35bf060_27 .array/port v000001cdb35bf060, 27;
v000001cdb35bf060_28 .array/port v000001cdb35bf060, 28;
v000001cdb35bf060_29 .array/port v000001cdb35bf060, 29;
E_000001cdb31f9f20/7 .event anyedge, v000001cdb35bf060_26, v000001cdb35bf060_27, v000001cdb35bf060_28, v000001cdb35bf060_29;
v000001cdb35bf060_30 .array/port v000001cdb35bf060, 30;
v000001cdb35bf060_31 .array/port v000001cdb35bf060, 31;
E_000001cdb31f9f20/8 .event anyedge, v000001cdb35bf060_30, v000001cdb35bf060_31, v000001cdb35bf6a0_0, v000001cdb35c08c0_0;
E_000001cdb31f9f20/9 .event anyedge, v000001cdb35bf920_0;
E_000001cdb31f9f20 .event/or E_000001cdb31f9f20/0, E_000001cdb31f9f20/1, E_000001cdb31f9f20/2, E_000001cdb31f9f20/3, E_000001cdb31f9f20/4, E_000001cdb31f9f20/5, E_000001cdb31f9f20/6, E_000001cdb31f9f20/7, E_000001cdb31f9f20/8, E_000001cdb31f9f20/9;
S_000001cdb31a73b0 .scope module, "exma" "EXMA" 3 51, 8 2 0, S_000001cdb3192870;
 .timescale -9 -12;
    .port_info 0 /INPUT 1 "clk";
    .port_info 1 /INPUT 32 "NPC3in";
    .port_info 2 /OUTPUT 32 "NPC3out";
    .port_info 3 /INPUT 32 "NPC2in";
    .port_info 4 /OUTPUT 32 "NPC2out";
    .port_info 5 /INPUT 1 "Flagin";
    .port_info 6 /INPUT 32 "Rtin";
    .port_info 7 /INPUT 32 "ALUOutin";
    .port_info 8 /INPUT 32 "IRin";
    .port_info 9 /OUTPUT 1 "Flagout";
    .port_info 10 /OUTPUT 32 "Rtout";
    .port_info 11 /OUTPUT 32 "ALUOutout";
    .port_info 12 /OUTPUT 32 "IRout";
v000001cdb35bfe20_0 .var "ALUOut", 31 0;
v000001cdb35c0500_0 .net "ALUOutin", 31 0, v000001cdb3212620_0;  alias, 1 drivers
v000001cdb35c0b40_0 .var "ALUOutout", 31 0;
v000001cdb35c0640_0 .var "Flag", 0 0;
v000001cdb35bfd80_0 .net "Flagin", 0 0, v000001cdb3211720_0;  alias, 1 drivers
v000001cdb35c05a0_0 .var "Flagout", 0 0;
v000001cdb35c0140_0 .var "IR", 31 0;
v000001cdb35c03c0_0 .net "IRin", 31 0, v000001cdb35c0000_0;  alias, 1 drivers
v000001cdb35bfa60_0 .var "IRout", 31 0;
v000001cdb35c01e0_0 .var "NPC2", 31 0;
v000001cdb35bf7e0_0 .net "NPC2in", 31 0, L_000001cdb362c5e0;  alias, 1 drivers
v000001cdb35c0e60_0 .var "NPC2out", 31 0;
v000001cdb35bf600_0 .var "NPC3", 31 0;
v000001cdb35c0460_0 .net "NPC3in", 31 0, L_000001cdb35cfec0;  alias, 1 drivers
v000001cdb35c0c80_0 .var "NPC3out", 31 0;
v000001cdb35c0be0_0 .var "Rt", 31 0;
v000001cdb35c0d20_0 .net "Rtin", 31 0, v000001cdb35c2e70_0;  alias, 1 drivers
v000001cdb35c0f00_0 .var "Rtout", 31 0;
v000001cdb35bfec0_0 .net "clk", 0 0, v000001cdb35cc9a0_0;  alias, 1 drivers
E_000001cdb31f9f60 .event posedge, v000001cdb35bfec0_0;
S_000001cdb319ede0 .scope module, "exmcu" "EXMCU" 3 36, 9 2 0, S_000001cdb3192870;
 .timescale -9 -12;
    .port_info 0 /INPUT 32 "Inst";
    .port_info 1 /OUTPUT 2 "ALUOp";
    .port_info 2 /OUTPUT 1 "ALUSrc";
v000001cdb35c0280_0 .var "ALUOp", 1 0;
v000001cdb35c06e0_0 .var "ALUSrc", 0 0;
v000001cdb35bf4c0_0 .net "Inst", 31 0, v000001cdb35c0000_0;  alias, 1 drivers
v000001cdb35bf240_0 .var "OP_Code", 5 0;
E_000001cdb31fa0e0 .event anyedge, v000001cdb35c03c0_0, v000001cdb35bf240_0;
S_000001cdb319ef70 .scope module, "fiid" "FIID" 3 49, 10 2 0, S_000001cdb3192870;
 .timescale -9 -12;
    .port_info 0 /INPUT 1 "clk";
    .port_info 1 /INPUT 32 "NPC1in";
    .port_info 2 /INPUT 32 "IRin";
    .port_info 3 /OUTPUT 32 "IRout";
    .port_info 4 /OUTPUT 32 "NPC1out";
    .port_info 5 /OUTPUT 6 "OP_Code";
    .port_info 6 /OUTPUT 5 "Rs";
    .port_info 7 /OUTPUT 5 "Rt";
    .port_info 8 /OUTPUT 16 "Imm16";
v000001cdb35bf420_0 .net "IRin", 31 0, v000001cdb35c1110_0;  alias, 1 drivers
v000001cdb35bff60_0 .var "IRout", 31 0;
v000001cdb35bf100_0 .var "Imm16", 15 0;
v000001cdb35bf380_0 .var "Inst", 31 0;
v000001cdb35c0320_0 .var "NPC1", 31 0;
v000001cdb35c0960_0 .net "NPC1in", 31 0, L_000001cdb35cdf80;  alias, 1 drivers
v000001cdb35c0a00_0 .var "NPC1out", 31 0;
v000001cdb35bf740_0 .var "OP_Code", 5 0;
v000001cdb35c0780_0 .var "Rs", 4 0;
v000001cdb35c0820_0 .var "Rt", 4 0;
v000001cdb35c0dc0_0 .net "clk", 0 0, v000001cdb35cc9a0_0;  alias, 1 drivers
S_000001cdb31a07c0 .scope module, "idex" "IDEX" 3 50, 11 2 0, S_000001cdb3192870;
 .timescale -9 -12;
    .port_info 0 /INPUT 1 "clk";
    .port_info 1 /INPUT 32 "NPC1in";
    .port_info 2 /OUTPUT 32 "NPC1out";
    .port_info 3 /INPUT 32 "Rsin";
    .port_info 4 /INPUT 32 "Rtin";
    .port_info 5 /INPUT 32 "Imm32in";
    .port_info 6 /INPUT 32 "IRin";
    .port_info 7 /OUTPUT 32 "Rsout";
    .port_info 8 /OUTPUT 32 "Rtout";
    .port_info 9 /OUTPUT 32 "Imm32out";
    .port_info 10 /OUTPUT 32 "IRout";
v000001cdb35bf1a0_0 .var "IR", 31 0;
v000001cdb35bf2e0_0 .net "IRin", 31 0, v000001cdb35bff60_0;  alias, 1 drivers
v000001cdb35c0000_0 .var "IRout", 31 0;
v000001cdb35c00a0_0 .var "Imm32", 31 0;
v000001cdb35bf560_0 .net "Imm32in", 31 0, L_000001cdb35cefc0;  alias, 1 drivers
v000001cdb35bf880_0 .var "Imm32out", 31 0;
v000001cdb35bf9c0_0 .var "NPC1", 31 0;
v000001cdb35bfc40_0 .net "NPC1in", 31 0, v000001cdb35c0a00_0;  alias, 1 drivers
v000001cdb35bfce0_0 .var "NPC1out", 31 0;
v000001cdb35c16b0_0 .var "Rs", 31 0;
v000001cdb35c2b50_0 .net "Rsin", 31 0, L_000001cdb35cd940;  alias, 1 drivers
v000001cdb35c1b10_0 .var "Rsout", 31 0;
v000001cdb35c1930_0 .var "Rt", 31 0;
v000001cdb35c1ed0_0 .net "Rtin", 31 0, L_000001cdb35cf240;  alias, 1 drivers
v000001cdb35c2e70_0 .var "Rtout", 31 0;
v000001cdb35c1070_0 .net "clk", 0 0, v000001cdb35cc9a0_0;  alias, 1 drivers
S_000001cdb31a0950 .scope module, "im" "IM" 3 35, 12 2 0, S_000001cdb3192870;
 .timescale -9 -12;
    .port_info 0 /INPUT 32 "Addr";
    .port_info 1 /OUTPUT 32 "Inst";
v000001cdb35c2470_0 .net "Addr", 31 0, L_000001cdb320b990;  alias, 1 drivers
v000001cdb35c1110_0 .var "Inst", 31 0;
v000001cdb35c19d0 .array "mem", 63 0, 7 0;
v000001cdb35c19d0_0 .array/port v000001cdb35c19d0, 0;
v000001cdb35c19d0_1 .array/port v000001cdb35c19d0, 1;
v000001cdb35c19d0_2 .array/port v000001cdb35c19d0, 2;
E_000001cdb31fafa0/0 .event anyedge, v000001cdb35c2470_0, v000001cdb35c19d0_0, v000001cdb35c19d0_1, v000001cdb35c19d0_2;
v000001cdb35c19d0_3 .array/port v000001cdb35c19d0, 3;
v000001cdb35c19d0_4 .array/port v000001cdb35c19d0, 4;
v000001cdb35c19d0_5 .array/port v000001cdb35c19d0, 5;
v000001cdb35c19d0_6 .array/port v000001cdb35c19d0, 6;
E_000001cdb31fafa0/1 .event anyedge, v000001cdb35c19d0_3, v000001cdb35c19d0_4, v000001cdb35c19d0_5, v000001cdb35c19d0_6;
v000001cdb35c19d0_7 .array/port v000001cdb35c19d0, 7;
v000001cdb35c19d0_8 .array/port v000001cdb35c19d0, 8;
v000001cdb35c19d0_9 .array/port v000001cdb35c19d0, 9;
v000001cdb35c19d0_10 .array/port v000001cdb35c19d0, 10;
E_000001cdb31fafa0/2 .event anyedge, v000001cdb35c19d0_7, v000001cdb35c19d0_8, v000001cdb35c19d0_9, v000001cdb35c19d0_10;
v000001cdb35c19d0_11 .array/port v000001cdb35c19d0, 11;
v000001cdb35c19d0_12 .array/port v000001cdb35c19d0, 12;
v000001cdb35c19d0_13 .array/port v000001cdb35c19d0, 13;
v000001cdb35c19d0_14 .array/port v000001cdb35c19d0, 14;
E_000001cdb31fafa0/3 .event anyedge, v000001cdb35c19d0_11, v000001cdb35c19d0_12, v000001cdb35c19d0_13, v000001cdb35c19d0_14;
v000001cdb35c19d0_15 .array/port v000001cdb35c19d0, 15;
v000001cdb35c19d0_16 .array/port v000001cdb35c19d0, 16;
v000001cdb35c19d0_17 .array/port v000001cdb35c19d0, 17;
v000001cdb35c19d0_18 .array/port v000001cdb35c19d0, 18;
E_000001cdb31fafa0/4 .event anyedge, v000001cdb35c19d0_15, v000001cdb35c19d0_16, v000001cdb35c19d0_17, v000001cdb35c19d0_18;
v000001cdb35c19d0_19 .array/port v000001cdb35c19d0, 19;
v000001cdb35c19d0_20 .array/port v000001cdb35c19d0, 20;
v000001cdb35c19d0_21 .array/port v000001cdb35c19d0, 21;
v000001cdb35c19d0_22 .array/port v000001cdb35c19d0, 22;
E_000001cdb31fafa0/5 .event anyedge, v000001cdb35c19d0_19, v000001cdb35c19d0_20, v000001cdb35c19d0_21, v000001cdb35c19d0_22;
v000001cdb35c19d0_23 .array/port v000001cdb35c19d0, 23;
v000001cdb35c19d0_24 .array/port v000001cdb35c19d0, 24;
v000001cdb35c19d0_25 .array/port v000001cdb35c19d0, 25;
v000001cdb35c19d0_26 .array/port v000001cdb35c19d0, 26;
E_000001cdb31fafa0/6 .event anyedge, v000001cdb35c19d0_23, v000001cdb35c19d0_24, v000001cdb35c19d0_25, v000001cdb35c19d0_26;
v000001cdb35c19d0_27 .array/port v000001cdb35c19d0, 27;
v000001cdb35c19d0_28 .array/port v000001cdb35c19d0, 28;
v000001cdb35c19d0_29 .array/port v000001cdb35c19d0, 29;
v000001cdb35c19d0_30 .array/port v000001cdb35c19d0, 30;
E_000001cdb31fafa0/7 .event anyedge, v000001cdb35c19d0_27, v000001cdb35c19d0_28, v000001cdb35c19d0_29, v000001cdb35c19d0_30;
v000001cdb35c19d0_31 .array/port v000001cdb35c19d0, 31;
v000001cdb35c19d0_32 .array/port v000001cdb35c19d0, 32;
v000001cdb35c19d0_33 .array/port v000001cdb35c19d0, 33;
v000001cdb35c19d0_34 .array/port v000001cdb35c19d0, 34;
E_000001cdb31fafa0/8 .event anyedge, v000001cdb35c19d0_31, v000001cdb35c19d0_32, v000001cdb35c19d0_33, v000001cdb35c19d0_34;
v000001cdb35c19d0_35 .array/port v000001cdb35c19d0, 35;
v000001cdb35c19d0_36 .array/port v000001cdb35c19d0, 36;
v000001cdb35c19d0_37 .array/port v000001cdb35c19d0, 37;
v000001cdb35c19d0_38 .array/port v000001cdb35c19d0, 38;
E_000001cdb31fafa0/9 .event anyedge, v000001cdb35c19d0_35, v000001cdb35c19d0_36, v000001cdb35c19d0_37, v000001cdb35c19d0_38;
v000001cdb35c19d0_39 .array/port v000001cdb35c19d0, 39;
v000001cdb35c19d0_40 .array/port v000001cdb35c19d0, 40;
v000001cdb35c19d0_41 .array/port v000001cdb35c19d0, 41;
v000001cdb35c19d0_42 .array/port v000001cdb35c19d0, 42;
E_000001cdb31fafa0/10 .event anyedge, v000001cdb35c19d0_39, v000001cdb35c19d0_40, v000001cdb35c19d0_41, v000001cdb35c19d0_42;
v000001cdb35c19d0_43 .array/port v000001cdb35c19d0, 43;
v000001cdb35c19d0_44 .array/port v000001cdb35c19d0, 44;
v000001cdb35c19d0_45 .array/port v000001cdb35c19d0, 45;
v000001cdb35c19d0_46 .array/port v000001cdb35c19d0, 46;
E_000001cdb31fafa0/11 .event anyedge, v000001cdb35c19d0_43, v000001cdb35c19d0_44, v000001cdb35c19d0_45, v000001cdb35c19d0_46;
v000001cdb35c19d0_47 .array/port v000001cdb35c19d0, 47;
v000001cdb35c19d0_48 .array/port v000001cdb35c19d0, 48;
v000001cdb35c19d0_49 .array/port v000001cdb35c19d0, 49;
v000001cdb35c19d0_50 .array/port v000001cdb35c19d0, 50;
E_000001cdb31fafa0/12 .event anyedge, v000001cdb35c19d0_47, v000001cdb35c19d0_48, v000001cdb35c19d0_49, v000001cdb35c19d0_50;
v000001cdb35c19d0_51 .array/port v000001cdb35c19d0, 51;
v000001cdb35c19d0_52 .array/port v000001cdb35c19d0, 52;
v000001cdb35c19d0_53 .array/port v000001cdb35c19d0, 53;
v000001cdb35c19d0_54 .array/port v000001cdb35c19d0, 54;
E_000001cdb31fafa0/13 .event anyedge, v000001cdb35c19d0_51, v000001cdb35c19d0_52, v000001cdb35c19d0_53, v000001cdb35c19d0_54;
v000001cdb35c19d0_55 .array/port v000001cdb35c19d0, 55;
v000001cdb35c19d0_56 .array/port v000001cdb35c19d0, 56;
v000001cdb35c19d0_57 .array/port v000001cdb35c19d0, 57;
v000001cdb35c19d0_58 .array/port v000001cdb35c19d0, 58;
E_000001cdb31fafa0/14 .event anyedge, v000001cdb35c19d0_55, v000001cdb35c19d0_56, v000001cdb35c19d0_57, v000001cdb35c19d0_58;
v000001cdb35c19d0_59 .array/port v000001cdb35c19d0, 59;
v000001cdb35c19d0_60 .array/port v000001cdb35c19d0, 60;
v000001cdb35c19d0_61 .array/port v000001cdb35c19d0, 61;
v000001cdb35c19d0_62 .array/port v000001cdb35c19d0, 62;
E_000001cdb31fafa0/15 .event anyedge, v000001cdb35c19d0_59, v000001cdb35c19d0_60, v000001cdb35c19d0_61, v000001cdb35c19d0_62;
v000001cdb35c19d0_63 .array/port v000001cdb35c19d0, 63;
E_000001cdb31fafa0/16 .event anyedge, v000001cdb35c19d0_63;
E_000001cdb31fafa0 .event/or E_000001cdb31fafa0/0, E_000001cdb31fafa0/1, E_000001cdb31fafa0/2, E_000001cdb31fafa0/3, E_000001cdb31fafa0/4, E_000001cdb31fafa0/5, E_000001cdb31fafa0/6, E_000001cdb31fafa0/7, E_000001cdb31fafa0/8, E_000001cdb31fafa0/9, E_000001cdb31fafa0/10, E_000001cdb31fafa0/11, E_000001cdb31fafa0/12, E_000001cdb31fafa0/13, E_000001cdb31fafa0/14, E_000001cdb31fafa0/15, E_000001cdb31fafa0/16;
S_000001cdb31a0ae0 .scope module, "mamcu" "MAMCU" 3 37, 13 2 0, S_000001cdb3192870;
 .timescale -9 -12;
    .port_info 0 /INPUT 32 "Inst";
    .port_info 1 /OUTPUT 1 "MemRd";
    .port_info 2 /OUTPUT 1 "MemWr";
    .port_info 3 /OUTPUT 1 "Jump";
    .port_info 4 /OUTPUT 1 "Branch";
v000001cdb35c1a70_0 .var "Branch", 0 0;
v000001cdb35c17f0_0 .net "Inst", 31 0, v000001cdb35bfa60_0;  alias, 1 drivers
v000001cdb35c2c90_0 .var "Jump", 0 0;
v000001cdb35c2ab0_0 .var "MemRd", 0 0;
v000001cdb35c1bb0_0 .var "MemWr", 0 0;
v000001cdb35c14d0_0 .var "OP_Code", 5 0;
E_000001cdb31fa720 .event anyedge, v000001cdb35bfa60_0, v000001cdb35c14d0_0;
S_000001cdb31878d0 .scope module, "mawb" "MAWB" 3 52, 14 2 0, S_000001cdb3192870;
 .timescale -9 -12;
    .port_info 0 /INPUT 1 "clk";
    .port_info 1 /INPUT 32 "MEMOutin";
    .port_info 2 /INPUT 32 "ALUOutin";
    .port_info 3 /INPUT 32 "IRin";
    .port_info 4 /OUTPUT 32 "MEMOutout";
    .port_info 5 /OUTPUT 32 "ALUOutout";
    .port_info 6 /OUTPUT 32 "IRout";
v000001cdb35c1c50_0 .var "ALUOut", 31 0;
v000001cdb35c1d90_0 .net "ALUOutin", 31 0, v000001cdb35c0b40_0;  alias, 1 drivers
v000001cdb35c2f10_0 .var "ALUOutout", 31 0;
v000001cdb35c1e30_0 .var "IR", 31 0;
v000001cdb35c2bf0_0 .net "IRin", 31 0, v000001cdb35bfa60_0;  alias, 1 drivers
v000001cdb35c1cf0_0 .var "IRout", 31 0;
v000001cdb35c1570_0 .var "MEMOut", 31 0;
v000001cdb35c1f70_0 .net "MEMOutin", 31 0, v000001cdb35bfb00_0;  alias, 1 drivers
v000001cdb35c26f0_0 .var "MEMOutout", 31 0;
v000001cdb35c2330_0 .net "clk", 0 0, v000001cdb35cc9a0_0;  alias, 1 drivers
S_000001cdb3187a60 .scope module, "mux32_2_1" "MUX32_2" 3 40, 15 2 0, S_000001cdb3192870;
 .timescale -9 -12;
    .port_info 0 /INPUT 1 "Ctrl";
    .port_info 1 /INPUT 32 "i0";
    .port_info 2 /INPUT 32 "i1";
    .port_info 3 /OUTPUT 32 "out";
v000001cdb35c2010_0 .net "Ctrl", 0 0, L_000001cdb31d1970;  alias, 1 drivers
v000001cdb35c20b0_0 .net *"_ivl_0", 31 0, L_000001cdb35cd440;  1 drivers
L_000001cdb35d0128 .functor BUFT 1, C4<0000000000000000000000000000000>, C4<0>, C4<0>, C4<0>;
v000001cdb35c2150_0 .net *"_ivl_3", 30 0, L_000001cdb35d0128;  1 drivers
L_000001cdb35d0170 .functor BUFT 1, C4<00000000000000000000000000000000>, C4<0>, C4<0>, C4<0>;
v000001cdb35c1610_0 .net/2u *"_ivl_4", 31 0, L_000001cdb35d0170;  1 drivers
v000001cdb35c21f0_0 .net *"_ivl_6", 0 0, L_000001cdb35cd760;  1 drivers
v000001cdb35c2290_0 .net "i0", 31 0, v000001cdb35c2f10_0;  alias, 1 drivers
v000001cdb35c23d0_0 .net "i1", 31 0, v000001cdb35c26f0_0;  alias, 1 drivers
v000001cdb35c1390_0 .net "out", 31 0, L_000001cdb35ce340;  alias, 1 drivers
L_000001cdb35cd440 .concat [ 1 31 0 0], L_000001cdb31d1970, L_000001cdb35d0128;
L_000001cdb35cd760 .cmp/eq 32, L_000001cdb35cd440, L_000001cdb35d0170;
L_000001cdb35ce340 .functor MUXZ 32, v000001cdb35c26f0_0, v000001cdb35c2f10_0, L_000001cdb35cd760, C4<>;
S_000001cdb3187bf0 .scope module, "mux32_2_2" "MUX32_2" 3 41, 15 2 0, S_000001cdb3192870;
 .timescale -9 -12;
    .port_info 0 /INPUT 1 "Ctrl";
    .port_info 1 /INPUT 32 "i0";
    .port_info 2 /INPUT 32 "i1";
    .port_info 3 /OUTPUT 32 "out";
v000001cdb35c1890_0 .net "Ctrl", 0 0, L_000001cdb362c960;  alias, 1 drivers
v000001cdb35c2510_0 .net *"_ivl_0", 31 0, L_000001cdb35ccfe0;  1 drivers
L_000001cdb35d01b8 .functor BUFT 1, C4<0000000000000000000000000000000>, C4<0>, C4<0>, C4<0>;
v000001cdb35c2d30_0 .net *"_ivl_3", 30 0, L_000001cdb35d01b8;  1 drivers
L_000001cdb35d0200 .functor BUFT 1, C4<00000000000000000000000000000000>, C4<0>, C4<0>, C4<0>;
v000001cdb35c1430_0 .net/2u *"_ivl_4", 31 0, L_000001cdb35d0200;  1 drivers
v000001cdb35c2dd0_0 .net *"_ivl_6", 0 0, L_000001cdb35cd080;  1 drivers
v000001cdb35c25b0_0 .net "i0", 31 0, L_000001cdb362c420;  alias, 1 drivers
v000001cdb35c2650_0 .net "i1", 31 0, v000001cdb35bf880_0;  alias, 1 drivers
v000001cdb35c1750_0 .net "out", 31 0, L_000001cdb35cdee0;  alias, 1 drivers
L_000001cdb35ccfe0 .concat [ 1 31 0 0], L_000001cdb362c960, L_000001cdb35d01b8;
L_000001cdb35cd080 .cmp/eq 32, L_000001cdb35ccfe0, L_000001cdb35d0200;
L_000001cdb35cdee0 .functor MUXZ 32, v000001cdb35bf880_0, L_000001cdb362c420, L_000001cdb35cd080, C4<>;
S_000001cdb3195330 .scope module, "mux32_2_3" "MUX32_2" 3 42, 15 2 0, S_000001cdb3192870;
 .timescale -9 -12;
    .port_info 0 /INPUT 1 "Ctrl";
    .port_info 1 /INPUT 32 "i0";
    .port_info 2 /INPUT 32 "i1";
    .port_info 3 /OUTPUT 32 "out";
v000001cdb35c2a10_0 .net "Ctrl", 0 0, L_000001cdb362c570;  alias, 1 drivers
v000001cdb35c2790_0 .net *"_ivl_0", 31 0, L_000001cdb35ccae0;  1 drivers
L_000001cdb35d0248 .functor BUFT 1, C4<0000000000000000000000000000000>, C4<0>, C4<0>, C4<0>;
v000001cdb35c11b0_0 .net *"_ivl_3", 30 0, L_000001cdb35d0248;  1 drivers
L_000001cdb35d0290 .functor BUFT 1, C4<00000000000000000000000000000000>, C4<0>, C4<0>, C4<0>;
v000001cdb35c2830_0 .net/2u *"_ivl_4", 31 0, L_000001cdb35d0290;  1 drivers
v000001cdb35c1250_0 .net *"_ivl_6", 0 0, L_000001cdb35cc860;  1 drivers
v000001cdb35c28d0_0 .net "i0", 31 0, L_000001cdb362c880;  alias, 1 drivers
v000001cdb35c2970_0 .net "i1", 31 0, L_000001cdb362c500;  alias, 1 drivers
v000001cdb35c12f0_0 .net "out", 31 0, L_000001cdb35cdda0;  alias, 1 drivers
L_000001cdb35ccae0 .concat [ 1 31 0 0], L_000001cdb362c570, L_000001cdb35d0248;
L_000001cdb35cc860 .cmp/eq 32, L_000001cdb35ccae0, L_000001cdb35d0290;
L_000001cdb35cdda0 .functor MUXZ 32, L_000001cdb362c500, L_000001cdb362c880, L_000001cdb35cc860, C4<>;
S_000001cdb35c3e90 .scope module, "mux32_4_1" "MUX32_4" 3 43, 16 2 0, S_000001cdb3192870;
 .timescale -9 -12;
    .port_info 0 /INPUT 2 "Ctrl";
    .port_info 1 /INPUT 32 "i0";
    .port_info 2 /INPUT 32 "i1";
    .port_info 3 /INPUT 32 "i2";
    .port_info 4 /INPUT 32 "i3";
    .port_info 5 /OUTPUT 32 "out";
v000001cdb35c4950_0 .net "Ctrl", 1 0, L_000001cdb35cf7e0;  alias, 1 drivers
L_000001cdb35d02d8 .functor BUFT 1, C4<00>, C4<0>, C4<0>, C4<0>;
v000001cdb35c49f0_0 .net/2u *"_ivl_0", 1 0, L_000001cdb35d02d8;  1 drivers
v000001cdb35c4310_0 .net *"_ivl_10", 0 0, L_000001cdb35cd300;  1 drivers
v000001cdb35c4130_0 .net *"_ivl_12", 31 0, L_000001cdb35ce2a0;  1 drivers
v000001cdb35c43b0_0 .net *"_ivl_14", 31 0, L_000001cdb35cc7c0;  1 drivers
v000001cdb35c41d0_0 .net *"_ivl_2", 0 0, L_000001cdb35ce160;  1 drivers
L_000001cdb35d0320 .functor BUFT 1, C4<01>, C4<0>, C4<0>, C4<0>;
v000001cdb35c4ef0_0 .net/2u *"_ivl_4", 1 0, L_000001cdb35d0320;  1 drivers
v000001cdb35c46d0_0 .net *"_ivl_6", 0 0, L_000001cdb35ce7a0;  1 drivers
L_000001cdb35d0368 .functor BUFT 1, C4<10>, C4<0>, C4<0>, C4<0>;
v000001cdb35c4db0_0 .net/2u *"_ivl_8", 1 0, L_000001cdb35d0368;  1 drivers
v000001cdb35c4270_0 .net "i0", 31 0, o000001cdb356a9b8;  alias, 0 drivers
v000001cdb35c5850_0 .net "i1", 31 0, v000001cdb35c0c80_0;  alias, 1 drivers
v000001cdb35c57b0_0 .net "i2", 31 0, v000001cdb35c0e60_0;  alias, 1 drivers
v000001cdb35c4770_0 .net "i3", 31 0, o000001cdb356a9e8;  alias, 0 drivers
v000001cdb35c4630_0 .net "out", 31 0, L_000001cdb35cdb20;  alias, 1 drivers
L_000001cdb35ce160 .cmp/eq 2, L_000001cdb35cf7e0, L_000001cdb35d02d8;
L_000001cdb35ce7a0 .cmp/eq 2, L_000001cdb35cf7e0, L_000001cdb35d0320;
L_000001cdb35cd300 .cmp/eq 2, L_000001cdb35cf7e0, L_000001cdb35d0368;
L_000001cdb35ce2a0 .functor MUXZ 32, o000001cdb356a9e8, v000001cdb35c0e60_0, L_000001cdb35cd300, C4<>;
L_000001cdb35cc7c0 .functor MUXZ 32, L_000001cdb35ce2a0, v000001cdb35c0c80_0, L_000001cdb35ce7a0, C4<>;
L_000001cdb35cdb20 .functor MUXZ 32, L_000001cdb35cc7c0, o000001cdb356a9b8, L_000001cdb35ce160, C4<>;
S_000001cdb35c39e0 .scope module, "mux5" "MUX5" 3 39, 17 2 0, S_000001cdb3192870;
 .timescale -9 -12;
    .port_info 0 /INPUT 1 "Ctrl";
    .port_info 1 /INPUT 5 "i0";
    .port_info 2 /INPUT 5 "i1";
    .port_info 3 /OUTPUT 5 "out";
v000001cdb35c5350_0 .net "Ctrl", 0 0, L_000001cdb3176800;  alias, 1 drivers
v000001cdb35c44f0_0 .net *"_ivl_0", 31 0, L_000001cdb35ce0c0;  1 drivers
L_000001cdb35d0098 .functor BUFT 1, C4<0000000000000000000000000000000>, C4<0>, C4<0>, C4<0>;
v000001cdb35c4a90_0 .net *"_ivl_3", 30 0, L_000001cdb35d0098;  1 drivers
L_000001cdb35d00e0 .functor BUFT 1, C4<00000000000000000000000000000000>, C4<0>, C4<0>, C4<0>;
v000001cdb35c4f90_0 .net/2u *"_ivl_4", 31 0, L_000001cdb35d00e0;  1 drivers
v000001cdb35c4810_0 .net *"_ivl_6", 0 0, L_000001cdb35cc5e0;  1 drivers
v000001cdb35c5030_0 .net "i0", 4 0, L_000001cdb35cf4c0;  alias, 1 drivers
v000001cdb35c5210_0 .net "i1", 4 0, L_000001cdb35cf740;  alias, 1 drivers
v000001cdb35c50d0_0 .net "out", 4 0, L_000001cdb35cc680;  alias, 1 drivers
L_000001cdb35ce0c0 .concat [ 1 31 0 0], L_000001cdb3176800, L_000001cdb35d0098;
L_000001cdb35cc5e0 .cmp/eq 32, L_000001cdb35ce0c0, L_000001cdb35d00e0;
L_000001cdb35cc680 .functor MUXZ 5, L_000001cdb35cf740, L_000001cdb35cf4c0, L_000001cdb35cc5e0, C4<>;
S_000001cdb35c3850 .scope module, "pc" "PC" 3 44, 18 2 0, S_000001cdb3192870;
 .timescale -9 -12;
    .port_info 0 /INPUT 1 "clk";
    .port_info 1 /INPUT 1 "reset";
    .port_info 2 /INPUT 32 "addrin";
    .port_info 3 /OUTPUT 32 "addrout";
v000001cdb35c48b0_0 .net "addrin", 31 0, L_000001cdb362c9d0;  alias, 1 drivers
v000001cdb35c4c70_0 .var "addrout", 31 0;
v000001cdb35c53f0_0 .net "clk", 0 0, v000001cdb35cc9a0_0;  alias, 1 drivers
v000001cdb35c5170_0 .net "reset", 0 0, v000001cdb35cc2c0_0;  alias, 1 drivers
S_000001cdb35c3530 .scope module, "rf" "RF" 3 45, 19 2 0, S_000001cdb3192870;
 .timescale -9 -12;
    .port_info 0 /INPUT 1 "clk";
    .port_info 1 /INPUT 1 "W";
    .port_info 2 /INPUT 5 "R_Reg1";
    .port_info 3 /INPUT 5 "R_Reg2";
    .port_info 4 /INPUT 5 "W_Reg";
    .port_info 5 /INPUT 32 "W_data";
    .port_info 6 /OUTPUT 32 "R_data1";
    .port_info 7 /OUTPUT 32 "R_data2";
v000001cdb35c4090_0 .net "R_Reg1", 4 0, L_000001cdb35cf920;  alias, 1 drivers
v000001cdb35c5a30_0 .net "R_Reg2", 4 0, L_000001cdb35cf9c0;  alias, 1 drivers
v000001cdb35c52b0_0 .net "R_data1", 31 0, L_000001cdb35cd940;  alias, 1 drivers
v000001cdb35c5d50_0 .net "R_data2", 31 0, L_000001cdb35cf240;  alias, 1 drivers
v000001cdb35c5f30_0 .net "W", 0 0, L_000001cdb362cdc0;  alias, 1 drivers
v000001cdb35c4450_0 .net "W_Reg", 4 0, L_000001cdb362c260;  alias, 1 drivers
v000001cdb35c4590_0 .net "W_data", 31 0, L_000001cdb362c6c0;  alias, 1 drivers
v000001cdb35c4b30_0 .net *"_ivl_0", 7 0, L_000001cdb35ccea0;  1 drivers
v000001cdb35c5b70_0 .net *"_ivl_100", 7 0, L_000001cdb35cf600;  1 drivers
v000001cdb35c4bd0_0 .net *"_ivl_102", 7 0, L_000001cdb35cf060;  1 drivers
v000001cdb35c4d10_0 .net *"_ivl_104", 32 0, L_000001cdb35cf880;  1 drivers
L_000001cdb35d0830 .functor BUFT 1, C4<0000000000000000000000000000>, C4<0>, C4<0>, C4<0>;
v000001cdb35c4e50_0 .net *"_ivl_107", 27 0, L_000001cdb35d0830;  1 drivers
v000001cdb35c5e90_0 .net *"_ivl_108", 32 0, L_000001cdb35ceac0;  1 drivers
L_000001cdb35d03f8 .functor BUFT 1, C4<00>, C4<0>, C4<0>, C4<0>;
v000001cdb35c5490_0 .net *"_ivl_11", 1 0, L_000001cdb35d03f8;  1 drivers
v000001cdb35c5ad0_0 .net *"_ivl_110", 30 0, L_000001cdb35cfba0;  1 drivers
L_000001cdb35d0878 .functor BUFT 1, C4<00>, C4<0>, C4<0>, C4<0>;
v000001cdb35c5530_0 .net *"_ivl_112", 1 0, L_000001cdb35d0878;  1 drivers
L_000001cdb35d08c0 .functor BUFT 1, C4<000000000000000000000000000000010>, C4<0>, C4<0>, C4<0>;
v000001cdb35c55d0_0 .net/2u *"_ivl_114", 32 0, L_000001cdb35d08c0;  1 drivers
v000001cdb35c5670_0 .net *"_ivl_116", 32 0, L_000001cdb35cf100;  1 drivers
v000001cdb35c5710_0 .net *"_ivl_118", 7 0, L_000001cdb35cec00;  1 drivers
v000001cdb35c58f0_0 .net *"_ivl_12", 7 0, L_000001cdb35cc900;  1 drivers
v000001cdb35c5990_0 .net *"_ivl_120", 7 0, L_000001cdb35ceca0;  1 drivers
v000001cdb35c5c10_0 .net *"_ivl_122", 32 0, L_000001cdb35ced40;  1 drivers
L_000001cdb35d0908 .functor BUFT 1, C4<0000000000000000000000000000>, C4<0>, C4<0>, C4<0>;
v000001cdb35c5cb0_0 .net *"_ivl_125", 27 0, L_000001cdb35d0908;  1 drivers
v000001cdb35c5df0_0 .net *"_ivl_126", 32 0, L_000001cdb35cef20;  1 drivers
v000001cdb35c72c0_0 .net *"_ivl_128", 30 0, L_000001cdb35cf420;  1 drivers
L_000001cdb35d0950 .functor BUFT 1, C4<00>, C4<0>, C4<0>, C4<0>;
v000001cdb35c7900_0 .net *"_ivl_130", 1 0, L_000001cdb35d0950;  1 drivers
L_000001cdb35d0998 .functor BUFT 1, C4<000000000000000000000000000000011>, C4<0>, C4<0>, C4<0>;
v000001cdb35c6780_0 .net/2u *"_ivl_132", 32 0, L_000001cdb35d0998;  1 drivers
v000001cdb35c6820_0 .net *"_ivl_134", 32 0, L_000001cdb35cff60;  1 drivers
v000001cdb35c6a00_0 .net *"_ivl_136", 7 0, L_000001cdb35cf560;  1 drivers
v000001cdb35c7040_0 .net *"_ivl_14", 7 0, L_000001cdb35ccb80;  1 drivers
v000001cdb35c6b40_0 .net *"_ivl_16", 32 0, L_000001cdb35ccd60;  1 drivers
L_000001cdb35d0440 .functor BUFT 1, C4<0000000000000000000000000000>, C4<0>, C4<0>, C4<0>;
v000001cdb35c63c0_0 .net *"_ivl_19", 27 0, L_000001cdb35d0440;  1 drivers
v000001cdb35c79a0_0 .net *"_ivl_2", 4 0, L_000001cdb35cdbc0;  1 drivers
v000001cdb35c7540_0 .net *"_ivl_20", 32 0, L_000001cdb35cd620;  1 drivers
v000001cdb35c6460_0 .net *"_ivl_22", 30 0, L_000001cdb35cc720;  1 drivers
L_000001cdb35d0488 .functor BUFT 1, C4<00>, C4<0>, C4<0>, C4<0>;
v000001cdb35c7220_0 .net *"_ivl_24", 1 0, L_000001cdb35d0488;  1 drivers
L_000001cdb35d04d0 .functor BUFT 1, C4<000000000000000000000000000000001>, C4<0>, C4<0>, C4<0>;
v000001cdb35c6640_0 .net/2u *"_ivl_26", 32 0, L_000001cdb35d04d0;  1 drivers
v000001cdb35c6280_0 .net *"_ivl_28", 32 0, L_000001cdb35cd120;  1 drivers
v000001cdb35c6dc0_0 .net *"_ivl_30", 7 0, L_000001cdb35ce3e0;  1 drivers
v000001cdb35c66e0_0 .net *"_ivl_32", 7 0, L_000001cdb35cce00;  1 drivers
v000001cdb35c7400_0 .net *"_ivl_34", 32 0, L_000001cdb35cdd00;  1 drivers
L_000001cdb35d0518 .functor BUFT 1, C4<0000000000000000000000000000>, C4<0>, C4<0>, C4<0>;
v000001cdb35c6320_0 .net *"_ivl_37", 27 0, L_000001cdb35d0518;  1 drivers
v000001cdb35c7cc0_0 .net *"_ivl_38", 32 0, L_000001cdb35ccf40;  1 drivers
v000001cdb35c7360_0 .net *"_ivl_4", 2 0, L_000001cdb35cca40;  1 drivers
v000001cdb35c70e0_0 .net *"_ivl_40", 30 0, L_000001cdb35cc0e0;  1 drivers
L_000001cdb35d0560 .functor BUFT 1, C4<00>, C4<0>, C4<0>, C4<0>;
v000001cdb35c65a0_0 .net *"_ivl_42", 1 0, L_000001cdb35d0560;  1 drivers
L_000001cdb35d05a8 .functor BUFT 1, C4<000000000000000000000000000000010>, C4<0>, C4<0>, C4<0>;
v000001cdb35c68c0_0 .net/2u *"_ivl_44", 32 0, L_000001cdb35d05a8;  1 drivers
v000001cdb35c7860_0 .net *"_ivl_46", 32 0, L_000001cdb35cd260;  1 drivers
v000001cdb35c7d60_0 .net *"_ivl_48", 7 0, L_000001cdb35cd3a0;  1 drivers
v000001cdb35c75e0_0 .net *"_ivl_50", 7 0, L_000001cdb35cd8a0;  1 drivers
v000001cdb35c6be0_0 .net *"_ivl_52", 32 0, L_000001cdb35ce480;  1 drivers
L_000001cdb35d05f0 .functor BUFT 1, C4<0000000000000000000000000000>, C4<0>, C4<0>, C4<0>;
v000001cdb35c60a0_0 .net *"_ivl_55", 27 0, L_000001cdb35d05f0;  1 drivers
v000001cdb35c7680_0 .net *"_ivl_56", 32 0, L_000001cdb35cd4e0;  1 drivers
v000001cdb35c6960_0 .net *"_ivl_58", 30 0, L_000001cdb35cde40;  1 drivers
L_000001cdb35d03b0 .functor BUFT 1, C4<00>, C4<0>, C4<0>, C4<0>;
v000001cdb35c7720_0 .net *"_ivl_6", 1 0, L_000001cdb35d03b0;  1 drivers
L_000001cdb35d0638 .functor BUFT 1, C4<00>, C4<0>, C4<0>, C4<0>;
v000001cdb35c6aa0_0 .net *"_ivl_60", 1 0, L_000001cdb35d0638;  1 drivers
L_000001cdb35d0680 .functor BUFT 1, C4<000000000000000000000000000000011>, C4<0>, C4<0>, C4<0>;
v000001cdb35c74a0_0 .net/2u *"_ivl_62", 32 0, L_000001cdb35d0680;  1 drivers
v000001cdb35c7180_0 .net *"_ivl_64", 32 0, L_000001cdb35cd580;  1 drivers
v000001cdb35c77c0_0 .net *"_ivl_66", 7 0, L_000001cdb35cd6c0;  1 drivers
v000001cdb35c7a40_0 .net *"_ivl_70", 7 0, L_000001cdb35ce520;  1 drivers
v000001cdb35c6500_0 .net *"_ivl_72", 4 0, L_000001cdb35ce660;  1 drivers
v000001cdb35c6c80_0 .net *"_ivl_74", 2 0, L_000001cdb35ce5c0;  1 drivers
L_000001cdb35d06c8 .functor BUFT 1, C4<00>, C4<0>, C4<0>, C4<0>;
v000001cdb35c6d20_0 .net *"_ivl_76", 1 0, L_000001cdb35d06c8;  1 drivers
v000001cdb35c6e60_0 .net *"_ivl_78", 6 0, L_000001cdb35ce700;  1 drivers
v000001cdb35c7ae0_0 .net *"_ivl_8", 6 0, L_000001cdb35cd800;  1 drivers
L_000001cdb35d0710 .functor BUFT 1, C4<00>, C4<0>, C4<0>, C4<0>;
v000001cdb35c7b80_0 .net *"_ivl_81", 1 0, L_000001cdb35d0710;  1 drivers
v000001cdb35c6f00_0 .net *"_ivl_82", 7 0, L_000001cdb35ce840;  1 drivers
v000001cdb35c61e0_0 .net *"_ivl_84", 7 0, L_000001cdb35cf1a0;  1 drivers
v000001cdb35c7c20_0 .net *"_ivl_86", 32 0, L_000001cdb35cea20;  1 drivers
L_000001cdb35d0758 .functor BUFT 1, C4<0000000000000000000000000000>, C4<0>, C4<0>, C4<0>;
v000001cdb35c7e00_0 .net *"_ivl_89", 27 0, L_000001cdb35d0758;  1 drivers
v000001cdb35c7ea0_0 .net *"_ivl_90", 32 0, L_000001cdb35ceb60;  1 drivers
v000001cdb35c6fa0_0 .net *"_ivl_92", 30 0, L_000001cdb35ce980;  1 drivers
L_000001cdb35d07a0 .functor BUFT 1, C4<00>, C4<0>, C4<0>, C4<0>;
v000001cdb35c7f40_0 .net *"_ivl_94", 1 0, L_000001cdb35d07a0;  1 drivers
L_000001cdb35d07e8 .functor BUFT 1, C4<000000000000000000000000000000001>, C4<0>, C4<0>, C4<0>;
v000001cdb35c6140_0 .net/2u *"_ivl_96", 32 0, L_000001cdb35d07e8;  1 drivers
v000001cdb35c9550_0 .net *"_ivl_98", 32 0, L_000001cdb35cf6a0;  1 drivers
v000001cdb35c83d0_0 .net "clk", 0 0, v000001cdb35cc9a0_0;  alias, 1 drivers
v000001cdb35c8830_0 .var/i "fd1", 31 0;
v000001cdb35c99b0_0 .var/i "i", 31 0;
v000001cdb35c9a50 .array "mem", 31 0, 7 0;
E_000001cdb31fb6e0 .event negedge, v000001cdb35bfec0_0;
L_000001cdb35ccea0 .array/port v000001cdb35c9a50, L_000001cdb35cd800;
L_000001cdb35cca40 .part L_000001cdb35cf920, 0, 3;
L_000001cdb35cdbc0 .concat [ 2 3 0 0], L_000001cdb35d03b0, L_000001cdb35cca40;
L_000001cdb35cd800 .concat [ 5 2 0 0], L_000001cdb35cdbc0, L_000001cdb35d03f8;
L_000001cdb35cc900 .concat [ 8 0 0 0], L_000001cdb35ccea0;
L_000001cdb35ccb80 .array/port v000001cdb35c9a50, L_000001cdb35cd120;
L_000001cdb35ccd60 .concat [ 5 28 0 0], L_000001cdb35cf920, L_000001cdb35d0440;
L_000001cdb35cc720 .part L_000001cdb35ccd60, 0, 31;
L_000001cdb35cd620 .concat [ 2 31 0 0], L_000001cdb35d0488, L_000001cdb35cc720;
L_000001cdb35cd120 .arith/sum 33, L_000001cdb35cd620, L_000001cdb35d04d0;
L_000001cdb35ce3e0 .concat [ 8 0 0 0], L_000001cdb35ccb80;
L_000001cdb35cce00 .array/port v000001cdb35c9a50, L_000001cdb35cd260;
L_000001cdb35cdd00 .concat [ 5 28 0 0], L_000001cdb35cf920, L_000001cdb35d0518;
L_000001cdb35cc0e0 .part L_000001cdb35cdd00, 0, 31;
L_000001cdb35ccf40 .concat [ 2 31 0 0], L_000001cdb35d0560, L_000001cdb35cc0e0;
L_000001cdb35cd260 .arith/sum 33, L_000001cdb35ccf40, L_000001cdb35d05a8;
L_000001cdb35cd3a0 .concat [ 8 0 0 0], L_000001cdb35cce00;
L_000001cdb35cd8a0 .array/port v000001cdb35c9a50, L_000001cdb35cd580;
L_000001cdb35ce480 .concat [ 5 28 0 0], L_000001cdb35cf920, L_000001cdb35d05f0;
L_000001cdb35cde40 .part L_000001cdb35ce480, 0, 31;
L_000001cdb35cd4e0 .concat [ 2 31 0 0], L_000001cdb35d0638, L_000001cdb35cde40;
L_000001cdb35cd580 .arith/sum 33, L_000001cdb35cd4e0, L_000001cdb35d0680;
L_000001cdb35cd6c0 .concat [ 8 0 0 0], L_000001cdb35cd8a0;
L_000001cdb35cd940 .concat [ 8 8 8 8], L_000001cdb35cd6c0, L_000001cdb35cd3a0, L_000001cdb35ce3e0, L_000001cdb35cc900;
L_000001cdb35ce520 .array/port v000001cdb35c9a50, L_000001cdb35ce700;
L_000001cdb35ce5c0 .part L_000001cdb35cf9c0, 0, 3;
L_000001cdb35ce660 .concat [ 2 3 0 0], L_000001cdb35d06c8, L_000001cdb35ce5c0;
L_000001cdb35ce700 .concat [ 5 2 0 0], L_000001cdb35ce660, L_000001cdb35d0710;
L_000001cdb35ce840 .concat [ 8 0 0 0], L_000001cdb35ce520;
L_000001cdb35cf1a0 .array/port v000001cdb35c9a50, L_000001cdb35cf6a0;
L_000001cdb35cea20 .concat [ 5 28 0 0], L_000001cdb35cf9c0, L_000001cdb35d0758;
L_000001cdb35ce980 .part L_000001cdb35cea20, 0, 31;
L_000001cdb35ceb60 .concat [ 2 31 0 0], L_000001cdb35d07a0, L_000001cdb35ce980;
L_000001cdb35cf6a0 .arith/sum 33, L_000001cdb35ceb60, L_000001cdb35d07e8;
L_000001cdb35cf600 .concat [ 8 0 0 0], L_000001cdb35cf1a0;
L_000001cdb35cf060 .array/port v000001cdb35c9a50, L_000001cdb35cf100;
L_000001cdb35cf880 .concat [ 5 28 0 0], L_000001cdb35cf9c0, L_000001cdb35d0830;
L_000001cdb35cfba0 .part L_000001cdb35cf880, 0, 31;
L_000001cdb35ceac0 .concat [ 2 31 0 0], L_000001cdb35d0878, L_000001cdb35cfba0;
L_000001cdb35cf100 .arith/sum 33, L_000001cdb35ceac0, L_000001cdb35d08c0;
L_000001cdb35cec00 .concat [ 8 0 0 0], L_000001cdb35cf060;
L_000001cdb35ceca0 .array/port v000001cdb35c9a50, L_000001cdb35cff60;
L_000001cdb35ced40 .concat [ 5 28 0 0], L_000001cdb35cf9c0, L_000001cdb35d0908;
L_000001cdb35cf420 .part L_000001cdb35ced40, 0, 31;
L_000001cdb35cef20 .concat [ 2 31 0 0], L_000001cdb35d0950, L_000001cdb35cf420;
L_000001cdb35cff60 .arith/sum 33, L_000001cdb35cef20, L_000001cdb35d0998;
L_000001cdb35cf560 .concat [ 8 0 0 0], L_000001cdb35ceca0;
L_000001cdb35cf240 .concat [ 8 8 8 8], L_000001cdb35cf560, L_000001cdb35cec00, L_000001cdb35cf600, L_000001cdb35ce840;
S_000001cdb35c33a0 .scope module, "shl2_26" "SHL2_26" 3 46, 20 2 0, S_000001cdb3192870;
 .timescale -9 -12;
    .port_info 0 /INPUT 26 "in";
    .port_info 1 /OUTPUT 28 "out";
v000001cdb35c88d0_0 .net *"_ivl_0", 25 0, L_000001cdb35cede0;  1 drivers
L_000001cdb35d09e0 .functor BUFT 1, C4<00>, C4<0>, C4<0>, C4<0>;
v000001cdb35c86f0_0 .net/2u *"_ivl_2", 1 0, L_000001cdb35d09e0;  1 drivers
v000001cdb35c8f10_0 .net "in", 25 0, L_000001cdb35cfc40;  alias, 1 drivers
v000001cdb35c9870_0 .net "out", 27 0, L_000001cdb35cee80;  alias, 1 drivers
L_000001cdb35cede0 .concat [ 26 0 0 0], L_000001cdb35cfc40;
L_000001cdb35cee80 .concat [ 2 26 0 0], L_000001cdb35d09e0, L_000001cdb35cede0;
S_000001cdb35c3d00 .scope module, "shl2_32" "SHL2_32" 3 47, 21 2 0, S_000001cdb3192870;
 .timescale -9 -12;
    .port_info 0 /INPUT 32 "in";
    .port_info 1 /OUTPUT 32 "out";
v000001cdb35c9af0_0 .net *"_ivl_2", 29 0, L_000001cdb35cfd80;  1 drivers
L_000001cdb35d0a28 .functor BUFT 1, C4<00>, C4<0>, C4<0>, C4<0>;
v000001cdb35c8470_0 .net *"_ivl_4", 1 0, L_000001cdb35d0a28;  1 drivers
v000001cdb35c95f0_0 .net "in", 31 0, L_000001cdb362cff0;  alias, 1 drivers
v000001cdb35c8970_0 .net "out", 31 0, L_000001cdb35cf2e0;  alias, 1 drivers
L_000001cdb35cfd80 .part L_000001cdb362cff0, 0, 30;
L_000001cdb35cf2e0 .concat [ 2 30 0 0], L_000001cdb35d0a28, L_000001cdb35cfd80;
S_000001cdb35c3080 .scope module, "sigext" "SigExt" 3 48, 22 2 0, S_000001cdb3192870;
 .timescale -9 -12;
    .port_info 0 /INPUT 16 "in";
    .port_info 1 /OUTPUT 32 "out";
L_000001cdb35d0a70 .functor BUFT 1, C4<0000000000000000>, C4<0>, C4<0>, C4<0>;
v000001cdb35c9370_0 .net/2u *"_ivl_0", 15 0, L_000001cdb35d0a70;  1 drivers
v000001cdb35c8330_0 .net *"_ivl_2", 15 0, L_000001cdb35ce8e0;  1 drivers
v000001cdb35c8150_0 .net "in", 15 0, L_000001cdb35cfa60;  alias, 1 drivers
v000001cdb35c9e10_0 .net "out", 31 0, L_000001cdb35cefc0;  alias, 1 drivers
L_000001cdb35ce8e0 .concat [ 16 0 0 0], L_000001cdb35cfa60;
L_000001cdb35cefc0 .concat [ 16 16 0 0], L_000001cdb35ce8e0, L_000001cdb35d0a70;
S_000001cdb35c3b70 .scope module, "wbmcu" "WBMCU" 3 38, 23 2 0, S_000001cdb3192870;
 .timescale -9 -12;
    .port_info 0 /INPUT 32 "Inst";
    .port_info 1 /OUTPUT 1 "RegDst";
    .port_info 2 /OUTPUT 1 "RegWr";
    .port_info 3 /OUTPUT 1 "MemtoReg";
v000001cdb35c97d0_0 .net "Inst", 31 0, v000001cdb35c1cf0_0;  alias, 1 drivers
v000001cdb35c9b90_0 .var "MemtoReg", 0 0;
v000001cdb35c9910_0 .var "OP_Code", 5 0;
v000001cdb35c8d30_0 .var "RegDst", 0 0;
v000001cdb35c9050_0 .var "RegWr", 0 0;
E_000001cdb31fb360 .event anyedge, v000001cdb35c1cf0_0, v000001cdb35c9910_0;
    .scope S_000001cdb31a8ae0;
T_0 ;
    %wait E_000001cdb31f98e0;
    %pushi/vec4 0, 0, 32;
    %store/vec4 v000001cdb3212620_0, 0, 32;
    %load/vec4 v000001cdb3211400_0;
    %dup/vec4;
    %pushi/vec4 0, 0, 3;
    %cmp/u;
    %jmp/1 T_0.0, 6;
    %dup/vec4;
    %pushi/vec4 1, 0, 3;
    %cmp/u;
    %jmp/1 T_0.1, 6;
    %dup/vec4;
    %pushi/vec4 4, 0, 3;
    %cmp/u;
    %jmp/1 T_0.2, 6;
    %dup/vec4;
    %pushi/vec4 5, 0, 3;
    %cmp/u;
    %jmp/1 T_0.3, 6;
    %dup/vec4;
    %pushi/vec4 6, 0, 3;
    %cmp/u;
    %jmp/1 T_0.4, 6;
    %dup/vec4;
    %pushi/vec4 3, 0, 3;
    %cmp/u;
    %jmp/1 T_0.5, 6;
    %dup/vec4;
    %pushi/vec4 2, 0, 3;
    %cmp/u;
    %jmp/1 T_0.6, 6;
    %jmp T_0.7;
T_0.0 ;
    %load/vec4 v000001cdb32123a0_0;
    %load/vec4 v000001cdb32124e0_0;
    %and;
    %store/vec4 v000001cdb3212620_0, 0, 32;
    %jmp T_0.7;
T_0.1 ;
    %load/vec4 v000001cdb32123a0_0;
    %load/vec4 v000001cdb32124e0_0;
    %or;
    %store/vec4 v000001cdb3212620_0, 0, 32;
    %jmp T_0.7;
T_0.2 ;
    %load/vec4 v000001cdb32123a0_0;
    %load/vec4 v000001cdb32124e0_0;
    %add;
    %store/vec4 v000001cdb3212620_0, 0, 32;
    %load/vec4 v000001cdb32123a0_0;
    %parti/s 1, 31, 6;
    %load/vec4 v000001cdb32124e0_0;
    %parti/s 1, 31, 6;
    %cmp/e;
    %flag_get/vec4 4;
    %load/vec4 v000001cdb3212620_0;
    %parti/s 1, 31, 6;
    %load/vec4 v000001cdb32123a0_0;
    %parti/s 1, 31, 6;
    %cmp/ne;
    %flag_get/vec4 4;
    %and;
    %flag_set/vec4 8;
    %jmp/0 T_0.8, 8;
    %pushi/vec4 1, 0, 2;
    %jmp/1 T_0.9, 8;
T_0.8 ; End of true expr.
    %pushi/vec4 0, 0, 2;
    %jmp/0 T_0.9, 8;
 ; End of false expr.
    %blend;
T_0.9;
    %pad/s 1;
    %store/vec4 v000001cdb3210960_0, 0, 1;
    %jmp T_0.7;
T_0.3 ;
    %load/vec4 v000001cdb32123a0_0;
    %load/vec4 v000001cdb32124e0_0;
    %add;
    %store/vec4 v000001cdb3212620_0, 0, 32;
    %jmp T_0.7;
T_0.4 ;
    %load/vec4 v000001cdb32123a0_0;
    %load/vec4 v000001cdb32124e0_0;
    %sub;
    %store/vec4 v000001cdb3212620_0, 0, 32;
    %load/vec4 v000001cdb32123a0_0;
    %parti/s 1, 31, 6;
    %load/vec4 v000001cdb32124e0_0;
    %parti/s 1, 31, 6;
    %cmp/ne;
    %flag_get/vec4 4;
    %load/vec4 v000001cdb3212620_0;
    %parti/s 1, 31, 6;
    %load/vec4 v000001cdb32124e0_0;
    %parti/s 1, 31, 6;
    %cmp/e;
    %flag_get/vec4 4;
    %and;
    %flag_set/vec4 8;
    %jmp/0 T_0.10, 8;
    %pushi/vec4 1, 0, 2;
    %jmp/1 T_0.11, 8;
T_0.10 ; End of true expr.
    %pushi/vec4 0, 0, 2;
    %jmp/0 T_0.11, 8;
 ; End of false expr.
    %blend;
T_0.11;
    %pad/s 1;
    %store/vec4 v000001cdb3210960_0, 0, 1;
    %jmp T_0.7;
T_0.5 ;
    %load/vec4 v000001cdb32123a0_0;
    %load/vec4 v000001cdb32124e0_0;
    %or;
    %inv;
    %store/vec4 v000001cdb3212620_0, 0, 32;
    %jmp T_0.7;
T_0.6 ;
    %load/vec4 v000001cdb32123a0_0;
    %load/vec4 v000001cdb32124e0_0;
    %cmp/u;
    %flag_mov 8, 5;
    %jmp/0 T_0.12, 8;
    %pushi/vec4 1, 0, 32;
    %jmp/1 T_0.13, 8;
T_0.12 ; End of true expr.
    %pushi/vec4 0, 0, 32;
    %jmp/0 T_0.13, 8;
 ; End of false expr.
    %blend;
T_0.13;
    %store/vec4 v000001cdb3212620_0, 0, 32;
    %jmp T_0.7;
T_0.7 ;
    %pop/vec4 1;
    %load/vec4 v000001cdb3212620_0;
    %cmpi/e 0, 0, 32;
    %flag_mov 8, 4;
    %jmp/0 T_0.14, 8;
    %pushi/vec4 1, 0, 2;
    %jmp/1 T_0.15, 8;
T_0.14 ; End of true expr.
    %pushi/vec4 0, 0, 2;
    %jmp/0 T_0.15, 8;
 ; End of false expr.
    %blend;
T_0.15;
    %pad/s 1;
    %store/vec4 v000001cdb3211720_0, 0, 1;
    %jmp T_0;
    .thread T_0, $push;
    .scope S_000001cdb31a8c70;
T_1 ;
    %wait E_000001cdb31f9ee0;
    %pushi/vec4 0, 0, 3;
    %store/vec4 v000001cdb3210e60_0, 0, 3;
    %load/vec4 v000001cdb3212580_0;
    %dup/vec4;
    %pushi/vec4 0, 0, 2;
    %cmp/u;
    %jmp/1 T_1.0, 6;
    %dup/vec4;
    %pushi/vec4 1, 0, 2;
    %cmp/u;
    %jmp/1 T_1.1, 6;
    %load/vec4 v000001cdb3211180_0;
    %dup/vec4;
    %pushi/vec4 32, 0, 6;
    %cmp/u;
    %jmp/1 T_1.4, 6;
    %dup/vec4;
    %pushi/vec4 33, 0, 6;
    %cmp/u;
    %jmp/1 T_1.5, 6;
    %dup/vec4;
    %pushi/vec4 34, 0, 6;
    %cmp/u;
    %jmp/1 T_1.6, 6;
    %dup/vec4;
    %pushi/vec4 36, 0, 6;
    %cmp/u;
    %jmp/1 T_1.7, 6;
    %dup/vec4;
    %pushi/vec4 37, 0, 6;
    %cmp/u;
    %jmp/1 T_1.8, 6;
    %dup/vec4;
    %pushi/vec4 39, 0, 6;
    %cmp/u;
    %jmp/1 T_1.9, 6;
    %dup/vec4;
    %pushi/vec4 42, 0, 6;
    %cmp/u;
    %jmp/1 T_1.10, 6;
    %jmp T_1.11;
T_1.4 ;
    %pushi/vec4 4, 0, 3;
    %store/vec4 v000001cdb3210e60_0, 0, 3;
    %jmp T_1.11;
T_1.5 ;
    %pushi/vec4 5, 0, 3;
    %store/vec4 v000001cdb3210e60_0, 0, 3;
    %jmp T_1.11;
T_1.6 ;
    %pushi/vec4 6, 0, 3;
    %store/vec4 v000001cdb3210e60_0, 0, 3;
    %jmp T_1.11;
T_1.7 ;
    %pushi/vec4 0, 0, 3;
    %store/vec4 v000001cdb3210e60_0, 0, 3;
    %jmp T_1.11;
T_1.8 ;
    %pushi/vec4 1, 0, 3;
    %store/vec4 v000001cdb3210e60_0, 0, 3;
    %jmp T_1.11;
T_1.9 ;
    %pushi/vec4 3, 0, 3;
    %store/vec4 v000001cdb3210e60_0, 0, 3;
    %jmp T_1.11;
T_1.10 ;
    %pushi/vec4 2, 0, 3;
    %store/vec4 v000001cdb3210e60_0, 0, 3;
    %jmp T_1.11;
T_1.11 ;
    %pop/vec4 1;
    %jmp T_1.3;
T_1.0 ;
    %pushi/vec4 4, 0, 3;
    %store/vec4 v000001cdb3210e60_0, 0, 3;
    %jmp T_1.3;
T_1.1 ;
    %pushi/vec4 6, 0, 3;
    %store/vec4 v000001cdb3210e60_0, 0, 3;
    %jmp T_1.3;
T_1.3 ;
    %pop/vec4 1;
    %jmp T_1;
    .thread T_1, $push;
    .scope S_000001cdb31a8e00;
T_2 ;
    %vpi_call 7 12 "$readmemb", "DM.txt", v000001cdb35bf060 {0 0 0};
    %end;
    .thread T_2;
    .scope S_000001cdb31a8e00;
T_3 ;
    %wait E_000001cdb31f9f20;
    %load/vec4 v000001cdb31d26e0_0;
    %pad/u 32;
    %cmpi/e 1, 0, 32;
    %jmp/0xz  T_3.0, 4;
    %load/vec4 v000001cdb3211220_0;
    %ix/load 5, 2, 0;
    %flag_set/imm 4, 0;
    %shiftl 5;
    %ix/vec4 4;
    %load/vec4a v000001cdb35bf060, 4;
    %load/vec4 v000001cdb3211220_0;
    %pad/u 33;
    %ix/load 5, 2, 0;
    %flag_set/imm 4, 0;
    %shiftl 5;
    %addi 1, 0, 33;
    %ix/vec4 4;
    %load/vec4a v000001cdb35bf060, 4;
    %concat/vec4; draw_concat_vec4
    %load/vec4 v000001cdb3211220_0;
    %pad/u 33;
    %ix/load 5, 2, 0;
    %flag_set/imm 4, 0;
    %shiftl 5;
    %addi 2, 0, 33;
    %ix/vec4 4;
    %load/vec4a v000001cdb35bf060, 4;
    %concat/vec4; draw_concat_vec4
    %load/vec4 v000001cdb3211220_0;
    %pad/u 33;
    %ix/load 5, 2, 0;
    %flag_set/imm 4, 0;
    %shiftl 5;
    %addi 3, 0, 33;
    %ix/vec4 4;
    %load/vec4a v000001cdb35bf060, 4;
    %concat/vec4; draw_concat_vec4
    %store/vec4 v000001cdb35bfb00_0, 0, 32;
T_3.0 ;
    %load/vec4 v000001cdb35bf6a0_0;
    %pad/u 32;
    %cmpi/e 1, 0, 32;
    %jmp/0xz  T_3.2, 4;
    %load/vec4 v000001cdb35c08c0_0;
    %parti/s 8, 24, 6;
    %load/vec4 v000001cdb3211220_0;
    %ix/load 5, 2, 0;
    %flag_set/imm 4, 0;
    %shiftl 5;
    %ix/vec4 4;
    %store/vec4a v000001cdb35bf060, 4, 0;
    %load/vec4 v000001cdb35c08c0_0;
    %parti/s 8, 16, 6;
    %load/vec4 v000001cdb3211220_0;
    %pad/u 33;
    %ix/load 5, 2, 0;
    %flag_set/imm 4, 0;
    %shiftl 5;
    %addi 1, 0, 33;
    %ix/vec4 4;
    %store/vec4a v000001cdb35bf060, 4, 0;
    %load/vec4 v000001cdb35c08c0_0;
    %parti/s 8, 8, 5;
    %load/vec4 v000001cdb3211220_0;
    %pad/u 33;
    %ix/load 5, 2, 0;
    %flag_set/imm 4, 0;
    %shiftl 5;
    %addi 2, 0, 33;
    %ix/vec4 4;
    %store/vec4a v000001cdb35bf060, 4, 0;
    %load/vec4 v000001cdb35c08c0_0;
    %parti/s 8, 0, 2;
    %load/vec4 v000001cdb3211220_0;
    %pad/u 33;
    %ix/load 5, 2, 0;
    %flag_set/imm 4, 0;
    %shiftl 5;
    %addi 3, 0, 33;
    %ix/vec4 4;
    %store/vec4a v000001cdb35bf060, 4, 0;
    %vpi_func 7 24 "$fopen" 32, "DM.txt" {0 0 0};
    %store/vec4 v000001cdb35bf920_0, 0, 32;
    %pushi/vec4 0, 0, 32;
    %store/vec4 v000001cdb35c0aa0_0, 0, 32;
T_3.4 ;
    %load/vec4 v000001cdb35c0aa0_0;
    %cmpi/s 32, 0, 32;
    %jmp/0xz T_3.5, 5;
    %vpi_call 7 26 "$fdisplay", v000001cdb35bf920_0, "%b", &A<v000001cdb35bf060, v000001cdb35c0aa0_0 > {0 0 0};
    %load/vec4 v000001cdb35c0aa0_0;
    %pushi/vec4 4, 0, 32;
    %mod/s;
    %cmpi/e 3, 0, 32;
    %jmp/0xz  T_3.6, 4;
    %vpi_call 7 28 "$fdisplay", v000001cdb35bf920_0, "\000" {0 0 0};
T_3.6 ;
    %load/vec4 v000001cdb35c0aa0_0;
    %addi 1, 0, 32;
    %store/vec4 v000001cdb35c0aa0_0, 0, 32;
    %jmp T_3.4;
T_3.5 ;
    %vpi_call 7 30 "$fclose", v000001cdb35bf920_0 {0 0 0};
T_3.2 ;
    %jmp T_3;
    .thread T_3, $push;
    .scope S_000001cdb31a0950;
T_4 ;
    %vpi_call 12 8 "$readmemb", "IM.txt", v000001cdb35c19d0 {0 0 0};
    %end;
    .thread T_4;
    .scope S_000001cdb31a0950;
T_5 ;
    %wait E_000001cdb31fafa0;
    %ix/getv 4, v000001cdb35c2470_0;
    %load/vec4a v000001cdb35c19d0, 4;
    %load/vec4 v000001cdb35c2470_0;
    %pad/u 33;
    %addi 1, 0, 33;
    %ix/vec4 4;
    %load/vec4a v000001cdb35c19d0, 4;
    %concat/vec4; draw_concat_vec4
    %load/vec4 v000001cdb35c2470_0;
    %pad/u 33;
    %addi 2, 0, 33;
    %ix/vec4 4;
    %load/vec4a v000001cdb35c19d0, 4;
    %concat/vec4; draw_concat_vec4
    %load/vec4 v000001cdb35c2470_0;
    %pad/u 33;
    %addi 3, 0, 33;
    %ix/vec4 4;
    %load/vec4a v000001cdb35c19d0, 4;
    %concat/vec4; draw_concat_vec4
    %store/vec4 v000001cdb35c1110_0, 0, 32;
    %jmp T_5;
    .thread T_5, $push;
    .scope S_000001cdb319ede0;
T_6 ;
    %pushi/vec4 0, 0, 6;
    %store/vec4 v000001cdb35bf240_0, 0, 6;
    %pushi/vec4 0, 0, 2;
    %store/vec4 v000001cdb35c0280_0, 0, 2;
    %pushi/vec4 0, 0, 1;
    %store/vec4 v000001cdb35c06e0_0, 0, 1;
    %end;
    .thread T_6;
    .scope S_000001cdb319ede0;
T_7 ;
    %wait E_000001cdb31fa0e0;
    %load/vec4 v000001cdb35bf4c0_0;
    %parti/s 6, 26, 6;
    %store/vec4 v000001cdb35bf240_0, 0, 6;
    %pushi/vec4 0, 0, 2;
    %store/vec4 v000001cdb35c0280_0, 0, 2;
    %pushi/vec4 0, 0, 1;
    %store/vec4 v000001cdb35c06e0_0, 0, 1;
    %load/vec4 v000001cdb35bf240_0;
    %dup/vec4;
    %pushi/vec4 0, 0, 6;
    %cmp/u;
    %jmp/1 T_7.0, 6;
    %dup/vec4;
    %pushi/vec4 35, 0, 6;
    %cmp/u;
    %jmp/1 T_7.1, 6;
    %dup/vec4;
    %pushi/vec4 43, 0, 6;
    %cmp/u;
    %jmp/1 T_7.2, 6;
    %dup/vec4;
    %pushi/vec4 4, 0, 6;
    %cmp/u;
    %jmp/1 T_7.3, 6;
    %jmp T_7.4;
T_7.0 ;
    %pushi/vec4 2, 0, 2;
    %store/vec4 v000001cdb35c0280_0, 0, 2;
    %jmp T_7.4;
T_7.1 ;
    %pushi/vec4 1, 0, 1;
    %store/vec4 v000001cdb35c06e0_0, 0, 1;
    %jmp T_7.4;
T_7.2 ;
    %pushi/vec4 1, 0, 1;
    %store/vec4 v000001cdb35c06e0_0, 0, 1;
    %jmp T_7.4;
T_7.3 ;
    %pushi/vec4 1, 0, 2;
    %store/vec4 v000001cdb35c0280_0, 0, 2;
    %jmp T_7.4;
T_7.4 ;
    %pop/vec4 1;
    %jmp T_7;
    .thread T_7, $push;
    .scope S_000001cdb31a0ae0;
T_8 ;
    %pushi/vec4 0, 0, 6;
    %store/vec4 v000001cdb35c14d0_0, 0, 6;
    %pushi/vec4 0, 0, 1;
    %store/vec4 v000001cdb35c2ab0_0, 0, 1;
    %pushi/vec4 0, 0, 1;
    %store/vec4 v000001cdb35c1bb0_0, 0, 1;
    %pushi/vec4 0, 0, 1;
    %store/vec4 v000001cdb35c2c90_0, 0, 1;
    %pushi/vec4 0, 0, 1;
    %store/vec4 v000001cdb35c1a70_0, 0, 1;
    %end;
    .thread T_8;
    .scope S_000001cdb31a0ae0;
T_9 ;
    %wait E_000001cdb31fa720;
    %load/vec4 v000001cdb35c17f0_0;
    %parti/s 6, 26, 6;
    %store/vec4 v000001cdb35c14d0_0, 0, 6;
    %pushi/vec4 0, 0, 1;
    %store/vec4 v000001cdb35c2ab0_0, 0, 1;
    %pushi/vec4 0, 0, 1;
    %store/vec4 v000001cdb35c1bb0_0, 0, 1;
    %pushi/vec4 0, 0, 1;
    %store/vec4 v000001cdb35c2c90_0, 0, 1;
    %pushi/vec4 0, 0, 1;
    %store/vec4 v000001cdb35c1a70_0, 0, 1;
    %load/vec4 v000001cdb35c14d0_0;
    %dup/vec4;
    %pushi/vec4 35, 0, 6;
    %cmp/u;
    %jmp/1 T_9.0, 6;
    %dup/vec4;
    %pushi/vec4 43, 0, 6;
    %cmp/u;
    %jmp/1 T_9.1, 6;
    %dup/vec4;
    %pushi/vec4 4, 0, 6;
    %cmp/u;
    %jmp/1 T_9.2, 6;
    %dup/vec4;
    %pushi/vec4 2, 0, 6;
    %cmp/u;
    %jmp/1 T_9.3, 6;
    %jmp T_9.4;
T_9.0 ;
    %pushi/vec4 1, 0, 1;
    %store/vec4 v000001cdb35c2ab0_0, 0, 1;
    %jmp T_9.4;
T_9.1 ;
    %pushi/vec4 1, 0, 1;
    %store/vec4 v000001cdb35c1bb0_0, 0, 1;
    %jmp T_9.4;
T_9.2 ;
    %pushi/vec4 1, 0, 1;
    %store/vec4 v000001cdb35c1a70_0, 0, 1;
    %jmp T_9.4;
T_9.3 ;
    %pushi/vec4 1, 0, 1;
    %store/vec4 v000001cdb35c2c90_0, 0, 1;
    %jmp T_9.4;
T_9.4 ;
    %pop/vec4 1;
    %jmp T_9;
    .thread T_9, $push;
    .scope S_000001cdb35c3b70;
T_10 ;
    %pushi/vec4 0, 0, 6;
    %store/vec4 v000001cdb35c9910_0, 0, 6;
    %pushi/vec4 0, 0, 1;
    %store/vec4 v000001cdb35c9050_0, 0, 1;
    %pushi/vec4 0, 0, 1;
    %store/vec4 v000001cdb35c9b90_0, 0, 1;
    %pushi/vec4 0, 0, 1;
    %store/vec4 v000001cdb35c8d30_0, 0, 1;
    %end;
    .thread T_10;
    .scope S_000001cdb35c3b70;
T_11 ;
    %wait E_000001cdb31fb360;
    %load/vec4 v000001cdb35c97d0_0;
    %parti/s 6, 26, 6;
    %store/vec4 v000001cdb35c9910_0, 0, 6;
    %pushi/vec4 0, 0, 1;
    %store/vec4 v000001cdb35c9050_0, 0, 1;
    %pushi/vec4 0, 0, 1;
    %store/vec4 v000001cdb35c9b90_0, 0, 1;
    %pushi/vec4 0, 0, 1;
    %store/vec4 v000001cdb35c8d30_0, 0, 1;
    %load/vec4 v000001cdb35c9910_0;
    %dup/vec4;
    %pushi/vec4 0, 0, 6;
    %cmp/u;
    %jmp/1 T_11.0, 6;
    %dup/vec4;
    %pushi/vec4 35, 0, 6;
    %cmp/u;
    %jmp/1 T_11.1, 6;
    %jmp T_11.2;
T_11.0 ;
    %pushi/vec4 1, 0, 1;
    %store/vec4 v000001cdb35c8d30_0, 0, 1;
    %pushi/vec4 1, 0, 1;
    %store/vec4 v000001cdb35c9050_0, 0, 1;
    %jmp T_11.2;
T_11.1 ;
    %pushi/vec4 1, 0, 1;
    %store/vec4 v000001cdb35c9050_0, 0, 1;
    %pushi/vec4 1, 0, 1;
    %store/vec4 v000001cdb35c9b90_0, 0, 1;
    %jmp T_11.2;
T_11.2 ;
    %pop/vec4 1;
    %jmp T_11;
    .thread T_11, $push;
    .scope S_000001cdb35c3850;
T_12 ;
    %pushi/vec4 0, 0, 32;
    %store/vec4 v000001cdb35c4c70_0, 0, 32;
    %end;
    .thread T_12;
    .scope S_000001cdb35c3850;
T_13 ;
    %wait E_000001cdb31f9f60;
    %load/vec4 v000001cdb35c5170_0;
    %pad/u 32;
    %cmpi/e 1, 0, 32;
    %jmp/0xz  T_13.0, 4;
    %pushi/vec4 0, 0, 32;
    %store/vec4 v000001cdb35c4c70_0, 0, 32;
    %jmp T_13.1;
T_13.0 ;
    %load/vec4 v000001cdb35c48b0_0;
    %store/vec4 v000001cdb35c4c70_0, 0, 32;
T_13.1 ;
    %jmp T_13;
    .thread T_13;
    .scope S_000001cdb35c3530;
T_14 ;
    %vpi_call 19 15 "$readmemb", "RF.txt", v000001cdb35c9a50 {0 0 0};
    %end;
    .thread T_14;
    .scope S_000001cdb35c3530;
T_15 ;
    %wait E_000001cdb31fb6e0;
    %load/vec4 v000001cdb35c5f30_0;
    %pad/u 32;
    %cmpi/e 1, 0, 32;
    %jmp/0xz  T_15.0, 4;
    %load/vec4 v000001cdb35c4590_0;
    %parti/s 8, 24, 6;
    %load/vec4 v000001cdb35c4450_0;
    %ix/load 5, 2, 0;
    %flag_set/imm 4, 0;
    %shiftl 5;
    %pad/u 7;
    %ix/vec4 4;
    %store/vec4a v000001cdb35c9a50, 4, 0;
    %load/vec4 v000001cdb35c4590_0;
    %parti/s 8, 16, 6;
    %load/vec4 v000001cdb35c4450_0;
    %pad/u 33;
    %ix/load 5, 2, 0;
    %flag_set/imm 4, 0;
    %shiftl 5;
    %addi 1, 0, 33;
    %ix/vec4 4;
    %store/vec4a v000001cdb35c9a50, 4, 0;
    %load/vec4 v000001cdb35c4590_0;
    %parti/s 8, 8, 5;
    %load/vec4 v000001cdb35c4450_0;
    %pad/u 33;
    %ix/load 5, 2, 0;
    %flag_set/imm 4, 0;
    %shiftl 5;
    %addi 2, 0, 33;
    %ix/vec4 4;
    %store/vec4a v000001cdb35c9a50, 4, 0;
    %load/vec4 v000001cdb35c4590_0;
    %parti/s 8, 0, 2;
    %load/vec4 v000001cdb35c4450_0;
    %pad/u 33;
    %ix/load 5, 2, 0;
    %flag_set/imm 4, 0;
    %shiftl 5;
    %addi 3, 0, 33;
    %ix/vec4 4;
    %store/vec4a v000001cdb35c9a50, 4, 0;
T_15.0 ;
    %vpi_func 19 27 "$fopen" 32, "RF.txt" {0 0 0};
    %store/vec4 v000001cdb35c8830_0, 0, 32;
    %pushi/vec4 0, 0, 32;
    %store/vec4 v000001cdb35c99b0_0, 0, 32;
T_15.2 ;
    %load/vec4 v000001cdb35c99b0_0;
    %cmpi/s 32, 0, 32;
    %jmp/0xz T_15.3, 5;
    %vpi_call 19 29 "$fdisplay", v000001cdb35c8830_0, "%b", &A<v000001cdb35c9a50, v000001cdb35c99b0_0 > {0 0 0};
    %load/vec4 v000001cdb35c99b0_0;
    %pushi/vec4 4, 0, 32;
    %mod/s;
    %cmpi/e 3, 0, 32;
    %jmp/0xz  T_15.4, 4;
    %vpi_call 19 31 "$fdisplay", v000001cdb35c8830_0, "\000" {0 0 0};
T_15.4 ;
    %load/vec4 v000001cdb35c99b0_0;
    %addi 1, 0, 32;
    %store/vec4 v000001cdb35c99b0_0, 0, 32;
    %jmp T_15.2;
T_15.3 ;
    %vpi_call 19 33 "$fclose", v000001cdb35c8830_0 {0 0 0};
    %jmp T_15;
    .thread T_15;
    .scope S_000001cdb319ef70;
T_16 ;
    %wait E_000001cdb31f9f60;
    %load/vec4 v000001cdb35bf420_0;
    %assign/vec4 v000001cdb35bf380_0, 0;
    %load/vec4 v000001cdb35bf380_0;
    %assign/vec4 v000001cdb35bff60_0, 0;
    %load/vec4 v000001cdb35c0960_0;
    %assign/vec4 v000001cdb35c0320_0, 0;
    %load/vec4 v000001cdb35c0320_0;
    %assign/vec4 v000001cdb35c0a00_0, 0;
    %load/vec4 v000001cdb35bf380_0;
    %parti/s 6, 26, 6;
    %assign/vec4 v000001cdb35bf740_0, 0;
    %load/vec4 v000001cdb35bf380_0;
    %parti/s 5, 21, 6;
    %assign/vec4 v000001cdb35c0780_0, 0;
    %load/vec4 v000001cdb35bf380_0;
    %parti/s 5, 16, 6;
    %assign/vec4 v000001cdb35c0820_0, 0;
    %load/vec4 v000001cdb35bf380_0;
    %parti/s 16, 0, 2;
    %assign/vec4 v000001cdb35bf100_0, 0;
    %jmp T_16;
    .thread T_16;
    .scope S_000001cdb31a07c0;
T_17 ;
    %wait E_000001cdb31f9f60;
    %load/vec4 v000001cdb35bfc40_0;
    %assign/vec4 v000001cdb35bf9c0_0, 0;
    %load/vec4 v000001cdb35bf9c0_0;
    %assign/vec4 v000001cdb35bfce0_0, 0;
    %load/vec4 v000001cdb35c2b50_0;
    %assign/vec4 v000001cdb35c16b0_0, 0;
    %load/vec4 v000001cdb35c16b0_0;
    %assign/vec4 v000001cdb35c1b10_0, 0;
    %load/vec4 v000001cdb35c1ed0_0;
    %assign/vec4 v000001cdb35c1930_0, 0;
    %load/vec4 v000001cdb35c1930_0;
    %assign/vec4 v000001cdb35c2e70_0, 0;
    %load/vec4 v000001cdb35bf560_0;
    %assign/vec4 v000001cdb35c00a0_0, 0;
    %load/vec4 v000001cdb35c00a0_0;
    %assign/vec4 v000001cdb35bf880_0, 0;
    %load/vec4 v000001cdb35bf2e0_0;
    %assign/vec4 v000001cdb35bf1a0_0, 0;
    %load/vec4 v000001cdb35bf1a0_0;
    %assign/vec4 v000001cdb35c0000_0, 0;
    %jmp T_17;
    .thread T_17;
    .scope S_000001cdb31a73b0;
T_18 ;
    %wait E_000001cdb31f9f60;
    %load/vec4 v000001cdb35c0460_0;
    %assign/vec4 v000001cdb35bf600_0, 0;
    %load/vec4 v000001cdb35bf600_0;
    %assign/vec4 v000001cdb35c0c80_0, 0;
    %load/vec4 v000001cdb35bf7e0_0;
    %assign/vec4 v000001cdb35c01e0_0, 0;
    %load/vec4 v000001cdb35c01e0_0;
    %assign/vec4 v000001cdb35c0e60_0, 0;
    %load/vec4 v000001cdb35c0d20_0;
    %assign/vec4 v000001cdb35c0be0_0, 0;
    %load/vec4 v000001cdb35c0be0_0;
    %assign/vec4 v000001cdb35c0f00_0, 0;
    %load/vec4 v000001cdb35c0500_0;
    %assign/vec4 v000001cdb35bfe20_0, 0;
    %load/vec4 v000001cdb35bfe20_0;
    %assign/vec4 v000001cdb35c0b40_0, 0;
    %load/vec4 v000001cdb35c03c0_0;
    %assign/vec4 v000001cdb35c0140_0, 0;
    %load/vec4 v000001cdb35c0140_0;
    %assign/vec4 v000001cdb35bfa60_0, 0;
    %load/vec4 v000001cdb35bfd80_0;
    %assign/vec4 v000001cdb35c0640_0, 0;
    %load/vec4 v000001cdb35c0640_0;
    %assign/vec4 v000001cdb35c05a0_0, 0;
    %jmp T_18;
    .thread T_18;
    .scope S_000001cdb31878d0;
T_19 ;
    %wait E_000001cdb31f9f60;
    %load/vec4 v000001cdb35c1f70_0;
    %assign/vec4 v000001cdb35c1570_0, 0;
    %load/vec4 v000001cdb35c1570_0;
    %assign/vec4 v000001cdb35c26f0_0, 0;
    %load/vec4 v000001cdb35c1d90_0;
    %assign/vec4 v000001cdb35c1c50_0, 0;
    %load/vec4 v000001cdb35c1c50_0;
    %assign/vec4 v000001cdb35c2f10_0, 0;
    %load/vec4 v000001cdb35c2bf0_0;
    %assign/vec4 v000001cdb35c1e30_0, 0;
    %load/vec4 v000001cdb35c1e30_0;
    %assign/vec4 v000001cdb35c1cf0_0, 0;
    %jmp T_19;
    .thread T_19;
    .scope S_000001cdb3561090;
T_20 ;
    %vpi_call 2 10 "$dumpfile", "./build/sc_wave.vcd" {0 0 0};
    %vpi_call 2 11 "$dumpvars", 32'sb00000000000000000000000000000000, S_000001cdb3561090 {0 0 0};
    %pushi/vec4 0, 0, 1;
    %store/vec4 v000001cdb35cc9a0_0, 0, 1;
    %pushi/vec4 1, 0, 1;
    %store/vec4 v000001cdb35cc2c0_0, 0, 1;
    %delay 5000, 0;
    %pushi/vec4 0, 0, 1;
    %store/vec4 v000001cdb35cc2c0_0, 0, 1;
    %delay 5000, 0;
    %pushi/vec4 0, 0, 32;
    %store/vec4 v000001cdb35cd1c0_0, 0, 32;
T_20.0 ;
    %load/vec4 v000001cdb35cd1c0_0;
    %cmpi/s 40, 0, 32;
    %jmp/0xz T_20.1, 5;
    %load/vec4 v000001cdb35cc9a0_0;
    %inv;
    %store/vec4 v000001cdb35cc9a0_0, 0, 1;
    %delay 5000, 0;
    %load/vec4 v000001cdb35cd1c0_0;
    %addi 1, 0, 32;
    %store/vec4 v000001cdb35cd1c0_0, 0, 32;
    %jmp T_20.0;
T_20.1 ;
    %vpi_call 2 21 "$finish" {0 0 0};
    %end;
    .thread T_20;
# The file index is used to find the file name in the following table.
:file_names 24;
    "N/A";
    "<interactive>";
    "./src/SC_CPU_tb.v";
    "./src/SC_CPU.v";
    "./src/ADD32.v";
    "./src/ALU.v";
    "./src/ALUCU.v";
    "./src/DM.v";
    "./src/EXMA.v";
    "./src/EXMCU.v";
    "./src/FIID.v";
    "./src/IDEX.v";
    "./src/IM.v";
    "./src/MAMCU.v";
    "./src/MAWB.v";
    "./src/MUX32_2.v";
    "./src/MUX32_4.v";
    "./src/MUX5.v";
    "./src/PC.v";
    "./src/RF.v";
    "./src/SHL2_26.v";
    "./src/SHL2_32.v";
    "./src/SigExt.v";
    "./src/WBMCU.v";
